{"C:\\Users\\craig\\Documents\\Git\\download-nexus\\background.js": {"path":"C:\\Users\\craig\\Documents\\Git\\download-nexus\\background.js","statementMap":{"0":{"start":{"line":7,"column":34},"end":{"line":7,"column":39}},"1":{"start":{"line":10,"column":2},"end":{"line":13,"column":3}},"2":{"start":{"line":11,"column":4},"end":{"line":11,"column":88}},"3":{"start":{"line":12,"column":4},"end":{"line":12,"column":11}},"4":{"start":{"line":15,"column":2},"end":{"line":15,"column":37}},"5":{"start":{"line":17,"column":2},"end":{"line":46,"column":3}},"6":{"start":{"line":18,"column":4},"end":{"line":21,"column":5}},"7":{"start":{"line":19,"column":6},"end":{"line":19,"column":77}},"8":{"start":{"line":20,"column":6},"end":{"line":20,"column":13}},"9":{"start":{"line":23,"column":4},"end":{"line":30,"column":5}},"10":{"start":{"line":24,"column":6},"end":{"line":26,"column":9}},"11":{"start":{"line":27,"column":6},"end":{"line":27,"column":85}},"12":{"start":{"line":29,"column":6},"end":{"line":29,"column":81}},"13":{"start":{"line":32,"column":4},"end":{"line":39,"column":7}},"14":{"start":{"line":41,"column":4},"end":{"line":41,"column":85}},"15":{"start":{"line":43,"column":4},"end":{"line":43,"column":133}},"16":{"start":{"line":45,"column":4},"end":{"line":45,"column":40}},"17":{"start":{"line":50,"column":2},"end":{"line":50,"column":90}},"18":{"start":{"line":51,"column":2},"end":{"line":112,"column":3}},"19":{"start":{"line":52,"column":4},"end":{"line":55,"column":5}},"20":{"start":{"line":53,"column":6},"end":{"line":53,"column":84}},"21":{"start":{"line":54,"column":6},"end":{"line":54,"column":13}},"22":{"start":{"line":57,"column":20},"end":{"line":59,"column":6}},"23":{"start":{"line":61,"column":4},"end":{"line":61,"column":81}},"24":{"start":{"line":63,"column":23},"end":{"line":63,"column":24}},"25":{"start":{"line":64,"column":23},"end":{"line":64,"column":24}},"26":{"start":{"line":66,"column":4},"end":{"line":107,"column":5}},"27":{"start":{"line":67,"column":6},"end":{"line":67,"column":28}},"28":{"start":{"line":67,"column":19},"end":{"line":67,"column":28}},"29":{"start":{"line":69,"column":6},"end":{"line":106,"column":7}},"30":{"start":{"line":70,"column":26},"end":{"line":70,"column":49}},"31":{"start":{"line":71,"column":23},"end":{"line":71,"column":43}},"32":{"start":{"line":73,"column":8},"end":{"line":79,"column":9}},"33":{"start":{"line":77,"column":10},"end":{"line":77,"column":103}},"34":{"start":{"line":78,"column":10},"end":{"line":78,"column":19}},"35":{"start":{"line":81,"column":8},"end":{"line":81,"column":103}},"36":{"start":{"line":83,"column":33},"end":{"line":86,"column":10}},"37":{"start":{"line":88,"column":26},"end":{"line":88,"column":65}},"38":{"start":{"line":89,"column":31},"end":{"line":91,"column":9}},"39":{"start":{"line":90,"column":10},"end":{"line":90,"column":98}},"40":{"start":{"line":90,"column":27},"end":{"line":90,"column":86}},"41":{"start":{"line":93,"column":8},"end":{"line":93,"column":63}},"42":{"start":{"line":94,"column":8},"end":{"line":94,"column":23}},"43":{"start":{"line":95,"column":8},"end":{"line":95,"column":77}},"44":{"start":{"line":97,"column":23},"end":{"line":97,"column":71}},"45":{"start":{"line":99,"column":8},"end":{"line":102,"column":9}},"46":{"start":{"line":100,"column":10},"end":{"line":100,"column":100}},"47":{"start":{"line":101,"column":10},"end":{"line":101,"column":19}},"48":{"start":{"line":104,"column":8},"end":{"line":104,"column":23}},"49":{"start":{"line":105,"column":8},"end":{"line":105,"column":96}},"50":{"start":{"line":109,"column":4},"end":{"line":109,"column":120}},"51":{"start":{"line":111,"column":4},"end":{"line":111,"column":126}},"52":{"start":{"line":120,"column":4},"end":{"line":120,"column":23}},"53":{"start":{"line":121,"column":4},"end":{"line":121,"column":25}},"54":{"start":{"line":125,"column":4},"end":{"line":125,"column":53}},"55":{"start":{"line":131,"column":4},"end":{"line":133,"column":5}},"56":{"start":{"line":132,"column":6},"end":{"line":132,"column":78}},"57":{"start":{"line":134,"column":4},"end":{"line":134,"column":32}},"58":{"start":{"line":135,"column":16},"end":{"line":135,"column":59}},"59":{"start":{"line":136,"column":20},"end":{"line":136,"column":137}},"60":{"start":{"line":137,"column":17},"end":{"line":137,"column":79}},"61":{"start":{"line":138,"column":17},"end":{"line":138,"column":34}},"62":{"start":{"line":139,"column":17},"end":{"line":139,"column":33}},"63":{"start":{"line":140,"column":4},"end":{"line":140,"column":97}},"64":{"start":{"line":140,"column":23},"end":{"line":140,"column":97}},"65":{"start":{"line":141,"column":4},"end":{"line":141,"column":36}},"66":{"start":{"line":142,"column":4},"end":{"line":142,"column":66}},"67":{"start":{"line":147,"column":22},"end":{"line":159,"column":5}},"68":{"start":{"line":160,"column":4},"end":{"line":160,"column":45}},"69":{"start":{"line":164,"column":16},"end":{"line":164,"column":53}},"70":{"start":{"line":165,"column":16},"end":{"line":165,"column":150}},"71":{"start":{"line":166,"column":17},"end":{"line":166,"column":78}},"72":{"start":{"line":167,"column":17},"end":{"line":167,"column":34}},"73":{"start":{"line":168,"column":17},"end":{"line":168,"column":33}},"74":{"start":{"line":169,"column":4},"end":{"line":169,"column":98}},"75":{"start":{"line":169,"column":23},"end":{"line":169,"column":98}},"76":{"start":{"line":170,"column":18},"end":{"line":170,"column":39}},"77":{"start":{"line":172,"column":4},"end":{"line":175,"column":8}},"78":{"start":{"line":172,"column":27},"end":{"line":175,"column":5}},"79":{"start":{"line":179,"column":21},"end":{"line":179,"column":46}},"80":{"start":{"line":180,"column":25},"end":{"line":180,"column":53}},"81":{"start":{"line":182,"column":4},"end":{"line":184,"column":5}},"82":{"start":{"line":183,"column":6},"end":{"line":183,"column":76}},"83":{"start":{"line":186,"column":4},"end":{"line":186,"column":69}},"84":{"start":{"line":190,"column":16},"end":{"line":190,"column":53}},"85":{"start":{"line":191,"column":4},"end":{"line":191,"column":52}},"86":{"start":{"line":197,"column":4},"end":{"line":197,"column":25}},"87":{"start":{"line":198,"column":4},"end":{"line":198,"column":80}},"88":{"start":{"line":202,"column":4},"end":{"line":204,"column":5}},"89":{"start":{"line":203,"column":6},"end":{"line":203,"column":67}},"90":{"start":{"line":207,"column":4},"end":{"line":209,"column":5}},"91":{"start":{"line":208,"column":6},"end":{"line":208,"column":86}},"92":{"start":{"line":211,"column":4},"end":{"line":225,"column":5}},"93":{"start":{"line":212,"column":6},"end":{"line":218,"column":7}},"94":{"start":{"line":214,"column":8},"end":{"line":214,"column":48}},"95":{"start":{"line":217,"column":8},"end":{"line":217,"column":28}},"96":{"start":{"line":219,"column":6},"end":{"line":219,"column":71}},"97":{"start":{"line":221,"column":6},"end":{"line":223,"column":7}},"98":{"start":{"line":222,"column":8},"end":{"line":222,"column":85}},"99":{"start":{"line":224,"column":6},"end":{"line":224,"column":16}},"100":{"start":{"line":229,"column":17},"end":{"line":229,"column":52}},"101":{"start":{"line":230,"column":17},"end":{"line":230,"column":34}},"102":{"start":{"line":231,"column":15},"end":{"line":231,"column":31}},"103":{"start":{"line":232,"column":4},"end":{"line":232,"column":40}},"104":{"start":{"line":232,"column":30},"end":{"line":232,"column":40}},"105":{"start":{"line":234,"column":18},"end":{"line":246,"column":7}},"106":{"start":{"line":234,"column":33},"end":{"line":246,"column":5}},"107":{"start":{"line":247,"column":4},"end":{"line":247,"column":130}},"108":{"start":{"line":248,"column":4},"end":{"line":248,"column":17}},"109":{"start":{"line":253,"column":21},"end":{"line":275,"column":5}},"110":{"start":{"line":276,"column":4},"end":{"line":276,"column":42}},"111":{"start":{"line":280,"column":21},"end":{"line":280,"column":46}},"112":{"start":{"line":281,"column":25},"end":{"line":281,"column":53}},"113":{"start":{"line":283,"column":4},"end":{"line":285,"column":5}},"114":{"start":{"line":284,"column":6},"end":{"line":284,"column":76}},"115":{"start":{"line":287,"column":19},"end":{"line":287,"column":22}},"116":{"start":{"line":288,"column":4},"end":{"line":291,"column":5}},"117":{"start":{"line":289,"column":28},"end":{"line":289,"column":58}},"118":{"start":{"line":290,"column":6},"end":{"line":290,"column":54}},"119":{"start":{"line":294,"column":4},"end":{"line":296,"column":5}},"120":{"start":{"line":295,"column":6},"end":{"line":295,"column":26}},"121":{"start":{"line":298,"column":21},"end":{"line":298,"column":35}},"122":{"start":{"line":299,"column":4},"end":{"line":299,"column":38}},"123":{"start":{"line":300,"column":17},"end":{"line":303,"column":6}},"124":{"start":{"line":306,"column":4},"end":{"line":308,"column":5}},"125":{"start":{"line":307,"column":6},"end":{"line":307,"column":13}},"126":{"start":{"line":310,"column":17},"end":{"line":310,"column":34}},"127":{"start":{"line":312,"column":4},"end":{"line":314,"column":5}},"128":{"start":{"line":313,"column":6},"end":{"line":313,"column":58}},"129":{"start":{"line":319,"column":22},"end":{"line":323,"column":5}},"130":{"start":{"line":325,"column":21},"end":{"line":325,"column":38}},"131":{"start":{"line":326,"column":4},"end":{"line":326,"column":64}},"132":{"start":{"line":326,"column":19},"end":{"line":326,"column":64}},"133":{"start":{"line":328,"column":4},"end":{"line":344,"column":7}},"134":{"start":{"line":329,"column":21},"end":{"line":329,"column":42}},"135":{"start":{"line":330,"column":6},"end":{"line":330,"column":45}},"136":{"start":{"line":331,"column":6},"end":{"line":333,"column":7}},"137":{"start":{"line":332,"column":8},"end":{"line":332,"column":46}},"138":{"start":{"line":334,"column":19},"end":{"line":338,"column":8}},"139":{"start":{"line":339,"column":19},"end":{"line":339,"column":36}},"140":{"start":{"line":341,"column":6},"end":{"line":343,"column":7}},"141":{"start":{"line":342,"column":8},"end":{"line":342,"column":67}},"142":{"start":{"line":350,"column":4},"end":{"line":352,"column":5}},"143":{"start":{"line":351,"column":6},"end":{"line":351,"column":13}},"144":{"start":{"line":354,"column":19},"end":{"line":354,"column":55}},"145":{"start":{"line":355,"column":16},"end":{"line":355,"column":87}},"146":{"start":{"line":356,"column":20},"end":{"line":356,"column":73}},"147":{"start":{"line":357,"column":17},"end":{"line":357,"column":38}},"148":{"start":{"line":358,"column":4},"end":{"line":358,"column":50}},"149":{"start":{"line":359,"column":4},"end":{"line":359,"column":50}},"150":{"start":{"line":361,"column":4},"end":{"line":384,"column":5}},"151":{"start":{"line":362,"column":19},"end":{"line":375,"column":8}},"152":{"start":{"line":377,"column":6},"end":{"line":379,"column":7}},"153":{"start":{"line":378,"column":8},"end":{"line":378,"column":20}},"154":{"start":{"line":380,"column":23},"end":{"line":380,"column":40}},"155":{"start":{"line":381,"column":6},"end":{"line":381,"column":72}},"156":{"start":{"line":383,"column":6},"end":{"line":383,"column":58}},"157":{"start":{"line":388,"column":16},"end":{"line":388,"column":50}},"158":{"start":{"line":389,"column":20},"end":{"line":389,"column":35}},"159":{"start":{"line":392,"column":20},"end":{"line":392,"column":41}},"160":{"start":{"line":393,"column":4},"end":{"line":395,"column":5}},"161":{"start":{"line":394,"column":6},"end":{"line":394,"column":52}},"162":{"start":{"line":398,"column":4},"end":{"line":398,"column":33}},"163":{"start":{"line":399,"column":4},"end":{"line":399,"column":32}},"164":{"start":{"line":401,"column":4},"end":{"line":407,"column":5}},"165":{"start":{"line":402,"column":6},"end":{"line":402,"column":68}},"166":{"start":{"line":403,"column":6},"end":{"line":403,"column":92}},"167":{"start":{"line":404,"column":6},"end":{"line":404,"column":52}},"168":{"start":{"line":405,"column":6},"end":{"line":405,"column":51}},"169":{"start":{"line":406,"column":6},"end":{"line":406,"column":93}},"170":{"start":{"line":409,"column":17},"end":{"line":409,"column":58}},"171":{"start":{"line":410,"column":4},"end":{"line":410,"column":88}},"172":{"start":{"line":410,"column":52},"end":{"line":410,"column":88}},"173":{"start":{"line":411,"column":4},"end":{"line":411,"column":68}},"174":{"start":{"line":411,"column":18},"end":{"line":411,"column":68}},"175":{"start":{"line":412,"column":4},"end":{"line":412,"column":16}},"176":{"start":{"line":416,"column":4},"end":{"line":425,"column":5}},"177":{"start":{"line":417,"column":6},"end":{"line":417,"column":27}},"178":{"start":{"line":420,"column":6},"end":{"line":423,"column":7}},"179":{"start":{"line":421,"column":8},"end":{"line":421,"column":28}},"180":{"start":{"line":422,"column":8},"end":{"line":422,"column":29}},"181":{"start":{"line":424,"column":6},"end":{"line":424,"column":16}},"182":{"start":{"line":429,"column":19},"end":{"line":429,"column":55}},"183":{"start":{"line":430,"column":4},"end":{"line":430,"column":65}},"184":{"start":{"line":436,"column":4},"end":{"line":438,"column":5}},"185":{"start":{"line":437,"column":6},"end":{"line":437,"column":67}},"186":{"start":{"line":439,"column":16},"end":{"line":439,"column":40}},"187":{"start":{"line":440,"column":17},"end":{"line":443,"column":6}},"188":{"start":{"line":444,"column":4},"end":{"line":444,"column":89}},"189":{"start":{"line":444,"column":18},"end":{"line":444,"column":89}},"190":{"start":{"line":445,"column":4},"end":{"line":445,"column":71}},"191":{"start":{"line":449,"column":17},"end":{"line":449,"column":96}},"192":{"start":{"line":450,"column":20},"end":{"line":453,"column":5}},"193":{"start":{"line":454,"column":4},"end":{"line":454,"column":63}},"194":{"start":{"line":454,"column":14},"end":{"line":454,"column":63}},"195":{"start":{"line":456,"column":17},"end":{"line":461,"column":5}},"196":{"start":{"line":463,"column":17},"end":{"line":467,"column":6}},"197":{"start":{"line":469,"column":4},"end":{"line":472,"column":5}},"198":{"start":{"line":471,"column":6},"end":{"line":471,"column":30}},"199":{"start":{"line":474,"column":17},"end":{"line":474,"column":34}},"200":{"start":{"line":475,"column":4},"end":{"line":477,"column":5}},"201":{"start":{"line":476,"column":6},"end":{"line":476,"column":74}},"202":{"start":{"line":479,"column":21},"end":{"line":479,"column":51}},"203":{"start":{"line":480,"column":4},"end":{"line":492,"column":8}},"204":{"start":{"line":480,"column":30},"end":{"line":492,"column":5}},"205":{"start":{"line":496,"column":21},"end":{"line":496,"column":46}},"206":{"start":{"line":497,"column":25},"end":{"line":497,"column":53}},"207":{"start":{"line":499,"column":4},"end":{"line":501,"column":5}},"208":{"start":{"line":500,"column":6},"end":{"line":500,"column":76}},"209":{"start":{"line":503,"column":17},"end":{"line":503,"column":96}},"210":{"start":{"line":504,"column":20},"end":{"line":507,"column":5}},"211":{"start":{"line":508,"column":4},"end":{"line":508,"column":63}},"212":{"start":{"line":508,"column":14},"end":{"line":508,"column":63}},"213":{"start":{"line":510,"column":19},"end":{"line":510,"column":23}},"214":{"start":{"line":511,"column":4},"end":{"line":514,"column":5}},"215":{"start":{"line":512,"column":28},"end":{"line":512,"column":58}},"216":{"start":{"line":513,"column":6},"end":{"line":513,"column":52}},"217":{"start":{"line":516,"column":17},"end":{"line":522,"column":5}},"218":{"start":{"line":524,"column":17},"end":{"line":528,"column":6}},"219":{"start":{"line":530,"column":17},"end":{"line":530,"column":34}},"220":{"start":{"line":531,"column":4},"end":{"line":533,"column":5}},"221":{"start":{"line":532,"column":6},"end":{"line":532,"column":73}},"222":{"start":{"line":537,"column":22},"end":{"line":541,"column":5}},"223":{"start":{"line":543,"column":31},"end":{"line":543,"column":48}},"224":{"start":{"line":544,"column":4},"end":{"line":544,"column":74}},"225":{"start":{"line":544,"column":29},"end":{"line":544,"column":74}},"226":{"start":{"line":546,"column":17},"end":{"line":546,"column":96}},"227":{"start":{"line":547,"column":20},"end":{"line":550,"column":5}},"228":{"start":{"line":551,"column":4},"end":{"line":551,"column":63}},"229":{"start":{"line":551,"column":14},"end":{"line":551,"column":63}},"230":{"start":{"line":553,"column":17},"end":{"line":558,"column":5}},"231":{"start":{"line":556,"column":27},"end":{"line":556,"column":39}},"232":{"start":{"line":560,"column":17},"end":{"line":564,"column":6}},"233":{"start":{"line":566,"column":17},"end":{"line":566,"column":34}},"234":{"start":{"line":567,"column":4},"end":{"line":569,"column":5}},"235":{"start":{"line":568,"column":6},"end":{"line":568,"column":68}},"236":{"start":{"line":574,"column":21},"end":{"line":582,"column":5}},"237":{"start":{"line":583,"column":4},"end":{"line":583,"column":47}},"238":{"start":{"line":587,"column":19},"end":{"line":587,"column":55}},"239":{"start":{"line":588,"column":4},"end":{"line":588,"column":65}},"240":{"start":{"line":592,"column":17},"end":{"line":592,"column":96}},"241":{"start":{"line":593,"column":20},"end":{"line":595,"column":5}},"242":{"start":{"line":596,"column":4},"end":{"line":596,"column":63}},"243":{"start":{"line":596,"column":14},"end":{"line":596,"column":63}},"244":{"start":{"line":598,"column":17},"end":{"line":602,"column":6}},"245":{"start":{"line":604,"column":22},"end":{"line":604,"column":67}},"246":{"start":{"line":605,"column":4},"end":{"line":605,"column":36}},"247":{"start":{"line":605,"column":19},"end":{"line":605,"column":36}},"248":{"start":{"line":607,"column":4},"end":{"line":607,"column":61}},"249":{"start":{"line":613,"column":4},"end":{"line":613,"column":25}},"250":{"start":{"line":614,"column":4},"end":{"line":614,"column":31}},"251":{"start":{"line":615,"column":4},"end":{"line":615,"column":34}},"252":{"start":{"line":619,"column":19},"end":{"line":619,"column":55}},"253":{"start":{"line":620,"column":4},"end":{"line":620,"column":65}},"254":{"start":{"line":624,"column":4},"end":{"line":624,"column":38}},"255":{"start":{"line":624,"column":31},"end":{"line":624,"column":38}},"256":{"start":{"line":626,"column":4},"end":{"line":628,"column":5}},"257":{"start":{"line":627,"column":6},"end":{"line":627,"column":56}},"258":{"start":{"line":630,"column":4},"end":{"line":630,"column":73}},"259":{"start":{"line":631,"column":17},"end":{"line":631,"column":73}},"260":{"start":{"line":633,"column":4},"end":{"line":636,"column":5}},"261":{"start":{"line":634,"column":6},"end":{"line":634,"column":74}},"262":{"start":{"line":635,"column":6},"end":{"line":635,"column":77}},"263":{"start":{"line":638,"column":4},"end":{"line":652,"column":5}},"264":{"start":{"line":639,"column":6},"end":{"line":639,"column":62}},"265":{"start":{"line":642,"column":6},"end":{"line":648,"column":7}},"266":{"start":{"line":643,"column":8},"end":{"line":643,"column":65}},"267":{"start":{"line":644,"column":8},"end":{"line":644,"column":37}},"268":{"start":{"line":646,"column":8},"end":{"line":646,"column":83}},"269":{"start":{"line":647,"column":8},"end":{"line":647,"column":152}},"270":{"start":{"line":650,"column":6},"end":{"line":650,"column":85}},"271":{"start":{"line":651,"column":6},"end":{"line":651,"column":97}},"272":{"start":{"line":656,"column":4},"end":{"line":658,"column":5}},"273":{"start":{"line":657,"column":6},"end":{"line":657,"column":67}},"274":{"start":{"line":659,"column":4},"end":{"line":667,"column":5}},"275":{"start":{"line":660,"column":6},"end":{"line":660,"column":102}},"276":{"start":{"line":661,"column":6},"end":{"line":661,"column":40}},"277":{"start":{"line":662,"column":6},"end":{"line":662,"column":77}},"278":{"start":{"line":663,"column":6},"end":{"line":663,"column":45}},"279":{"start":{"line":665,"column":6},"end":{"line":665,"column":71}},"280":{"start":{"line":666,"column":6},"end":{"line":666,"column":66}},"281":{"start":{"line":671,"column":4},"end":{"line":671,"column":52}},"282":{"start":{"line":672,"column":4},"end":{"line":672,"column":38}},"283":{"start":{"line":673,"column":4},"end":{"line":673,"column":81}},"284":{"start":{"line":674,"column":17},"end":{"line":677,"column":6}},"285":{"start":{"line":678,"column":4},"end":{"line":678,"column":103}},"286":{"start":{"line":680,"column":4},"end":{"line":680,"column":81}},"287":{"start":{"line":680,"column":20},"end":{"line":680,"column":81}},"288":{"start":{"line":682,"column":21},"end":{"line":682,"column":38}},"289":{"start":{"line":683,"column":4},"end":{"line":696,"column":8}},"290":{"start":{"line":683,"column":56},"end":{"line":696,"column":5}},"291":{"start":{"line":701,"column":21},"end":{"line":709,"column":5}},"292":{"start":{"line":710,"column":4},"end":{"line":710,"column":42}},"293":{"start":{"line":714,"column":4},"end":{"line":714,"column":38}},"294":{"start":{"line":715,"column":21},"end":{"line":715,"column":46}},"295":{"start":{"line":716,"column":25},"end":{"line":716,"column":53}},"296":{"start":{"line":718,"column":4},"end":{"line":720,"column":5}},"297":{"start":{"line":719,"column":6},"end":{"line":719,"column":76}},"298":{"start":{"line":722,"column":20},"end":{"line":722,"column":22}},"299":{"start":{"line":723,"column":4},"end":{"line":723,"column":61}},"300":{"start":{"line":723,"column":21},"end":{"line":723,"column":61}},"301":{"start":{"line":725,"column":4},"end":{"line":733,"column":5}},"302":{"start":{"line":726,"column":19},"end":{"line":726,"column":77}},"303":{"start":{"line":727,"column":6},"end":{"line":727,"column":82}},"304":{"start":{"line":727,"column":22},"end":{"line":727,"column":82}},"305":{"start":{"line":729,"column":28},"end":{"line":729,"column":58}},"306":{"start":{"line":730,"column":23},"end":{"line":730,"column":57}},"307":{"start":{"line":731,"column":19},"end":{"line":731,"column":84}},"308":{"start":{"line":732,"column":6},"end":{"line":732,"column":90}},"309":{"start":{"line":732,"column":22},"end":{"line":732,"column":90}},"310":{"start":{"line":737,"column":4},"end":{"line":737,"column":38}},"311":{"start":{"line":738,"column":4},"end":{"line":747,"column":5}},"312":{"start":{"line":739,"column":19},"end":{"line":739,"column":64}},"313":{"start":{"line":740,"column":6},"end":{"line":740,"column":84}},"314":{"start":{"line":740,"column":22},"end":{"line":740,"column":84}},"315":{"start":{"line":741,"column":11},"end":{"line":747,"column":5}},"316":{"start":{"line":742,"column":19},"end":{"line":742,"column":65}},"317":{"start":{"line":743,"column":6},"end":{"line":743,"column":85}},"318":{"start":{"line":743,"column":22},"end":{"line":743,"column":85}},"319":{"start":{"line":744,"column":11},"end":{"line":747,"column":5}},"320":{"start":{"line":745,"column":19},"end":{"line":745,"column":72}},"321":{"start":{"line":746,"column":6},"end":{"line":746,"column":85}},"322":{"start":{"line":746,"column":22},"end":{"line":746,"column":85}},"323":{"start":{"line":751,"column":4},"end":{"line":751,"column":40}},"324":{"start":{"line":757,"column":20},"end":{"line":757,"column":54}},"325":{"start":{"line":758,"column":16},"end":{"line":758,"column":41}},"326":{"start":{"line":760,"column":4},"end":{"line":760,"column":96}},"327":{"start":{"line":762,"column":4},"end":{"line":798,"column":5}},"328":{"start":{"line":763,"column":22},"end":{"line":766,"column":7}},"329":{"start":{"line":769,"column":6},"end":{"line":771,"column":7}},"330":{"start":{"line":770,"column":8},"end":{"line":770,"column":48}},"331":{"start":{"line":773,"column":19},"end":{"line":778,"column":8}},"332":{"start":{"line":780,"column":6},"end":{"line":780,"column":59}},"333":{"start":{"line":780,"column":20},"end":{"line":780,"column":59}},"334":{"start":{"line":783,"column":24},"end":{"line":783,"column":54}},"335":{"start":{"line":784,"column":6},"end":{"line":786,"column":7}},"336":{"start":{"line":785,"column":8},"end":{"line":785,"column":54}},"337":{"start":{"line":788,"column":19},"end":{"line":788,"column":36}},"338":{"start":{"line":789,"column":6},"end":{"line":789,"column":119}},"339":{"start":{"line":792,"column":6},"end":{"line":794,"column":7}},"340":{"start":{"line":793,"column":8},"end":{"line":793,"column":59}},"341":{"start":{"line":795,"column":6},"end":{"line":795,"column":18}},"342":{"start":{"line":797,"column":6},"end":{"line":797,"column":59}},"343":{"start":{"line":804,"column":4},"end":{"line":806,"column":5}},"344":{"start":{"line":805,"column":6},"end":{"line":805,"column":67}},"345":{"start":{"line":807,"column":19},"end":{"line":807,"column":54}},"346":{"start":{"line":808,"column":4},"end":{"line":808,"column":69}},"347":{"start":{"line":808,"column":26},"end":{"line":808,"column":69}},"348":{"start":{"line":809,"column":4},"end":{"line":809,"column":49}},"349":{"start":{"line":813,"column":21},"end":{"line":813,"column":46}},"350":{"start":{"line":814,"column":22},"end":{"line":814,"column":50}},"351":{"start":{"line":815,"column":19},"end":{"line":815,"column":74}},"352":{"start":{"line":816,"column":18},"end":{"line":816,"column":42}},"353":{"start":{"line":818,"column":4},"end":{"line":820,"column":5}},"354":{"start":{"line":819,"column":6},"end":{"line":819,"column":83}},"355":{"start":{"line":822,"column":15},"end":{"line":822,"column":20}},"356":{"start":{"line":825,"column":4},"end":{"line":831,"column":5}},"357":{"start":{"line":826,"column":28},"end":{"line":826,"column":58}},"358":{"start":{"line":827,"column":21},"end":{"line":827,"column":55}},"359":{"start":{"line":828,"column":21},"end":{"line":828,"column":111}},"360":{"start":{"line":829,"column":6},"end":{"line":829,"column":62}},"361":{"start":{"line":829,"column":19},"end":{"line":829,"column":62}},"362":{"start":{"line":830,"column":6},"end":{"line":830,"column":13}},"363":{"start":{"line":834,"column":20},"end":{"line":834,"column":59}},"364":{"start":{"line":835,"column":19},"end":{"line":835,"column":67}},"365":{"start":{"line":836,"column":4},"end":{"line":836,"column":56}},"366":{"start":{"line":836,"column":17},"end":{"line":836,"column":56}},"367":{"start":{"line":840,"column":4},"end":{"line":877,"column":5}},"368":{"start":{"line":841,"column":21},"end":{"line":841,"column":144}},"369":{"start":{"line":842,"column":21},"end":{"line":842,"column":66}},"370":{"start":{"line":843,"column":22},"end":{"line":843,"column":76}},"371":{"start":{"line":844,"column":22},"end":{"line":844,"column":76}},"372":{"start":{"line":846,"column":20},"end":{"line":846,"column":79}},"373":{"start":{"line":847,"column":6},"end":{"line":873,"column":9}},"374":{"start":{"line":848,"column":28},"end":{"line":848,"column":54}},"375":{"start":{"line":849,"column":32},"end":{"line":849,"column":62}},"376":{"start":{"line":850,"column":30},"end":{"line":850,"column":58}},"377":{"start":{"line":851,"column":28},"end":{"line":851,"column":54}},"378":{"start":{"line":852,"column":20},"end":{"line":852,"column":38}},"379":{"start":{"line":855,"column":20},"end":{"line":855,"column":26}},"380":{"start":{"line":856,"column":8},"end":{"line":859,"column":9}},"381":{"start":{"line":857,"column":27},"end":{"line":857,"column":42}},"382":{"start":{"line":858,"column":10},"end":{"line":858,"column":67}},"383":{"start":{"line":860,"column":8},"end":{"line":860,"column":35}},"384":{"start":{"line":862,"column":8},"end":{"line":872,"column":10}},"385":{"start":{"line":875,"column":6},"end":{"line":875,"column":56}},"386":{"start":{"line":876,"column":6},"end":{"line":876,"column":16}},"387":{"start":{"line":881,"column":4},"end":{"line":903,"column":5}},"388":{"start":{"line":882,"column":6},"end":{"line":884,"column":7}},"389":{"start":{"line":883,"column":8},"end":{"line":883,"column":46}},"390":{"start":{"line":885,"column":11},"end":{"line":903,"column":5}},"391":{"start":{"line":886,"column":6},"end":{"line":888,"column":7}},"392":{"start":{"line":887,"column":8},"end":{"line":887,"column":48}},"393":{"start":{"line":889,"column":11},"end":{"line":903,"column":5}},"394":{"start":{"line":890,"column":6},"end":{"line":902,"column":7}},"395":{"start":{"line":891,"column":8},"end":{"line":901,"column":9}},"396":{"start":{"line":893,"column":10},"end":{"line":893,"column":49}},"397":{"start":{"line":896,"column":10},"end":{"line":900,"column":11}},"398":{"start":{"line":897,"column":12},"end":{"line":897,"column":65}},"399":{"start":{"line":899,"column":12},"end":{"line":899,"column":22}},"400":{"start":{"line":907,"column":22},"end":{"line":914,"column":5}},"401":{"start":{"line":915,"column":4},"end":{"line":915,"column":42}},"402":{"start":{"line":919,"column":22},"end":{"line":919,"column":55}},"403":{"start":{"line":920,"column":28},"end":{"line":920,"column":61}},"404":{"start":{"line":921,"column":20},"end":{"line":921,"column":98}},"405":{"start":{"line":922,"column":16},"end":{"line":922,"column":44}},"406":{"start":{"line":924,"column":4},"end":{"line":924,"column":153}},"407":{"start":{"line":926,"column":4},"end":{"line":947,"column":5}},"408":{"start":{"line":927,"column":19},"end":{"line":931,"column":8}},"409":{"start":{"line":933,"column":6},"end":{"line":933,"column":91}},"410":{"start":{"line":935,"column":6},"end":{"line":939,"column":7}},"411":{"start":{"line":936,"column":21},"end":{"line":936,"column":38}},"412":{"start":{"line":937,"column":8},"end":{"line":937,"column":91}},"413":{"start":{"line":938,"column":8},"end":{"line":938,"column":64}},"414":{"start":{"line":941,"column":19},"end":{"line":941,"column":36}},"415":{"start":{"line":942,"column":6},"end":{"line":942,"column":80}},"416":{"start":{"line":942,"column":22},"end":{"line":942,"column":80}},"417":{"start":{"line":943,"column":6},"end":{"line":943,"column":25}},"418":{"start":{"line":945,"column":6},"end":{"line":945,"column":61}},"419":{"start":{"line":946,"column":6},"end":{"line":946,"column":16}},"420":{"start":{"line":951,"column":21},"end":{"line":951,"column":57}},"421":{"start":{"line":952,"column":4},"end":{"line":952,"column":67}},"422":{"start":{"line":957,"column":15},"end":{"line":957,"column":40}},"423":{"start":{"line":958,"column":2},"end":{"line":971,"column":3}},"424":{"start":{"line":960,"column":6},"end":{"line":960,"column":48}},"425":{"start":{"line":962,"column":6},"end":{"line":962,"column":51}},"426":{"start":{"line":964,"column":6},"end":{"line":964,"column":52}},"427":{"start":{"line":966,"column":6},"end":{"line":966,"column":46}},"428":{"start":{"line":968,"column":6},"end":{"line":968,"column":45}},"429":{"start":{"line":970,"column":6},"end":{"line":970,"column":51}},"430":{"start":{"line":976,"column":29},"end":{"line":983,"column":1}},"431":{"start":{"line":987,"column":17},"end":{"line":987,"column":19}},"432":{"start":{"line":988,"column":16},"end":{"line":988,"column":18}},"433":{"start":{"line":989,"column":17},"end":{"line":989,"column":21}},"434":{"start":{"line":993,"column":2},"end":{"line":1001,"column":5}},"435":{"start":{"line":994,"column":4},"end":{"line":1000,"column":7}},"436":{"start":{"line":995,"column":6},"end":{"line":999,"column":7}},"437":{"start":{"line":996,"column":8},"end":{"line":996,"column":41}},"438":{"start":{"line":998,"column":8},"end":{"line":998,"column":24}},"439":{"start":{"line":1005,"column":2},"end":{"line":1013,"column":5}},"440":{"start":{"line":1006,"column":4},"end":{"line":1012,"column":7}},"441":{"start":{"line":1007,"column":6},"end":{"line":1011,"column":7}},"442":{"start":{"line":1008,"column":8},"end":{"line":1008,"column":41}},"443":{"start":{"line":1010,"column":8},"end":{"line":1010,"column":18}},"444":{"start":{"line":1017,"column":0},"end":{"line":1029,"column":5}},"445":{"start":{"line":1018,"column":2},"end":{"line":1028,"column":3}},"446":{"start":{"line":1019,"column":19},"end":{"line":1019,"column":53}},"447":{"start":{"line":1020,"column":21},"end":{"line":1020,"column":48}},"448":{"start":{"line":1021,"column":22},"end":{"line":1021,"column":77}},"449":{"start":{"line":1022,"column":20},"end":{"line":1022,"column":75}},"450":{"start":{"line":1023,"column":20},"end":{"line":1023,"column":66}},"451":{"start":{"line":1024,"column":4},"end":{"line":1024,"column":50}},"452":{"start":{"line":1025,"column":4},"end":{"line":1025,"column":53}},"453":{"start":{"line":1027,"column":4},"end":{"line":1027,"column":60}},"454":{"start":{"line":1032,"column":16},"end":{"line":1037,"column":3}},"455":{"start":{"line":1038,"column":2},"end":{"line":1038,"column":23}},"456":{"start":{"line":1039,"column":2},"end":{"line":1039,"column":46}},"457":{"start":{"line":1039,"column":29},"end":{"line":1039,"column":46}},"458":{"start":{"line":1041,"column":18},"end":{"line":1041,"column":82}},"459":{"start":{"line":1042,"column":2},"end":{"line":1044,"column":4}},"460":{"start":{"line":1047,"column":2},"end":{"line":1047,"column":26}},"461":{"start":{"line":1048,"column":2},"end":{"line":1050,"column":3}},"462":{"start":{"line":1049,"column":4},"end":{"line":1049,"column":53}},"463":{"start":{"line":1049,"column":34},"end":{"line":1049,"column":46}},"464":{"start":{"line":1054,"column":2},"end":{"line":1057,"column":3}},"465":{"start":{"line":1055,"column":4},"end":{"line":1055,"column":29}},"466":{"start":{"line":1056,"column":4},"end":{"line":1056,"column":22}},"467":{"start":{"line":1058,"column":2},"end":{"line":1058,"column":37}},"468":{"start":{"line":1058,"column":30},"end":{"line":1058,"column":37}},"469":{"start":{"line":1060,"column":2},"end":{"line":1069,"column":3}},"470":{"start":{"line":1061,"column":20},"end":{"line":1061,"column":40}},"471":{"start":{"line":1062,"column":19},"end":{"line":1062,"column":53}},"472":{"start":{"line":1063,"column":21},"end":{"line":1063,"column":48}},"473":{"start":{"line":1064,"column":20},"end":{"line":1064,"column":66}},"474":{"start":{"line":1065,"column":4},"end":{"line":1065,"column":50}},"475":{"start":{"line":1066,"column":4},"end":{"line":1066,"column":19}},"476":{"start":{"line":1068,"column":4},"end":{"line":1068,"column":56}},"477":{"start":{"line":1075,"column":17},"end":{"line":1075,"column":43}},"478":{"start":{"line":1076,"column":2},"end":{"line":1076,"column":50}},"479":{"start":{"line":1081,"column":2},"end":{"line":1103,"column":5}},"480":{"start":{"line":1082,"column":4},"end":{"line":1102,"column":7}},"481":{"start":{"line":1083,"column":17},"end":{"line":1083,"column":32}},"482":{"start":{"line":1085,"column":6},"end":{"line":1101,"column":7}},"483":{"start":{"line":1086,"column":8},"end":{"line":1098,"column":11}},"484":{"start":{"line":1087,"column":10},"end":{"line":1096,"column":11}},"485":{"start":{"line":1089,"column":12},"end":{"line":1094,"column":15}},"486":{"start":{"line":1095,"column":12},"end":{"line":1095,"column":55}},"487":{"start":{"line":1097,"column":10},"end":{"line":1097,"column":24}},"488":{"start":{"line":1100,"column":8},"end":{"line":1100,"column":22}},"489":{"start":{"line":1107,"column":15},"end":{"line":1107,"column":33}},"490":{"start":{"line":1108,"column":2},"end":{"line":1108,"column":40}},"491":{"start":{"line":1108,"column":24},"end":{"line":1108,"column":38}},"492":{"start":{"line":1112,"column":2},"end":{"line":1112,"column":85}},"493":{"start":{"line":1112,"column":32},"end":{"line":1112,"column":83}},"494":{"start":{"line":1116,"column":15},"end":{"line":1116,"column":33}},"495":{"start":{"line":1117,"column":2},"end":{"line":1117,"column":17}},"496":{"start":{"line":1118,"column":2},"end":{"line":1118,"column":26}},"497":{"start":{"line":1122,"column":15},"end":{"line":1122,"column":33}},"498":{"start":{"line":1123,"column":14},"end":{"line":1123,"column":49}},"499":{"start":{"line":1123,"column":34},"end":{"line":1123,"column":48}},"500":{"start":{"line":1124,"column":2},"end":{"line":1127,"column":3}},"501":{"start":{"line":1125,"column":4},"end":{"line":1125,"column":45}},"502":{"start":{"line":1126,"column":4},"end":{"line":1126,"column":28}},"503":{"start":{"line":1131,"column":15},"end":{"line":1131,"column":33}},"504":{"start":{"line":1132,"column":19},"end":{"line":1132,"column":51}},"505":{"start":{"line":1132,"column":36},"end":{"line":1132,"column":50}},"506":{"start":{"line":1133,"column":2},"end":{"line":1133,"column":30}},"507":{"start":{"line":1135,"column":2},"end":{"line":1135,"column":25}},"508":{"start":{"line":1140,"column":15},"end":{"line":1140,"column":33}},"509":{"start":{"line":1141,"column":2},"end":{"line":1141,"column":58}},"510":{"start":{"line":1147,"column":2},"end":{"line":1149,"column":5}},"511":{"start":{"line":1148,"column":4},"end":{"line":1148,"column":80}},"512":{"start":{"line":1148,"column":52},"end":{"line":1148,"column":78}},"513":{"start":{"line":1153,"column":2},"end":{"line":1153,"column":87}},"514":{"start":{"line":1153,"column":32},"end":{"line":1153,"column":85}},"515":{"start":{"line":1157,"column":15},"end":{"line":1157,"column":35}},"516":{"start":{"line":1158,"column":2},"end":{"line":1161,"column":3}},"517":{"start":{"line":1159,"column":4},"end":{"line":1159,"column":22}},"518":{"start":{"line":1160,"column":4},"end":{"line":1160,"column":30}},"519":{"start":{"line":1165,"column":15},"end":{"line":1165,"column":35}},"520":{"start":{"line":1166,"column":2},"end":{"line":1166,"column":54}},"521":{"start":{"line":1166,"column":39},"end":{"line":1166,"column":51}},"522":{"start":{"line":1173,"column":2},"end":{"line":1175,"column":5}},"523":{"start":{"line":1174,"column":4},"end":{"line":1174,"column":85}},"524":{"start":{"line":1174,"column":59},"end":{"line":1174,"column":83}},"525":{"start":{"line":1179,"column":2},"end":{"line":1179,"column":91}},"526":{"start":{"line":1179,"column":32},"end":{"line":1179,"column":89}},"527":{"start":{"line":1187,"column":2},"end":{"line":1191,"column":5}},"528":{"start":{"line":1188,"column":4},"end":{"line":1190,"column":7}},"529":{"start":{"line":1189,"column":6},"end":{"line":1189,"column":39}},"530":{"start":{"line":1195,"column":2},"end":{"line":1201,"column":5}},"531":{"start":{"line":1196,"column":4},"end":{"line":1200,"column":7}},"532":{"start":{"line":1197,"column":19},"end":{"line":1197,"column":31}},"533":{"start":{"line":1198,"column":6},"end":{"line":1198,"column":24}},"534":{"start":{"line":1199,"column":6},"end":{"line":1199,"column":50}},"535":{"start":{"line":1205,"column":2},"end":{"line":1211,"column":5}},"536":{"start":{"line":1206,"column":4},"end":{"line":1210,"column":7}},"537":{"start":{"line":1207,"column":19},"end":{"line":1207,"column":31}},"538":{"start":{"line":1208,"column":6},"end":{"line":1208,"column":25}},"539":{"start":{"line":1209,"column":6},"end":{"line":1209,"column":50}},"540":{"start":{"line":1215,"column":2},"end":{"line":1215,"column":81}},"541":{"start":{"line":1215,"column":32},"end":{"line":1215,"column":79}},"542":{"start":{"line":1221,"column":19},"end":{"line":1223,"column":8}},"543":{"start":{"line":1224,"column":2},"end":{"line":1224,"column":83}},"544":{"start":{"line":1226,"column":21},"end":{"line":1226,"column":42}},"545":{"start":{"line":1227,"column":20},"end":{"line":1227,"column":67}},"546":{"start":{"line":1227,"column":37},"end":{"line":1227,"column":55}},"547":{"start":{"line":1230,"column":2},"end":{"line":1241,"column":3}},"548":{"start":{"line":1231,"column":4},"end":{"line":1231,"column":71}},"549":{"start":{"line":1233,"column":4},"end":{"line":1233,"column":28}},"550":{"start":{"line":1234,"column":4},"end":{"line":1238,"column":5}},"551":{"start":{"line":1235,"column":21},"end":{"line":1235,"column":51}},"552":{"start":{"line":1236,"column":6},"end":{"line":1236,"column":53}},"553":{"start":{"line":1237,"column":6},"end":{"line":1237,"column":30}},"554":{"start":{"line":1239,"column":4},"end":{"line":1239,"column":54}},"555":{"start":{"line":1240,"column":4},"end":{"line":1240,"column":14}},"556":{"start":{"line":1242,"column":2},"end":{"line":1242,"column":26}},"557":{"start":{"line":1243,"column":2},"end":{"line":1243,"column":67}},"558":{"start":{"line":1244,"column":2},"end":{"line":1244,"column":14}},"559":{"start":{"line":1248,"column":15},"end":{"line":1248,"column":39}},"560":{"start":{"line":1249,"column":15},"end":{"line":1257,"column":4}},"561":{"start":{"line":1258,"column":15},"end":{"line":1263,"column":4}},"562":{"start":{"line":1264,"column":15},"end":{"line":1264,"column":32}},"563":{"start":{"line":1265,"column":2},"end":{"line":1265,"column":48}},"564":{"start":{"line":1267,"column":2},"end":{"line":1268,"column":81}},"565":{"start":{"line":1267,"column":8},"end":{"line":1267,"column":32}},"566":{"start":{"line":1268,"column":13},"end":{"line":1268,"column":79}},"567":{"start":{"line":1269,"column":2},"end":{"line":1269,"column":91}},"568":{"start":{"line":1269,"column":21},"end":{"line":1269,"column":91}},"569":{"start":{"line":1270,"column":2},"end":{"line":1270,"column":35}},"570":{"start":{"line":1271,"column":2},"end":{"line":1271,"column":23}},"571":{"start":{"line":1277,"column":2},"end":{"line":1283,"column":3}},"572":{"start":{"line":1278,"column":19},"end":{"line":1278,"column":44}},"573":{"start":{"line":1279,"column":4},"end":{"line":1282,"column":5}},"574":{"start":{"line":1280,"column":6},"end":{"line":1280,"column":55}},"575":{"start":{"line":1281,"column":6},"end":{"line":1281,"column":20}},"576":{"start":{"line":1284,"column":2},"end":{"line":1284,"column":64}},"577":{"start":{"line":1285,"column":14},"end":{"line":1285,"column":31}},"578":{"start":{"line":1286,"column":2},"end":{"line":1286,"column":29}},"579":{"start":{"line":1287,"column":2},"end":{"line":1287,"column":13}},"580":{"start":{"line":1293,"column":12},"end":{"line":1293,"column":34}},"581":{"start":{"line":1294,"column":2},"end":{"line":1305,"column":3}},"582":{"start":{"line":1295,"column":4},"end":{"line":1295,"column":28}},"583":{"start":{"line":1298,"column":4},"end":{"line":1303,"column":5}},"584":{"start":{"line":1299,"column":6},"end":{"line":1299,"column":69}},"585":{"start":{"line":1300,"column":6},"end":{"line":1300,"column":29}},"586":{"start":{"line":1301,"column":6},"end":{"line":1301,"column":41}},"587":{"start":{"line":1302,"column":6},"end":{"line":1302,"column":30}},"588":{"start":{"line":1304,"column":4},"end":{"line":1304,"column":14}},"589":{"start":{"line":1311,"column":17},"end":{"line":1311,"column":43}},"590":{"start":{"line":1312,"column":14},"end":{"line":1312,"column":65}},"591":{"start":{"line":1313,"column":18},"end":{"line":1313,"column":51}},"592":{"start":{"line":1314,"column":15},"end":{"line":1314,"column":36}},"593":{"start":{"line":1315,"column":2},"end":{"line":1315,"column":38}},"594":{"start":{"line":1316,"column":2},"end":{"line":1316,"column":38}},"595":{"start":{"line":1318,"column":2},"end":{"line":1341,"column":3}},"596":{"start":{"line":1319,"column":17},"end":{"line":1332,"column":6}},"597":{"start":{"line":1334,"column":4},"end":{"line":1336,"column":5}},"598":{"start":{"line":1335,"column":6},"end":{"line":1335,"column":18}},"599":{"start":{"line":1337,"column":21},"end":{"line":1337,"column":38}},"600":{"start":{"line":1338,"column":4},"end":{"line":1338,"column":70}},"601":{"start":{"line":1340,"column":4},"end":{"line":1340,"column":56}},"602":{"start":{"line":1345,"column":17},"end":{"line":1345,"column":43}},"603":{"start":{"line":1346,"column":14},"end":{"line":1346,"column":61}},"604":{"start":{"line":1347,"column":15},"end":{"line":1347,"column":47}},"605":{"start":{"line":1348,"column":2},"end":{"line":1348,"column":63}},"606":{"start":{"line":1348,"column":27},"end":{"line":1348,"column":63}},"607":{"start":{"line":1349,"column":2},"end":{"line":1349,"column":66}},"608":{"start":{"line":1349,"column":16},"end":{"line":1349,"column":66}},"609":{"start":{"line":1350,"column":2},"end":{"line":1350,"column":14}},"610":{"start":{"line":1354,"column":2},"end":{"line":1363,"column":3}},"611":{"start":{"line":1355,"column":4},"end":{"line":1355,"column":25}},"612":{"start":{"line":1357,"column":4},"end":{"line":1361,"column":5}},"613":{"start":{"line":1358,"column":6},"end":{"line":1358,"column":58}},"614":{"start":{"line":1359,"column":6},"end":{"line":1359,"column":23}},"615":{"start":{"line":1360,"column":6},"end":{"line":1360,"column":27}},"616":{"start":{"line":1362,"column":4},"end":{"line":1362,"column":14}},"617":{"start":{"line":1367,"column":15},"end":{"line":1367,"column":49}},"618":{"start":{"line":1368,"column":15},"end":{"line":1368,"column":32}},"619":{"start":{"line":1370,"column":2},"end":{"line":1374,"column":3}},"620":{"start":{"line":1371,"column":4},"end":{"line":1371,"column":28}},"621":{"start":{"line":1373,"column":4},"end":{"line":1373,"column":74}},"622":{"start":{"line":1377,"column":2},"end":{"line":1380,"column":3}},"623":{"start":{"line":1378,"column":4},"end":{"line":1378,"column":70}},"624":{"start":{"line":1379,"column":4},"end":{"line":1379,"column":14}},"625":{"start":{"line":1382,"column":2},"end":{"line":1393,"column":6}},"626":{"start":{"line":1382,"column":30},"end":{"line":1393,"column":3}},"627":{"start":{"line":1398,"column":2},"end":{"line":1401,"column":3}},"628":{"start":{"line":1399,"column":4},"end":{"line":1399,"column":59}},"629":{"start":{"line":1400,"column":4},"end":{"line":1400,"column":80}},"630":{"start":{"line":1404,"column":17},"end":{"line":1404,"column":20}},"631":{"start":{"line":1405,"column":2},"end":{"line":1414,"column":3}},"632":{"start":{"line":1406,"column":4},"end":{"line":1406,"column":71}},"633":{"start":{"line":1407,"column":4},"end":{"line":1413,"column":5}},"634":{"start":{"line":1408,"column":28},"end":{"line":1408,"column":58}},"635":{"start":{"line":1409,"column":6},"end":{"line":1409,"column":54}},"636":{"start":{"line":1410,"column":6},"end":{"line":1410,"column":72}},"637":{"start":{"line":1412,"column":6},"end":{"line":1412,"column":65}},"638":{"start":{"line":1417,"column":2},"end":{"line":1436,"column":5}},"639":{"start":{"line":1418,"column":21},"end":{"line":1418,"column":35}},"640":{"start":{"line":1419,"column":4},"end":{"line":1419,"column":38}},"641":{"start":{"line":1421,"column":17},"end":{"line":1424,"column":6}},"642":{"start":{"line":1426,"column":17},"end":{"line":1426,"column":34}},"643":{"start":{"line":1427,"column":4},"end":{"line":1427,"column":51}},"644":{"start":{"line":1429,"column":4},"end":{"line":1435,"column":5}},"645":{"start":{"line":1430,"column":6},"end":{"line":1430,"column":73}},"646":{"start":{"line":1431,"column":11},"end":{"line":1435,"column":5}},"647":{"start":{"line":1432,"column":6},"end":{"line":1432,"column":72}},"648":{"start":{"line":1434,"column":6},"end":{"line":1434,"column":72}},"649":{"start":{"line":1444,"column":4},"end":{"line":1444,"column":41}},"650":{"start":{"line":1445,"column":4},"end":{"line":1445,"column":17}},"651":{"start":{"line":1449,"column":4},"end":{"line":1449,"column":30}},"652":{"start":{"line":1453,"column":4},"end":{"line":1453,"column":84}},"653":{"start":{"line":1453,"column":40},"end":{"line":1453,"column":84}},"654":{"start":{"line":1454,"column":17},"end":{"line":1454,"column":38}},"655":{"start":{"line":1455,"column":4},"end":{"line":1458,"column":66}},"656":{"start":{"line":1455,"column":22},"end":{"line":1455,"column":47}},"657":{"start":{"line":1456,"column":9},"end":{"line":1458,"column":66}},"658":{"start":{"line":1456,"column":27},"end":{"line":1456,"column":52}},"659":{"start":{"line":1457,"column":9},"end":{"line":1458,"column":66}},"660":{"start":{"line":1457,"column":27},"end":{"line":1457,"column":55}},"661":{"start":{"line":1458,"column":9},"end":{"line":1458,"column":66}},"662":{"start":{"line":1458,"column":39},"end":{"line":1458,"column":66}},"663":{"start":{"line":1459,"column":4},"end":{"line":1459,"column":63}},"664":{"start":{"line":1463,"column":4},"end":{"line":1463,"column":15}},"665":{"start":{"line":1464,"column":16},"end":{"line":1464,"column":18}},"666":{"start":{"line":1465,"column":4},"end":{"line":1469,"column":5}},"667":{"start":{"line":1466,"column":18},"end":{"line":1466,"column":37}},"668":{"start":{"line":1467,"column":20},"end":{"line":1467,"column":38}},"669":{"start":{"line":1468,"column":6},"end":{"line":1468,"column":23}},"670":{"start":{"line":1470,"column":4},"end":{"line":1470,"column":50}},"671":{"start":{"line":1470,"column":39},"end":{"line":1470,"column":50}},"672":{"start":{"line":1471,"column":4},"end":{"line":1471,"column":15}},"673":{"start":{"line":1475,"column":4},"end":{"line":1475,"column":15}},"674":{"start":{"line":1476,"column":16},"end":{"line":1476,"column":18}},"675":{"start":{"line":1477,"column":4},"end":{"line":1479,"column":5}},"676":{"start":{"line":1478,"column":6},"end":{"line":1478,"column":35}},"677":{"start":{"line":1480,"column":4},"end":{"line":1480,"column":50}},"678":{"start":{"line":1480,"column":39},"end":{"line":1480,"column":50}},"679":{"start":{"line":1481,"column":4},"end":{"line":1481,"column":15}},"680":{"start":{"line":1485,"column":4},"end":{"line":1485,"column":15}},"681":{"start":{"line":1486,"column":14},"end":{"line":1486,"column":15}},"682":{"start":{"line":1487,"column":4},"end":{"line":1490,"column":5}},"683":{"start":{"line":1488,"column":6},"end":{"line":1488,"column":52}},"684":{"start":{"line":1489,"column":6},"end":{"line":1489,"column":17}},"685":{"start":{"line":1491,"column":4},"end":{"line":1491,"column":50}},"686":{"start":{"line":1491,"column":39},"end":{"line":1491,"column":50}},"687":{"start":{"line":1492,"column":4},"end":{"line":1492,"column":15}},"688":{"start":{"line":1496,"column":14},"end":{"line":1496,"column":15}},"689":{"start":{"line":1497,"column":4},"end":{"line":1500,"column":5}},"690":{"start":{"line":1498,"column":6},"end":{"line":1498,"column":52}},"691":{"start":{"line":1499,"column":6},"end":{"line":1499,"column":17}},"692":{"start":{"line":1501,"column":4},"end":{"line":1501,"column":50}},"693":{"start":{"line":1501,"column":39},"end":{"line":1501,"column":50}},"694":{"start":{"line":1502,"column":16},"end":{"line":1502,"column":85}},"695":{"start":{"line":1503,"column":4},"end":{"line":1503,"column":20}},"696":{"start":{"line":1504,"column":4},"end":{"line":1504,"column":15}},"697":{"start":{"line":1509,"column":2},"end":{"line":1533,"column":3}},"698":{"start":{"line":1510,"column":19},"end":{"line":1510,"column":52}},"699":{"start":{"line":1511,"column":20},"end":{"line":1511,"column":34}},"700":{"start":{"line":1513,"column":4},"end":{"line":1513,"column":77}},"701":{"start":{"line":1513,"column":23},"end":{"line":1513,"column":77}},"702":{"start":{"line":1516,"column":17},"end":{"line":1516,"column":48}},"703":{"start":{"line":1519,"column":21},"end":{"line":1519,"column":75}},"704":{"start":{"line":1522,"column":19},"end":{"line":1522,"column":83}},"705":{"start":{"line":1525,"column":4},"end":{"line":1527,"column":5}},"706":{"start":{"line":1526,"column":6},"end":{"line":1526,"column":68}},"707":{"start":{"line":1529,"column":4},"end":{"line":1529,"column":18}},"708":{"start":{"line":1531,"column":4},"end":{"line":1531,"column":56}},"709":{"start":{"line":1532,"column":4},"end":{"line":1532,"column":14}},"710":{"start":{"line":1538,"column":26},"end":{"line":1538,"column":35}},"711":{"start":{"line":1539,"column":17},"end":{"line":1539,"column":46}},"712":{"start":{"line":1540,"column":17},"end":{"line":1540,"column":49}},"713":{"start":{"line":1541,"column":20},"end":{"line":1541,"column":55}},"714":{"start":{"line":1544,"column":14},"end":{"line":1544,"column":15}},"715":{"start":{"line":1545,"column":12},"end":{"line":1545,"column":25}},"716":{"start":{"line":1546,"column":2},"end":{"line":1551,"column":3}},"717":{"start":{"line":1547,"column":4},"end":{"line":1549,"column":42}},"718":{"start":{"line":1547,"column":29},"end":{"line":1547,"column":37}},"719":{"start":{"line":1548,"column":9},"end":{"line":1549,"column":42}},"720":{"start":{"line":1548,"column":34},"end":{"line":1548,"column":42}},"721":{"start":{"line":1549,"column":9},"end":{"line":1549,"column":42}},"722":{"start":{"line":1549,"column":34},"end":{"line":1549,"column":42}},"723":{"start":{"line":1550,"column":4},"end":{"line":1550,"column":10}},"724":{"start":{"line":1553,"column":20},"end":{"line":1553,"column":48}},"725":{"start":{"line":1556,"column":21},"end":{"line":1556,"column":67}},"726":{"start":{"line":1557,"column":20},"end":{"line":1557,"column":58}},"727":{"start":{"line":1558,"column":18},"end":{"line":1558,"column":78}},"728":{"start":{"line":1558,"column":37},"end":{"line":1558,"column":68}},"729":{"start":{"line":1560,"column":2},"end":{"line":1560,"column":17}},"730":{"start":{"line":1566,"column":2},"end":{"line":1566,"column":48}},"731":{"start":{"line":1566,"column":35},"end":{"line":1566,"column":48}},"732":{"start":{"line":1567,"column":2},"end":{"line":1567,"column":37}},"733":{"start":{"line":1571,"column":2},"end":{"line":1576,"column":3}},"734":{"start":{"line":1572,"column":14},"end":{"line":1572,"column":26}},"735":{"start":{"line":1573,"column":4},"end":{"line":1573,"column":47}},"736":{"start":{"line":1575,"column":4},"end":{"line":1575,"column":17}},"737":{"start":{"line":1581,"column":2},"end":{"line":1584,"column":3}},"738":{"start":{"line":1582,"column":4},"end":{"line":1582,"column":59}},"739":{"start":{"line":1583,"column":4},"end":{"line":1583,"column":80}},"740":{"start":{"line":1587,"column":17},"end":{"line":1587,"column":20}},"741":{"start":{"line":1588,"column":2},"end":{"line":1597,"column":3}},"742":{"start":{"line":1589,"column":4},"end":{"line":1589,"column":71}},"743":{"start":{"line":1590,"column":4},"end":{"line":1596,"column":5}},"744":{"start":{"line":1591,"column":28},"end":{"line":1591,"column":58}},"745":{"start":{"line":1592,"column":6},"end":{"line":1592,"column":54}},"746":{"start":{"line":1593,"column":6},"end":{"line":1593,"column":72}},"747":{"start":{"line":1595,"column":6},"end":{"line":1595,"column":65}},"748":{"start":{"line":1600,"column":22},"end":{"line":1600,"column":58}},"749":{"start":{"line":1602,"column":2},"end":{"line":1628,"column":5}},"750":{"start":{"line":1603,"column":19},"end":{"line":1609,"column":6}},"751":{"start":{"line":1610,"column":4},"end":{"line":1610,"column":60}},"752":{"start":{"line":1610,"column":21},"end":{"line":1610,"column":60}},"753":{"start":{"line":1611,"column":17},"end":{"line":1611,"column":57}},"754":{"start":{"line":1612,"column":4},"end":{"line":1627,"column":7}},"755":{"start":{"line":1618,"column":19},"end":{"line":1618,"column":36}},"756":{"start":{"line":1619,"column":6},"end":{"line":1619,"column":59}},"757":{"start":{"line":1621,"column":6},"end":{"line":1622,"column":92}},"758":{"start":{"line":1621,"column":12},"end":{"line":1621,"column":36}},"759":{"start":{"line":1622,"column":17},"end":{"line":1622,"column":90}},"760":{"start":{"line":1623,"column":6},"end":{"line":1626,"column":7}},"761":{"start":{"line":1624,"column":21},"end":{"line":1624,"column":44}},"762":{"start":{"line":1625,"column":8},"end":{"line":1625,"column":67}},"763":{"start":{"line":1632,"column":15},"end":{"line":1632,"column":56}},"764":{"start":{"line":1633,"column":2},"end":{"line":1633,"column":83}},"765":{"start":{"line":1633,"column":16},"end":{"line":1633,"column":83}},"766":{"start":{"line":1634,"column":2},"end":{"line":1634,"column":28}},"767":{"start":{"line":1638,"column":16},"end":{"line":1638,"column":38}},"768":{"start":{"line":1639,"column":15},"end":{"line":1639,"column":17}},"769":{"start":{"line":1640,"column":2},"end":{"line":1642,"column":3}},"770":{"start":{"line":1640,"column":15},"end":{"line":1640,"column":16}},"771":{"start":{"line":1641,"column":4},"end":{"line":1641,"column":44}},"772":{"start":{"line":1643,"column":2},"end":{"line":1643,"column":22}},"773":{"start":{"line":1649,"column":15},"end":{"line":1649,"column":35}},"774":{"start":{"line":1650,"column":2},"end":{"line":1650,"column":104}},"775":{"start":{"line":1651,"column":2},"end":{"line":1686,"column":3}},"776":{"start":{"line":1652,"column":4},"end":{"line":1654,"column":5}},"777":{"start":{"line":1653,"column":6},"end":{"line":1653,"column":78}},"778":{"start":{"line":1656,"column":4},"end":{"line":1681,"column":5}},"779":{"start":{"line":1658,"column":6},"end":{"line":1658,"column":23}},"780":{"start":{"line":1659,"column":6},"end":{"line":1659,"column":59}},"781":{"start":{"line":1660,"column":6},"end":{"line":1660,"column":70}},"782":{"start":{"line":1664,"column":6},"end":{"line":1664,"column":29}},"783":{"start":{"line":1665,"column":18},"end":{"line":1665,"column":46}},"784":{"start":{"line":1666,"column":22},"end":{"line":1666,"column":129}},"785":{"start":{"line":1667,"column":19},"end":{"line":1667,"column":81}},"786":{"start":{"line":1668,"column":19},"end":{"line":1668,"column":34}},"787":{"start":{"line":1669,"column":6},"end":{"line":1669,"column":54}},"788":{"start":{"line":1671,"column":6},"end":{"line":1672,"column":87}},"789":{"start":{"line":1671,"column":12},"end":{"line":1671,"column":36}},"790":{"start":{"line":1672,"column":17},"end":{"line":1672,"column":85}},"791":{"start":{"line":1673,"column":6},"end":{"line":1680,"column":7}},"792":{"start":{"line":1674,"column":8},"end":{"line":1674,"column":91}},"793":{"start":{"line":1676,"column":8},"end":{"line":1676,"column":35}},"794":{"start":{"line":1677,"column":8},"end":{"line":1677,"column":90}},"795":{"start":{"line":1679,"column":8},"end":{"line":1679,"column":82}},"796":{"start":{"line":1683,"column":16},"end":{"line":1683,"column":62}},"797":{"start":{"line":1684,"column":4},"end":{"line":1684,"column":48}},"798":{"start":{"line":1685,"column":4},"end":{"line":1685,"column":57}},"799":{"start":{"line":1692,"column":2},"end":{"line":1695,"column":24}},"800":{"start":{"line":1693,"column":14},"end":{"line":1693,"column":47}},"801":{"start":{"line":1694,"column":4},"end":{"line":1694,"column":65}},"802":{"start":{"line":1695,"column":12},"end":{"line":1695,"column":22}},"803":{"start":{"line":1699,"column":2},"end":{"line":1704,"column":24}},"804":{"start":{"line":1700,"column":16},"end":{"line":1700,"column":28}},"805":{"start":{"line":1701,"column":21},"end":{"line":1701,"column":33}},"806":{"start":{"line":1702,"column":21},"end":{"line":1702,"column":46}},"807":{"start":{"line":1703,"column":4},"end":{"line":1703,"column":53}},"808":{"start":{"line":1704,"column":12},"end":{"line":1704,"column":22}},"809":{"start":{"line":1712,"column":15},"end":{"line":1712,"column":33}},"810":{"start":{"line":1713,"column":2},"end":{"line":1713,"column":52}},"811":{"start":{"line":1713,"column":33},"end":{"line":1713,"column":52}},"812":{"start":{"line":1715,"column":12},"end":{"line":1715,"column":35}},"813":{"start":{"line":1716,"column":2},"end":{"line":1719,"column":3}},"814":{"start":{"line":1717,"column":4},"end":{"line":1717,"column":96}},"815":{"start":{"line":1718,"column":4},"end":{"line":1718,"column":11}},"816":{"start":{"line":1721,"column":19},"end":{"line":1721,"column":44}},"817":{"start":{"line":1722,"column":2},"end":{"line":1722,"column":75}},"818":{"start":{"line":1724,"column":2},"end":{"line":1732,"column":3}},"819":{"start":{"line":1725,"column":20},"end":{"line":1725,"column":40}},"820":{"start":{"line":1726,"column":4},"end":{"line":1726,"column":35}},"821":{"start":{"line":1727,"column":24},"end":{"line":1727,"column":73}},"822":{"start":{"line":1728,"column":4},"end":{"line":1728,"column":67}},"823":{"start":{"line":1730,"column":4},"end":{"line":1730,"column":45}},"824":{"start":{"line":1731,"column":4},"end":{"line":1731,"column":54}},"825":{"start":{"line":1736,"column":19},"end":{"line":1736,"column":31}},"826":{"start":{"line":1742,"column":14},"end":{"line":1743,"column":70}},"827":{"start":{"line":1744,"column":15},"end":{"line":1744,"column":76}},"828":{"start":{"line":1745,"column":15},"end":{"line":1745,"column":32}},"829":{"start":{"line":1747,"column":2},"end":{"line":1748,"column":86}},"830":{"start":{"line":1747,"column":8},"end":{"line":1747,"column":32}},"831":{"start":{"line":1748,"column":13},"end":{"line":1748,"column":84}},"832":{"start":{"line":1749,"column":2},"end":{"line":1749,"column":96}},"833":{"start":{"line":1749,"column":21},"end":{"line":1749,"column":96}},"834":{"start":{"line":1750,"column":2},"end":{"line":1750,"column":31}},"835":{"start":{"line":1754,"column":17},"end":{"line":1760,"column":4}},"836":{"start":{"line":1762,"column":2},"end":{"line":1764,"column":3}},"837":{"start":{"line":1763,"column":4},"end":{"line":1763,"column":41}},"838":{"start":{"line":1765,"column":15},"end":{"line":1765,"column":55}},"839":{"start":{"line":1766,"column":15},"end":{"line":1771,"column":4}},"840":{"start":{"line":1772,"column":15},"end":{"line":1772,"column":32}},"841":{"start":{"line":1774,"column":2},"end":{"line":1775,"column":67}},"842":{"start":{"line":1774,"column":8},"end":{"line":1774,"column":32}},"843":{"start":{"line":1775,"column":13},"end":{"line":1775,"column":65}},"844":{"start":{"line":1776,"column":2},"end":{"line":1776,"column":100}},"845":{"start":{"line":1776,"column":21},"end":{"line":1776,"column":100}},"846":{"start":{"line":1781,"column":28},"end":{"line":1781,"column":30}},"847":{"start":{"line":1784,"column":2},"end":{"line":1806,"column":3}},"848":{"start":{"line":1786,"column":4},"end":{"line":1800,"column":7}},"849":{"start":{"line":1787,"column":6},"end":{"line":1799,"column":9}},"850":{"start":{"line":1792,"column":8},"end":{"line":1798,"column":9}},"851":{"start":{"line":1793,"column":10},"end":{"line":1793,"column":111}},"852":{"start":{"line":1794,"column":10},"end":{"line":1794,"column":43}},"853":{"start":{"line":1796,"column":10},"end":{"line":1796,"column":64}},"854":{"start":{"line":1797,"column":10},"end":{"line":1797,"column":20}},"855":{"start":{"line":1803,"column":4},"end":{"line":1803,"column":30}},"856":{"start":{"line":1805,"column":4},"end":{"line":1805,"column":54}},"857":{"start":{"line":1811,"column":2},"end":{"line":1813,"column":3}},"858":{"start":{"line":1812,"column":4},"end":{"line":1812,"column":51}},"859":{"start":{"line":1814,"column":2},"end":{"line":1814,"column":29}},"860":{"start":{"line":1817,"column":18},"end":{"line":1817,"column":36}},"861":{"start":{"line":1818,"column":2},"end":{"line":1818,"column":71}},"862":{"start":{"line":1820,"column":2},"end":{"line":1835,"column":5}},"863":{"start":{"line":1821,"column":15},"end":{"line":1821,"column":49}},"864":{"start":{"line":1822,"column":4},"end":{"line":1833,"column":7}},"865":{"start":{"line":1828,"column":6},"end":{"line":1832,"column":7}},"866":{"start":{"line":1829,"column":8},"end":{"line":1829,"column":120}},"867":{"start":{"line":1831,"column":8},"end":{"line":1831,"column":78}},"868":{"start":{"line":1834,"column":4},"end":{"line":1834,"column":35}},"869":{"start":{"line":1838,"column":0},"end":{"line":1851,"column":3}},"870":{"start":{"line":1839,"column":2},"end":{"line":1839,"column":69}},"871":{"start":{"line":1839,"column":62},"end":{"line":1839,"column":69}},"872":{"start":{"line":1841,"column":16},"end":{"line":1841,"column":70}},"873":{"start":{"line":1842,"column":14},"end":{"line":1842,"column":26}},"874":{"start":{"line":1844,"column":2},"end":{"line":1844,"column":19}},"875":{"start":{"line":1844,"column":12},"end":{"line":1844,"column":19}},"876":{"start":{"line":1846,"column":2},"end":{"line":1850,"column":3}},"877":{"start":{"line":1847,"column":4},"end":{"line":1847,"column":35}},"878":{"start":{"line":1849,"column":4},"end":{"line":1849,"column":59}},"879":{"start":{"line":1855,"column":0},"end":{"line":1973,"column":3}},"880":{"start":{"line":1856,"column":2},"end":{"line":1972,"column":3}},"881":{"start":{"line":1858,"column":4},"end":{"line":1861,"column":5}},"882":{"start":{"line":1859,"column":6},"end":{"line":1859,"column":44}},"883":{"start":{"line":1860,"column":6},"end":{"line":1860,"column":13}},"884":{"start":{"line":1863,"column":4},"end":{"line":1863,"column":46}},"885":{"start":{"line":1864,"column":4},"end":{"line":1864,"column":119}},"886":{"start":{"line":1866,"column":4},"end":{"line":1876,"column":5}},"887":{"start":{"line":1867,"column":6},"end":{"line":1867,"column":47}},"888":{"start":{"line":1868,"column":6},"end":{"line":1874,"column":9}},"889":{"start":{"line":1869,"column":8},"end":{"line":1869,"column":46}},"890":{"start":{"line":1870,"column":8},"end":{"line":1870,"column":55}},"891":{"start":{"line":1872,"column":8},"end":{"line":1872,"column":47}},"892":{"start":{"line":1873,"column":8},"end":{"line":1873,"column":74}},"893":{"start":{"line":1875,"column":6},"end":{"line":1875,"column":18}},"894":{"start":{"line":1877,"column":4},"end":{"line":1901,"column":5}},"895":{"start":{"line":1878,"column":6},"end":{"line":1899,"column":11}},"896":{"start":{"line":1879,"column":8},"end":{"line":1898,"column":9}},"897":{"start":{"line":1880,"column":10},"end":{"line":1880,"column":113}},"898":{"start":{"line":1882,"column":27},"end":{"line":1882,"column":70}},"899":{"start":{"line":1883,"column":10},"end":{"line":1883,"column":81}},"900":{"start":{"line":1884,"column":10},"end":{"line":1887,"column":11}},"901":{"start":{"line":1885,"column":12},"end":{"line":1885,"column":87}},"902":{"start":{"line":1886,"column":12},"end":{"line":1886,"column":74}},"903":{"start":{"line":1889,"column":10},"end":{"line":1889,"column":87}},"904":{"start":{"line":1890,"column":26},"end":{"line":1890,"column":57}},"905":{"start":{"line":1891,"column":10},"end":{"line":1891,"column":84}},"906":{"start":{"line":1892,"column":25},"end":{"line":1892,"column":55}},"907":{"start":{"line":1893,"column":10},"end":{"line":1893,"column":76}},"908":{"start":{"line":1894,"column":10},"end":{"line":1894,"column":67}},"909":{"start":{"line":1896,"column":10},"end":{"line":1896,"column":69}},"910":{"start":{"line":1897,"column":10},"end":{"line":1897,"column":56}},"911":{"start":{"line":1900,"column":6},"end":{"line":1900,"column":18}},"912":{"start":{"line":1902,"column":4},"end":{"line":1916,"column":5}},"913":{"start":{"line":1903,"column":6},"end":{"line":1914,"column":11}},"914":{"start":{"line":1904,"column":18},"end":{"line":1904,"column":45}},"915":{"start":{"line":1905,"column":8},"end":{"line":1905,"column":88}},"916":{"start":{"line":1905,"column":16},"end":{"line":1905,"column":88}},"917":{"start":{"line":1907,"column":8},"end":{"line":1913,"column":9}},"918":{"start":{"line":1908,"column":26},"end":{"line":1908,"column":50}},"919":{"start":{"line":1909,"column":24},"end":{"line":1909,"column":49}},"920":{"start":{"line":1910,"column":10},"end":{"line":1910,"column":44}},"921":{"start":{"line":1912,"column":10},"end":{"line":1912,"column":56}},"922":{"start":{"line":1915,"column":6},"end":{"line":1915,"column":18}},"923":{"start":{"line":1917,"column":4},"end":{"line":1931,"column":5}},"924":{"start":{"line":1918,"column":6},"end":{"line":1929,"column":11}},"925":{"start":{"line":1919,"column":18},"end":{"line":1919,"column":45}},"926":{"start":{"line":1920,"column":8},"end":{"line":1920,"column":88}},"927":{"start":{"line":1920,"column":16},"end":{"line":1920,"column":88}},"928":{"start":{"line":1922,"column":8},"end":{"line":1928,"column":9}},"929":{"start":{"line":1923,"column":26},"end":{"line":1923,"column":50}},"930":{"start":{"line":1924,"column":10},"end":{"line":1924,"column":56}},"931":{"start":{"line":1925,"column":10},"end":{"line":1925,"column":37}},"932":{"start":{"line":1927,"column":10},"end":{"line":1927,"column":56}},"933":{"start":{"line":1930,"column":6},"end":{"line":1930,"column":18}},"934":{"start":{"line":1932,"column":4},"end":{"line":1935,"column":5}},"935":{"start":{"line":1933,"column":6},"end":{"line":1933,"column":56}},"936":{"start":{"line":1933,"column":32},"end":{"line":1933,"column":54}},"937":{"start":{"line":1934,"column":6},"end":{"line":1934,"column":18}},"938":{"start":{"line":1936,"column":4},"end":{"line":1940,"column":5}},"939":{"start":{"line":1937,"column":6},"end":{"line":1938,"column":62}},"940":{"start":{"line":1938,"column":32},"end":{"line":1938,"column":60}},"941":{"start":{"line":1939,"column":6},"end":{"line":1939,"column":18}},"942":{"start":{"line":1941,"column":4},"end":{"line":1944,"column":5}},"943":{"start":{"line":1942,"column":6},"end":{"line":1942,"column":72}},"944":{"start":{"line":1942,"column":44},"end":{"line":1942,"column":70}},"945":{"start":{"line":1943,"column":6},"end":{"line":1943,"column":18}},"946":{"start":{"line":1945,"column":4},"end":{"line":1948,"column":5}},"947":{"start":{"line":1946,"column":6},"end":{"line":1946,"column":77}},"948":{"start":{"line":1946,"column":49},"end":{"line":1946,"column":75}},"949":{"start":{"line":1947,"column":6},"end":{"line":1947,"column":18}},"950":{"start":{"line":1949,"column":4},"end":{"line":1952,"column":5}},"951":{"start":{"line":1950,"column":6},"end":{"line":1950,"column":71}},"952":{"start":{"line":1950,"column":43},"end":{"line":1950,"column":69}},"953":{"start":{"line":1951,"column":6},"end":{"line":1951,"column":18}},"954":{"start":{"line":1953,"column":4},"end":{"line":1956,"column":5}},"955":{"start":{"line":1954,"column":6},"end":{"line":1954,"column":72}},"956":{"start":{"line":1954,"column":44},"end":{"line":1954,"column":70}},"957":{"start":{"line":1955,"column":6},"end":{"line":1955,"column":18}},"958":{"start":{"line":1957,"column":4},"end":{"line":1960,"column":5}},"959":{"start":{"line":1958,"column":6},"end":{"line":1958,"column":61}},"960":{"start":{"line":1958,"column":33},"end":{"line":1958,"column":59}},"961":{"start":{"line":1959,"column":6},"end":{"line":1959,"column":18}},"962":{"start":{"line":1961,"column":4},"end":{"line":1964,"column":5}},"963":{"start":{"line":1962,"column":6},"end":{"line":1962,"column":79}},"964":{"start":{"line":1962,"column":51},"end":{"line":1962,"column":77}},"965":{"start":{"line":1963,"column":6},"end":{"line":1963,"column":18}},"966":{"start":{"line":1965,"column":4},"end":{"line":1968,"column":5}},"967":{"start":{"line":1966,"column":6},"end":{"line":1966,"column":66}},"968":{"start":{"line":1966,"column":38},"end":{"line":1966,"column":64}},"969":{"start":{"line":1967,"column":6},"end":{"line":1967,"column":18}},"970":{"start":{"line":1970,"column":4},"end":{"line":1970,"column":56}},"971":{"start":{"line":1971,"column":4},"end":{"line":1971,"column":72}},"972":{"start":{"line":1977,"column":0},"end":{"line":1994,"column":3}},"973":{"start":{"line":1978,"column":2},"end":{"line":1978,"column":58}},"974":{"start":{"line":1980,"column":2},"end":{"line":1993,"column":3}},"975":{"start":{"line":1981,"column":4},"end":{"line":1990,"column":5}},"976":{"start":{"line":1982,"column":6},"end":{"line":1982,"column":37}},"977":{"start":{"line":1983,"column":6},"end":{"line":1983,"column":37}},"978":{"start":{"line":1984,"column":6},"end":{"line":1984,"column":30}},"979":{"start":{"line":1985,"column":11},"end":{"line":1990,"column":5}},"980":{"start":{"line":1986,"column":6},"end":{"line":1986,"column":104}},"981":{"start":{"line":1987,"column":6},"end":{"line":1987,"column":37}},"982":{"start":{"line":1988,"column":6},"end":{"line":1988,"column":37}},"983":{"start":{"line":1989,"column":6},"end":{"line":1989,"column":30}},"984":{"start":{"line":1992,"column":4},"end":{"line":1992,"column":87}},"985":{"start":{"line":1996,"column":0},"end":{"line":2004,"column":3}},"986":{"start":{"line":1997,"column":2},"end":{"line":1997,"column":57}},"987":{"start":{"line":1998,"column":2},"end":{"line":2003,"column":3}},"988":{"start":{"line":1999,"column":4},"end":{"line":1999,"column":35}},"989":{"start":{"line":2000,"column":4},"end":{"line":2000,"column":28}},"990":{"start":{"line":2002,"column":4},"end":{"line":2002,"column":87}}},"fnMap":{"0":{"name":"registerContentScripts","decl":{"start":{"line":9,"column":15},"end":{"line":9,"column":37}},"loc":{"start":{"line":9,"column":40},"end":{"line":47,"column":1}},"line":9},"1":{"name":"reinjectContentScripts","decl":{"start":{"line":49,"column":15},"end":{"line":49,"column":37}},"loc":{"start":{"line":49,"column":40},"end":{"line":113,"column":1}},"line":49},"2":{"name":"(anonymous_2)","decl":{"start":{"line":89,"column":43},"end":{"line":89,"column":44}},"loc":{"start":{"line":90,"column":10},"end":{"line":90,"column":98}},"line":90},"3":{"name":"(anonymous_3)","decl":{"start":{"line":90,"column":21},"end":{"line":90,"column":22}},"loc":{"start":{"line":90,"column":27},"end":{"line":90,"column":86}},"line":90},"4":{"name":"(anonymous_4)","decl":{"start":{"line":119,"column":2},"end":{"line":119,"column":3}},"loc":{"start":{"line":119,"column":29},"end":{"line":122,"column":3}},"line":119},"5":{"name":"(anonymous_5)","decl":{"start":{"line":124,"column":2},"end":{"line":124,"column":3}},"loc":{"start":{"line":124,"column":38},"end":{"line":126,"column":3}},"line":124},"6":{"name":"(anonymous_6)","decl":{"start":{"line":130,"column":2},"end":{"line":130,"column":3}},"loc":{"start":{"line":130,"column":25},"end":{"line":143,"column":3}},"line":130},"7":{"name":"(anonymous_7)","decl":{"start":{"line":145,"column":2},"end":{"line":145,"column":3}},"loc":{"start":{"line":145,"column":28},"end":{"line":161,"column":3}},"line":145},"8":{"name":"(anonymous_8)","decl":{"start":{"line":163,"column":2},"end":{"line":163,"column":3}},"loc":{"start":{"line":163,"column":20},"end":{"line":176,"column":3}},"line":163},"9":{"name":"(anonymous_9)","decl":{"start":{"line":172,"column":21},"end":{"line":172,"column":22}},"loc":{"start":{"line":172,"column":27},"end":{"line":175,"column":5}},"line":172},"10":{"name":"(anonymous_10)","decl":{"start":{"line":178,"column":2},"end":{"line":178,"column":3}},"loc":{"start":{"line":178,"column":38},"end":{"line":187,"column":3}},"line":178},"11":{"name":"(anonymous_11)","decl":{"start":{"line":189,"column":2},"end":{"line":189,"column":3}},"loc":{"start":{"line":189,"column":32},"end":{"line":192,"column":3}},"line":189},"12":{"name":"(anonymous_12)","decl":{"start":{"line":196,"column":2},"end":{"line":196,"column":3}},"loc":{"start":{"line":196,"column":29},"end":{"line":199,"column":3}},"line":196},"13":{"name":"(anonymous_13)","decl":{"start":{"line":201,"column":2},"end":{"line":201,"column":3}},"loc":{"start":{"line":201,"column":25},"end":{"line":226,"column":3}},"line":201},"14":{"name":"(anonymous_14)","decl":{"start":{"line":228,"column":2},"end":{"line":228,"column":3}},"loc":{"start":{"line":228,"column":20},"end":{"line":249,"column":3}},"line":228},"15":{"name":"(anonymous_15)","decl":{"start":{"line":234,"column":27},"end":{"line":234,"column":28}},"loc":{"start":{"line":234,"column":33},"end":{"line":246,"column":5}},"line":234},"16":{"name":"(anonymous_16)","decl":{"start":{"line":251,"column":2},"end":{"line":251,"column":3}},"loc":{"start":{"line":251,"column":27},"end":{"line":277,"column":3}},"line":251},"17":{"name":"(anonymous_17)","decl":{"start":{"line":279,"column":2},"end":{"line":279,"column":3}},"loc":{"start":{"line":279,"column":38},"end":{"line":315,"column":3}},"line":279},"18":{"name":"(anonymous_18)","decl":{"start":{"line":317,"column":2},"end":{"line":317,"column":3}},"loc":{"start":{"line":317,"column":32},"end":{"line":345,"column":3}},"line":317},"19":{"name":"(anonymous_19)","decl":{"start":{"line":328,"column":21},"end":{"line":328,"column":22}},"loc":{"start":{"line":328,"column":33},"end":{"line":344,"column":5}},"line":328},"20":{"name":"(anonymous_20)","decl":{"start":{"line":348,"column":2},"end":{"line":348,"column":3}},"loc":{"start":{"line":348,"column":17},"end":{"line":385,"column":3}},"line":348},"21":{"name":"(anonymous_21)","decl":{"start":{"line":387,"column":2},"end":{"line":387,"column":3}},"loc":{"start":{"line":387,"column":35},"end":{"line":413,"column":3}},"line":387},"22":{"name":"(anonymous_22)","decl":{"start":{"line":415,"column":2},"end":{"line":415,"column":3}},"loc":{"start":{"line":415,"column":21},"end":{"line":426,"column":3}},"line":415},"23":{"name":"(anonymous_23)","decl":{"start":{"line":428,"column":2},"end":{"line":428,"column":3}},"loc":{"start":{"line":428,"column":13},"end":{"line":431,"column":3}},"line":428},"24":{"name":"(anonymous_24)","decl":{"start":{"line":435,"column":2},"end":{"line":435,"column":3}},"loc":{"start":{"line":435,"column":25},"end":{"line":446,"column":3}},"line":435},"25":{"name":"(anonymous_25)","decl":{"start":{"line":448,"column":2},"end":{"line":448,"column":3}},"loc":{"start":{"line":448,"column":20},"end":{"line":493,"column":3}},"line":448},"26":{"name":"(anonymous_26)","decl":{"start":{"line":480,"column":24},"end":{"line":480,"column":25}},"loc":{"start":{"line":480,"column":30},"end":{"line":492,"column":5}},"line":480},"27":{"name":"(anonymous_27)","decl":{"start":{"line":495,"column":2},"end":{"line":495,"column":3}},"loc":{"start":{"line":495,"column":38},"end":{"line":534,"column":3}},"line":495},"28":{"name":"(anonymous_28)","decl":{"start":{"line":536,"column":2},"end":{"line":536,"column":3}},"loc":{"start":{"line":536,"column":32},"end":{"line":570,"column":3}},"line":536},"29":{"name":"(anonymous_29)","decl":{"start":{"line":556,"column":21},"end":{"line":556,"column":22}},"loc":{"start":{"line":556,"column":27},"end":{"line":556,"column":39}},"line":556},"30":{"name":"(anonymous_30)","decl":{"start":{"line":572,"column":2},"end":{"line":572,"column":3}},"loc":{"start":{"line":572,"column":31},"end":{"line":584,"column":3}},"line":572},"31":{"name":"(anonymous_31)","decl":{"start":{"line":586,"column":2},"end":{"line":586,"column":3}},"loc":{"start":{"line":586,"column":13},"end":{"line":589,"column":3}},"line":586},"32":{"name":"(anonymous_32)","decl":{"start":{"line":591,"column":2},"end":{"line":591,"column":3}},"loc":{"start":{"line":591,"column":24},"end":{"line":608,"column":3}},"line":591},"33":{"name":"(anonymous_33)","decl":{"start":{"line":612,"column":2},"end":{"line":612,"column":3}},"loc":{"start":{"line":612,"column":29},"end":{"line":616,"column":3}},"line":612},"34":{"name":"(anonymous_34)","decl":{"start":{"line":618,"column":2},"end":{"line":618,"column":3}},"loc":{"start":{"line":618,"column":13},"end":{"line":621,"column":3}},"line":618},"35":{"name":"(anonymous_35)","decl":{"start":{"line":623,"column":2},"end":{"line":623,"column":3}},"loc":{"start":{"line":623,"column":31},"end":{"line":653,"column":3}},"line":623},"36":{"name":"(anonymous_36)","decl":{"start":{"line":655,"column":2},"end":{"line":655,"column":3}},"loc":{"start":{"line":655,"column":25},"end":{"line":668,"column":3}},"line":655},"37":{"name":"(anonymous_37)","decl":{"start":{"line":670,"column":2},"end":{"line":670,"column":3}},"loc":{"start":{"line":670,"column":20},"end":{"line":697,"column":3}},"line":670},"38":{"name":"(anonymous_38)","decl":{"start":{"line":683,"column":40},"end":{"line":683,"column":41}},"loc":{"start":{"line":683,"column":56},"end":{"line":696,"column":5}},"line":683},"39":{"name":"(anonymous_39)","decl":{"start":{"line":699,"column":2},"end":{"line":699,"column":3}},"loc":{"start":{"line":699,"column":27},"end":{"line":711,"column":3}},"line":699},"40":{"name":"(anonymous_40)","decl":{"start":{"line":713,"column":2},"end":{"line":713,"column":3}},"loc":{"start":{"line":713,"column":38},"end":{"line":734,"column":3}},"line":713},"41":{"name":"(anonymous_41)","decl":{"start":{"line":736,"column":2},"end":{"line":736,"column":3}},"loc":{"start":{"line":736,"column":32},"end":{"line":748,"column":3}},"line":736},"42":{"name":"(anonymous_42)","decl":{"start":{"line":750,"column":2},"end":{"line":750,"column":3}},"loc":{"start":{"line":750,"column":34},"end":{"line":752,"column":3}},"line":750},"43":{"name":"(anonymous_43)","decl":{"start":{"line":754,"column":2},"end":{"line":754,"column":3}},"loc":{"start":{"line":754,"column":37},"end":{"line":799,"column":3}},"line":754},"44":{"name":"(anonymous_44)","decl":{"start":{"line":803,"column":2},"end":{"line":803,"column":3}},"loc":{"start":{"line":803,"column":25},"end":{"line":810,"column":3}},"line":803},"45":{"name":"(anonymous_45)","decl":{"start":{"line":812,"column":2},"end":{"line":812
[...]
{"line":1317,"column":5}},"type":"if","locations":[{"start":{"line":1309,"column":11},"end":{"line":1317,"column":5}},{"start":{},"end":{}}],"line":1309},"226":{"loc":{"start":{"line":1311,"column":8},"end":{"line":1315,"column":9}},"type":"if","locations":[{"start":{"line":1311,"column":8},"end":{"line":1315,"column":9}},{"start":{"line":1313,"column":15},"end":{"line":1315,"column":9}}],"line":1311},"227":{"loc":{"start":{"line":1311,"column":12},"end":{"line":1311,"column":51}},"type":"binary-expr","locations":[{"start":{"line":1311,"column":12},"end":{"line":1311,"column":35}},{"start":{"line":1311,"column":39},"end":{"line":1311,"column":51}}],"line":1311},"228":{"loc":{"start":{"line":1321,"column":2},"end":{"line":1333,"column":3}},"type":"if","locations":[{"start":{"line":1321,"column":2},"end":{"line":1333,"column":3}},{"start":{},"end":{}}],"line":1321},"229":{"loc":{"start":{"line":1322,"column":4},"end":{"line":1332,"column":5}},"type":"if","locations":[{"start":{"line":1322,"column":4},"end":{"line":1332,"column":5}},{"start":{"line":1324,"column":11},"end":{"line":1332,"column":5}}],"line":1322},"230":{"loc":{"start":{"line":1326,"column":8},"end":{"line":1330,"column":9}},"type":"if","locations":[{"start":{"line":1326,"column":8},"end":{"line":1330,"column":9}},{"start":{"line":1328,"column":15},"end":{"line":1330,"column":9}}],"line":1326},"231":{"loc":{"start":{"line":1328,"column":15},"end":{"line":1330,"column":9}},"type":"if","locations":[{"start":{"line":1328,"column":15},"end":{"line":1330,"column":9}},{"start":{},"end":{}}],"line":1328},"232":{"loc":{"start":{"line":1336,"column":2},"end":{"line":1340,"column":3}},"type":"if","locations":[{"start":{"line":1336,"column":2},"end":{"line":1340,"column":3}},{"start":{},"end":{}}],"line":1336},"233":{"loc":{"start":{"line":1337,"column":4},"end":{"line":1339,"column":5}},"type":"if","locations":[{"start":{"line":1337,"column":4},"end":{"line":1339,"column":5}},{"start":{},"end":{}}],"line":1337},"234":{"loc":{"start":{"line":1370,"column":2},"end":{"line":1370,"column":69}},"type":"if","locations":[{"start":{"line":1370,"column":2},"end":{"line":1370,"column":69}},{"start":{},"end":{}}],"line":1370},"235":{"loc":{"start":{"line":1384,"column":2},"end":{"line":1388,"column":3}},"type":"if","locations":[{"start":{"line":1384,"column":2},"end":{"line":1388,"column":3}},{"start":{},"end":{}}],"line":1384},"236":{"loc":{"start":{"line":1386,"column":4},"end":{"line":1386,"column":34}},"type":"if","locations":[{"start":{"line":1386,"column":4},"end":{"line":1386,"column":34}},{"start":{},"end":{}}],"line":1386},"237":{"loc":{"start":{"line":1387,"column":4},"end":{"line":1387,"column":65}},"type":"if","locations":[{"start":{"line":1387,"column":4},"end":{"line":1387,"column":65}},{"start":{},"end":{}}],"line":1387},"238":{"loc":{"start":{"line":1404,"column":4},"end":{"line":1408,"column":5}},"type":"if","locations":[{"start":{"line":1404,"column":4},"end":{"line":1408,"column":5}},{"start":{"line":1406,"column":11},"end":{"line":1408,"column":5}}],"line":1404},"239":{"loc":{"start":{"line":1414,"column":19},"end":{"line":1414,"column":52}},"type":"cond-expr","locations":[{"start":{"line":1414,"column":35},"end":{"line":1414,"column":47}},{"start":{"line":1414,"column":50},"end":{"line":1414,"column":52}}],"line":1414},"240":{"loc":{"start":{"line":1430,"column":2},"end":{"line":1430,"column":20}},"type":"if","locations":[{"start":{"line":1430,"column":2},"end":{"line":1430,"column":20}},{"start":{},"end":{}}],"line":1430},"241":{"loc":{"start":{"line":1439,"column":6},"end":{"line":1445,"column":7}},"type":"if","locations":[{"start":{"line":1439,"column":6},"end":{"line":1445,"column":7}},{"start":{"line":1443,"column":13},"end":{"line":1445,"column":7}}],"line":1439},"242":{"loc":{"start":{"line":1441,"column":8},"end":{"line":1441,"column":71}},"type":"if","locations":[{"start":{"line":1441,"column":8},"end":{"line":1441,"column":71}},{"start":{},"end":{}}],"line":1441},"243":{"loc":{"start":{"line":1447,"column":6},"end":{"line":1447,"column":56}},"type":"if","locations":[{"start":{"line":1447,"column":6},"end":{"line":1447,"column":56}},{"start":{},"end":{}}],"line":1447},"244":{"loc":{"start":{"line":1453,"column":4},"end":{"line":1456,"column":5}},"type":"if","locations":[{"start":{"line":1453,"column":4},"end":{"line":1456,"column":5}},{"start":{},"end":{}}],"line":1453},"245":{"loc":{"start":{"line":1458,"column":4},"end":{"line":1467,"column":5}},"type":"if","locations":[{"start":{"line":1458,"column":4},"end":{"line":1467,"column":5}},{"start":{},"end":{}}],"line":1458},"246":{"loc":{"start":{"line":1458,"column":8},"end":{"line":1458,"column":55}},"type":"binary-expr","locations":[{"start":{"line":1458,"column":8},"end":{"line":1458,"column":22}},{"start":{"line":1458,"column":26},"end":{"line":1458,"column":55}}],"line":1458},"247":{"loc":{"start":{"line":1461,"column":8},"end":{"line":1465,"column":9}},"type":"if","locations":[{"start":{"line":1461,"column":8},"end":{"line":1465,"column":9}},{"start":{"line":1463,"column":15},"end":{"line":1465,"column":9}}],"line":1461},"248":{"loc":{"start":{"line":1469,"column":4},"end":{"line":1473,"column":5}},"type":"if","locations":[{"start":{"line":1469,"column":4},"end":{"line":1473,"column":5}},{"start":{},"end":{}}],"line":1469},"249":{"loc":{"start":{"line":1469,"column":8},"end":{"line":1469,"column":59}},"type":"binary-expr","locations":[{"start":{"line":1469,"column":8},"end":{"line":1469,"column":24}},{"start":{"line":1469,"column":28},"end":{"line":1469,"column":59}}],"line":1469},"250":{"loc":{"start":{"line":1475,"column":4},"end":{"line":1477,"column":5}},"type":"if","locations":[{"start":{"line":1475,"column":4},"end":{"line":1477,"column":5}},{"start":{},"end":{}}],"line":1475},"251":{"loc":{"start":{"line":1479,"column":55},"end":{"line":1479,"column":82}},"type":"binary-expr","locations":[{"start":{"line":1479,"column":55},"end":{"line":1479,"column":77}},{"start":{"line":1479,"column":81},"end":{"line":1479,"column":82}}],"line":1479},"252":{"loc":{"start":{"line":1479,"column":95},"end":{"line":1479,"column":124}},"type":"binary-expr","locations":[{"start":{"line":1479,"column":95},"end":{"line":1479,"column":119}},{"start":{"line":1479,"column":123},"end":{"line":1479,"column":124}}],"line":1479},"253":{"loc":{"start":{"line":1505,"column":2},"end":{"line":1505,"column":43}},"type":"if","locations":[{"start":{"line":1505,"column":2},"end":{"line":1505,"column":43}},{"start":{},"end":{}}],"line":1505},"254":{"loc":{"start":{"line":1511,"column":2},"end":{"line":1511,"column":44}},"type":"if","locations":[{"start":{"line":1511,"column":2},"end":{"line":1511,"column":44}},{"start":{},"end":{}}],"line":1511},"255":{"loc":{"start":{"line":1516,"column":2},"end":{"line":1516,"column":54}},"type":"if","locations":[{"start":{"line":1516,"column":2},"end":{"line":1516,"column":54}},{"start":{"line":1516,"column":39},"end":{"line":1516,"column":54}}],"line":1516},"256":{"loc":{"start":{"line":1524,"column":2},"end":{"line":1524,"column":28}},"type":"if","locations":[{"start":{"line":1524,"column":2},"end":{"line":1524,"column":28}},{"start":{},"end":{}}],"line":1524},"257":{"loc":{"start":{"line":1526,"column":2},"end":{"line":1526,"column":19}},"type":"if","locations":[{"start":{"line":1526,"column":2},"end":{"line":1526,"column":19}},{"start":{},"end":{}}],"line":1526},"258":{"loc":{"start":{"line":1527,"column":17},"end":{"line":1527,"column":45}},"type":"cond-expr","locations":[{"start":{"line":1527,"column":29},"end":{"line":1527,"column":36}},{"start":{"line":1527,"column":39},"end":{"line":1527,"column":45}}],"line":1527},"259":{"loc":{"start":{"line":1545,"column":2},"end":{"line":1547,"column":3}},"type":"if","locations":[{"start":{"line":1545,"column":2},"end":{"line":1547,"column":3}},{"start":{},"end":{}}],"line":1545},"260":{"loc":{"start":{"line":1554,"column":4},"end":{"line":1562,"column":5}},"type":"if","locations":[{"start":{"line":1554,"column":4},"end":{"line":1562,"column":5}},{"start":{},"end":{}}],"line":1554}},"s":{"0":0,"1":0,"2":0,"3":0,"4":0,"5":0,"6":0,"7":0,"8":0,"9":0,"10":0,"11":0,"12":0,"13":0,"14":0,"15":0,"16":0,"17":0,"18":0,"19":0,"20":0,"21":0,"22":0,"23":0,"24":0,"25":0,"26":0,"27":0,"28":0,"29":0,"30":0,"31":0,"32":0,"33":0,"34":0,"35":0,"36":0,"37":0,"38":0,"39":0,"40":0,"41":0,"42":0,"43":0,"44":0,"45":0,"46":0,"47":0,"48":0,"49":0,"50":0,"51":0,"52":0,"53":0,"54":0,"55":0,"56":0,"57":0,"58":0,"59":0,"60":0,"61":0,"62":0,"63":0,"64":0,"65":0,"66":0,"67":0,"68":0,"69":0,"70":0,"71":0,"72":0,"73":0,"74":0,"75":0,"76":0,"77":0,"78":0,"79":0,"80":0,"81":0,"82":0,"83":0,"84":0,"85":0,"86":0,"87":0,"88":0,"89":0,"90":0,"91":0,"92":0,"93":0,"94":0,"95":0,"96":0,"97":0,"98":0,"99":0,"100":0,"101":0,"102":0,"103":0,"104":0,"105":0,"106":0,"107":0,"108":0,"109":0,"110":0,"111":0,"112":0,"113":0,"114":0,"115":0,"116":0,"117":0,"118":0,"119":0,"120":0,"121":0,"122":0,"123":0,"124":0,"125":0,"126":0,"127":0,"128":0,"129":0,"130":0,"131":0,"132":0,"133":0,"134":0,"135":0,"136":0,"137":0,"138":0,"139":0,"140":0,"141":0,"142":0,"143":0,"144":0,"145":0,"146":0,"147":0,"148":0,"149":0,"150":0,"151":0,"152":0,"153":0,"154":0,"155":0,"156":0,"157":0,"158":0,"159":0,"160":0,"161":0,"162":0,"163":0,"164":0,"165":0,"166":0,"167":0,"168":0,"169":0,"170":0,"171":0,"172":0,"173":0,"174":0,"175":0,"176":0,"177":0,"178":0,"179":0,"180":0,"181":0,"182":0,"183":0,"184":0,"185":0,"186":0,"187":0,"188":0,"189":0,"190":0,"191":0,"192":0,"193":0,"194":0,"195":0,"196":0,"197":0,"198":0,"199":0,"200":0,"201":0,"202":0,"203":0,"204":0,"205":0,"206":0,"207":0,"208":0,"209":0,"210":0,"211":0,"212":0,"213":0,"214":0,"215":0,"216":0,"217":0,"218":0,"219":0,"220":0,"221":0,"222":0,"223":0,"224":0,"225":0,"226":0,"227":0,"228":0,"229":0,"230":0,"231":0,"232":0,"233":0,"234":0,"235":0,"236":0,"237":0,"238":0,"239":0,"240":0,"241":0,"242":0,"243":0,"244":0,"245":0,"246":0,"247":0,"248":0,"249":0,"250":0,"251":0,"252":0,"253":0,"254":0,"255":0,"256":0,"257":0,"258":0,"259":0,"260":0,"261":0,"262":0,"263":0,"264":0,"265":0,"266":0,"267":0,"268":0,"269":0,"270":0,"271":0,"272":0,"273":0,"274":0,"275":0,"276":0,"277":0,"278":0,"279":0,"280":0,"281":0,"282":0,"283":0,"284":0,"285":0,"286":0,"287":0,"288":0,"289":0,"290":0,"291":0,"292":0,"293":0,"294":0,"295":0,"296":0,"297":0,"298":0,"299":0,"300":0,"301":0,"302":0,"303":0,"304":0,"305":0,"306":0,"307":0,"308":0,"309":0,"310":0,"311":0,"312":0,"313":0,"314":0,"315":0,"316":0,"317":0,"318":0,"319":0,"320":0,"321":0,"322":0,"323":0,"324":0,"325":0,"326":0,"327":0,"328":0,"329":0,"330":0,"331":0,"332":0,"333":0,"334":0,"335":0,"336":0,"337":0,"338":0,"339":0,"340":0,"341":0,"342":0,"343":0,"344":0,"345":0,"346":0,"347":0,"348":0,"349":0,"350":0,"351":0,"352":0,"353":0,"354":0,"355":0,"356":0,"357":0,"358":0,"359":0,"360":0,"361":0,"362":0,"363":0,"364":0,"365":0,"366":0,"367":0,"368":0,"369":0,"370":0,"371":0,"372":0,"373":0,"374":0,"375":0,"376":0,"377":0,"378":0,"379":0,"380":0,"381":0,"382":0,"383":0,"384":0,"385":0,"386":0,"387":0,"388":0,"389":0,"390":0,"391":0,"392":0,"393":0,"394":0,"395":0,"396":0,"397":0,"398":0,"399":0,"400":0,"401":0,"402":0,"403":0,"404":0,"405":0,"406":0,"407":0,"408":0,"409":0,"410":0,"411":0,"412":0,"413":0,"414":0,"415":0,"416":0,"417":0,"418":0,"419":0,"420":0,"421":0,"422":0,"423":0,"424":0,"425":0,"426":0,"427":0,"428":0,"429":0,"430":0,"431":0,"432":0,"433":0,"434":0,"435":0,"436":0,"437":0,"438":0,"439":0,"440":0,"441":0,"442":0,"443":0,"444":0,"445":0,"446":0,"447":0,"448":0,"449":0,"450":0,"451":0,"452":0,"453":0,"454":0,"455":0,"456":0,"457":0,"458":0,"459":0,"460":0,"461":0,"462":0,"463":0,"464":0,"465":0,"466":0,"467":0,"468":0,"469":0,"470":0,"471":0,"472":0,"473":0,"474":0,"475":0,"476":0,"477":0,"478":0,"479":0,"480":0,"481":0,"482":0,"483":0,"484":0,"485":0,"486":0,"487":0,"488":0,"489":0,"490":0,"491":0,"492":0,"493":0,"494":0,"495":0,"496":0,"497":0,"498":0,"499":0,"500":0,"501":0,"502":0,"503":0,"504":0,"505":0,"506":0,"507":0,"508":0,"509":0,"510":0,"511":0,"512":0,"513":0,"514":0,"515":0,"516":0,"517":0,"518":0,"519":0,"520":0,"521":0,"522":0,"523":0,"524":0,"525":0,"526":0,"527":0,"528":0,"529":0,"530":0,"531":0,"532":0,"533":0,"534":0,"535":0,"536":0,"537":0,"538":0,"539":0,"540":0,"541":0,"542":0,"543":0,"544":0,"545":0,"546":0,"547":0,"548":0,"549":0,"550":0,"551":0,"552":0,"553":0,"554":0,"555":0,"556":0,"557":0,"558":0,"559":0,"560":0,"561":0,"562":0,"563":0,"564":0,"565":0,"566":0,"567":0,"568":0,"569":0,"570":0,"571":0,"572":0,"573":0,"574":0,"575":0,"576":0,"577":0,"578":0,"579":0,"580":0,"581":0,"582":0,"583":0,"584":0,"585":0,"586":0,"587":0,"588":0,"589":0,"590":0,"591":0,"592":0,"593":0,"594":0,"595":0,"596":0,"597":0,"598":0,"599":0,"600":0,"601":0,"602":0,"603":0,"604":0,"605":0,"606":0,"607":0,"608":0,"609":0,"610":0,"611":0,"612":0,"613":0,"614":0,"615":0,"616":0,"617":0,"618":0,"619":0,"620":0,"621":0,"622":0,"623":0,"624":0,"625":0,"626":0,"627":0,"628":0,"629":0,"630":0,"631":0,"632":0,"633":0,"634":0,"635":0,"636":0,"637":0,"638":0,"639":0,"640":0,"641":0,"642":0,"643":0,"644":0,"645":0,"646":0,"647":0,"648":0,"649":0,"650":0,"651":0,"652":0,"653":0,"654":0,"655":0,"656":0,"657":0,"658":0,"659":0,"660":0,"661":0,"662":0,"663":0,"664":0,"665":0,"666":0,"667":0,"668":0,"669":0,"670":0,"671":0,"672":0,"673":0,"674":0,"675":0,"676":0,"677":0,"678":0,"679":0,"680":0,"681":0,"682":0,"683":0,"684":0,"685":0,"686":0,"687":0,"688":0,"689":0,"690":0,"691":0,"692":0,"693":0,"694":0,"695":0,"696":0,"697":0,"698":0,"699":0,"700":0,"701":0,"702":0,"703":0,"704":0,"705":0,"706":0,"707":0,"708":0,"709":0,"710":0,"711":0,"712":0,"713":0,"714":0,"715":0,"716":0,"717":0,"718":0,"719":0,"720":0,"721":0,"722":0,"723":0,"724":0,"725":0,"726":0,"727":0,"728":0,"729":0,"730":0,"731":0,"732":0,"733":0,"734":0,"735":0,"736":0,"737":0,"738":0,"739":0,"740":0,"741":0,"742":0,"743":0,"744":0,"745":0,"746":0,"747":0,"748":0,"749":0,"750":0,"751":0,"752":0,"753":0,"754":0,"755":0,"756":0,"757":0,"758":0,"759":0,"760":0,"761":0,"762":0,"763":0,"764":0,"765":0,"766":0,"767":0,"768":0,"769":0,"770":0,"771":0,"772":0,"773":0,"774":0,"775":0,"776":0,"777":0,"778":0,"779":0,"780":0,"781":0,"782":0,"783":0,"784":0,"785":0,"786":0,"787":0,"788":0,"789":0,"790":0,"791":0,"792":0,"793":0,"794":0,"795":0,"796":0,"797":0,"798":0,"799":0,"800":0,"801":0,"802":0,"803":0,"804":0,"805":0,"806":0,"807":0,"808":0,"809":0,"810":0,"811":0,"812":0,"813":0,"814":0,"815":0,"816":0,"817":0,"818":0,"819":0,"820":0,"821":0,"822":0,"823":0,"824":0,"825":0,"826":0,"827":0,"828":0,"829":0,"830":0,"831":0,"832":0,"833":0,"834":0,"835":0,"836":0,"837":0,"838":0,"839":0,"840":0,"841":0,"842":0,"843":0,"844":0,"845":0,"846":0,"847":0,"848":0,"849":0,"850":0,"851":0,"852":0,"853":0,"854":0,"855":0,"856":0,"857":0,"858":0,"859":0,"860":0,"861":0,"862":0,"863":0,"864":0,"865":0,"866":0,"867":0,"868":0,"869":0,"870":0,"871":0,"872":0,"873":0,"874":0,"875":0,"876":0,"877":0,"878":0,"879":0,"880":0,"881":0,"882":0,"883":0,"884":0,"885":0,"886":0,"887":0,"888":0,"889":0,"890":0,"891":0,"892":0,"893":0,"894":0,"895":0,"896":0,"897":0,"898":0,"899":0,"900":0,"901":0,"902":0,"903":0,"904":0,"905":0,"906":0,"907":0,"908":0,"909":0,"910":0,"911":0,"912":0,"913":0,"914":0,"915":0,"916":0,"917":0,"918":0,"919":0,"920":0,"921":0,"922":0,"923":0,"924":0,"925":0,"926":0,"927":0,"928":0,"929":0,"930":0,"931":0,"932":0,"933":0,"934":0,"935":0,"936":0,"937":0,"938":0,"939":0,"940":0,"941":0,"942":0,"943":0,"944":0,"945":0,"946":0,"947":0,"948":0,"949":0,"950":0,"951":0,"952":0,"953":0,"954":0,"955":0,"956":0,"957":0,"958":0,"959":0,"960":0,"961":0,"962":0,"963":0,"964":0,"965":0,"966":0,"967":0,"968":0,"969":0,"970":0,"971":0,"972":0,"973":0,"974":0,"975":0,"976":0,"977":0,"978":0,"979":0,"980":0,"981":0,"982":0,"983":0,"984":0,"985":0,"986":0,"987":0,"988":0,"989":0,"990":0,"991":0,"992":0,"993":0,"994":0,"995":0,"996":0,"997":0,"998":0,"999":0,"1000":0,"1001":0,"1002":0},"f":{"0":0,"1":0,"2":0,"3":0,"4":0,"5":0,"6":0,"7":0,"8":0,"9":0,"10":0,"11":0,"12":0,"13":0,"14":0,"15":0,"16":0,"17":0,"18":0,"19":0,"20":0,"21":0,"22":0,"23":0,"24":0,"25":0,"26":0,"27":0,"28":0,"29":0,"30":0,"31":0,"32":0,"33":0,"34":0,"35":0,"36":0,"37":0,"38":0,"39":0,"40":0,"41":0,"42":0,"43":0,"44":0,"45":0,"46":0,"47":0,"48":0,"49":0,"50":0,"51":0,"52":0,"53":0,"54":0,"55":0,"56":0,"57":0,"58":0,"59":0,"60":0,"61":0,"62":0,"63":0,"64":0,"65":0,"66":0,"67":0,"68":0,"69":0,"70":0,"71":0,"72":0,"73":0,"74":0,"75":0,"76":0,"77":0,"78":0,"79":0,"80":0,"81":0,"82":0,"83":0,"84":0,"85":0,"86":0,"87":0,"88":0,"89":0,"90":0,"91":0,"92":0,"93":0,"94":0,"95":0,"96":0,"97":0,"98":0,"99":0,"100":0,"101":0,"102":0,"103":0,"104":0,"105":0,"106":0,"107":0,"108":0,"109":0,"110":0,"111":0,"112":0,"113":0,"114":0,"115":0,"116":0,"117":0,"118":0,"119":0,"120":0,"121":0,"122":0,"123":0,"124":0,"125":0,"126":0,"127":0},"b":{"0":[0,0],"1":[0,0],"2":[0,0],"3":[0,0],"4":[0,0],"5":[0,0],"6":[0,0,0],"7":[0,0],"8":[0,0],"9":[0,0],"10":[0,0],"11":[0,0],"12":[0,0],"13":[0,0],"14":[0,0],"15":[0,0],"16":[0,0],"17":[0,0],"18":[0,0],"19":[0,0],"20":[0,0],"21":[0,0],"22":[0,0],"23":[0,0],"24":[0,0],"25":[0,0],"26":[0,0],"27":[0,0],"28":[0,0],"29":[0,0],"30":[0,0],"31":[0,0],"32":[0,0],"33":[0,0],"34":[0,0],"35":[0,0],"36":[0,0],"37":[0,0],"38":[0,0],"39":[0,0],"40":[0,0],"41":[0,0],"42":[0,0],"43":[0,0],"44":[0,0],"45":[0,0],"46":[0,0],"47":[0,0],"48":[0,0],"49":[0,0],"50":[0,0],"51":[0,0],"52":[0,0],"53":[0,0],"54":[0,0],"55":[0,0],"56":[0,0],"57":[0,0],"58":[0,0],"59":[0,0],"60":[0,0],"61":[0,0],"62":[0,0],"63":[0,0],"64":[0,0],"65":[0,0],"66":[0,0],"67":[0,0],"68":[0,0],"69":[0,0],"70":[0,0],"71":[0,0],"72":[0,0],"73":[0,0],"74":[0,0],"75":[0,0],"76":[0,0],"77":[0,0],"78":[0,0],"79":[0,0],"80":[0,0],"81":[0,0],"82":[0,0],"83":[0,0],"84":[0,0],"85":[0,0],"86":[0,0],"87":[0,0],"88":[0,0],"89":[0,0],"90":[0,0],"91":[0,0],"92":[0,0],"93":[0,0],"94":[0,0],"95":[0,0],"96":[0,0],"97":[0,0],"98":[0,0],"99":[0,0],"100":[0,0],"101":[0,0],"102":[0,0],"103":[0,0],"104":[0,0],"105":[0,0],"106":[0,0],"107":[0,0],"108":[0,0],"109":[0,0],"110":[0,0],"111":[0,0],"112":[0,0],"113":[0,0],"114":[0,0],"115":[0,0],"116":[0,0],"117":[0,0],"118":[0,0],"119":[0,0],"120":[0,0],"121":[0,0],"122":[0,0],"123":[0,0],"124":[0,0],"125":[0,0],"126":[0,0],"127":[0,0],"128":[0,0],"129":[0,0],"130":[0,0],"131":[0,0],"132":[0,0],"133":[0,0],"134":[0,0],"135":[0,0],"136":[0,0],"137":[0,0],"138":[0,0],"139":[0,0],"140":[0,0],"141":[0,0],"142":[0,0],"143":[0,0],"144":[0,0],"145":[0,0],"146":[0,0],"147":[0,0],"148":[0,0],"149":[0,0],"150":[0,0],"151":[0,0],"152":[0,0],"153":[0,0],"154":[0,0],"155":[0,0],"156":[0,0,0],"157":[0,0],"158":[0,0],"159":[0,0],"160":[0,0],"161":[0,0],"162":[0,0],"163":[0,0],"164":[0,0],"165":[0,0],"166":[0,0],"167":[0,0],"168":[0,0],"169":[0,0],"170":[0,0],"171":[0,0],"172":[0,0],"173":[0,0],"174":[0,0],"175":[0,0],"176":[0,0],"177":[0,0],"178":[0,0,0],"179":[0,0],"180":[0,0],"181":[0,0],"182":[0,0],"183":[0,0],"184":[0,0],"185":[0,0],"186":[0,0],"187":[0,0],"188":[0,0],"189":[0,0],"190":[0,0],"191":[0,0,0],"192":[0,0],"193":[0,0],"194":[0,0],"195":[0,0],"196":[0,0],"197":[0,0],"198":[0,0],"199":[0,0],"200":[0,0],"201":[0,0],"202":[0,0],"203":[0,0],"204":[0,0],"205":[0,0],"206":[0,0],"207":[0,0,0],"208":[0,0],"209":[0,0],"210":[0,0,0],"211":[0,0],"212":[0,0],"213":[0,0],"214":[0,0],"215":[0,0],"216":[0,0],"217":[0,0],"218":[0,0],"219":[0,0],"220":[0,0],"221":[0,0],"222":[0,0],"223":[0,0],"224":[0,0],"225":[0,0],"226":[0,0],"227":[0,0],"228":[0,0],"229":[0,0],"230":[0,0],"231":[0,0],"232":[0,0],"233":[0,0],"234":[0,0],"235":[0,0],"236":[0,0],"237":[0,0],"238":[0,0],"239":[0,0],"240":[0,0],"241":[0,0],"242":[0,0],"243":[0,0],"244":[0,0],"245":[0,0],"246":[0,0],"247":[0,0],"248":[0,0],"249":[0,0],"250":[0,0],"251":[0,0],"252":[0,0],"253":[0,0],"254":[0,0],"255":[0,0],"256":[0,0],"257":[0,0],"258":[0,0],"259":[0,0],"260":[0,0]}}
}
