TN:
SF:background.js
FN:9,registerContentScripts
FN:49,reinjectContentScripts
FN:89,(anonymous_2)
FN:90,(anonymous_3)
FN:119,(anonymous_4)
FN:124,(anonymous_5)
FN:130,(anonymous_6)
FN:145,(anonymous_7)
FN:163,(anonymous_8)
FN:172,(anonymous_9)
FN:178,(anonymous_10)
FN:189,(anonymous_11)
FN:196,(anonymous_12)
FN:201,(anonymous_13)
FN:228,(anonymous_14)
FN:234,(anonymous_15)
FN:251,(anonymous_16)
FN:279,(anonymous_17)
FN:317,(anonymous_18)
FN:328,(anonymous_19)
FN:348,(anonymous_20)
FN:387,(anonymous_21)
FN:415,(anonymous_22)
FN:428,(anonymous_23)
FN:435,(anonymous_24)
FN:448,(anonymous_25)
FN:480,(anonymous_26)
FN:495,(anonymous_27)
FN:536,(anonymous_28)
FN:556,(anonymous_29)
FN:572,(anonymous_30)
FN:586,(anonymous_31)
FN:591,(anonymous_32)
FN:612,(anonymous_33)
FN:618,(anonymous_34)
FN:623,(anonymous_35)
FN:655,(anonymous_36)
FN:670,(anonymous_37)
FN:683,(anonymous_38)
FN:699,(anonymous_39)
FN:713,(anonymous_40)
FN:736,(anonymous_41)
FN:750,(anonymous_42)
FN:754,(anonymous_43)
FN:803,(anonymous_44)
FN:812,(anonymous_45)
FN:839,(anonymous_46)
FN:847,(anonymous_47)
FN:880,(anonymous_48)
FN:906,(anonymous_49)
FN:918,(anonymous_50)
FN:950,(anonymous_51)
FN:956,getAdapter
FN:992,storageGet
FN:993,(anonymous_54)
FN:994,(anonymous_55)
FN:1004,storageSet
FN:1005,(anonymous_57)
FN:1006,(anonymous_58)
FN:1017,(anonymous_59)
FN:1031,dbg
FN:1049,(anonymous_61)
FN:1053,_flushLogs
FN:1074,baseUrl
FN:1080,getNasList
FN:1081,(anonymous_65)
FN:1082,(anonymous_66)
FN:1086,(anonymous_67)
FN:1106,getNasById
FN:1108,(anonymous_69)
FN:1111,saveNasList
FN:1112,(anonymous_71)
FN:1115,addNas
FN:1121,updateNas
FN:1123,(anonymous_74)
FN:1130,deleteNas
FN:1132,(anonymous_76)
FN:1139,getSettings
FN:1146,getWhitelist
FN:1147,(anonymous_79)
FN:1148,(anonymous_80)
FN:1152,setWhitelist
FN:1153,(anonymous_82)
FN:1156,addToWhitelist
FN:1164,removeFromWhitelist
FN:1166,(anonymous_85)
FN:1172,getWhitelistMode
FN:1173,(anonymous_87)
FN:1174,(anonymous_88)
FN:1178,setWhitelistMode
FN:1179,(anonymous_90)
FN:1186,getStoredSid
FN:1187,(anonymous_92)
FN:1188,(anonymous_93)
FN:1194,storeSid
FN:1195,(anonymous_95)
FN:1196,(anonymous_96)
FN:1204,removeSid
FN:1205,(anonymous_98)
FN:1206,(anonymous_99)
FN:1214,clearAllSids
FN:1215,(anonymous_101)
FN:1220,nasFetch
FN:1227,(anonymous_103)
FN:1247,nasLogin
FN:1276,getSid
FN:1292,nasCall
FN:1310,qbLogin
FN:1344,qbFetch
FN:1353,qbCall
FN:1366,qbListTasks
FN:1382,(anonymous_111)
FN:1396,qbAddDownload
FN:1417,(anonymous_113)
FN:1443,(anonymous_114)
FN:1448,(anonymous_115)
FN:1452,(anonymous_116)
FN:1462,(anonymous_117)
FN:1474,(anonymous_118)
FN:1484,(anonymous_119)
FN:1495,(anonymous_120)
FN:1508,torrentToMagnet
FN:1536,calculateTorrentInfoHash
FN:1558,(anonymous_123)
FN:1565,isValidMagnetURI
FN:1570,isValidTorrentURL
FN:1579,synoAddDownload
FN:1602,(anonymous_127)
FN:1617,(anonymous_128)
FN:1631,downloadTorrentFile
FN:1637,arrayBufferToBase64
FN:1648,testConnection
FN:1691,decodeName
FN:1698,extractFileName
FN:1707,notify
FN:1711,sendDownload
FN:1741,listTasks
FN:1753,taskAction
FN:1783,initContextMenu
FN:1786,(anonymous_139)
FN:1791,(anonymous_140)
FN:1809,updateContextMenu
FN:1812,(anonymous_142)
FN:1820,(anonymous_143)
FN:1827,(anonymous_144)
FN:1838,(anonymous_145)
FN:1855,(anonymous_146)
FN:1868,(anonymous_147)
FN:1871,(anonymous_148)
FN:1878,(anonymous_149)
FN:1903,(anonymous_150)
FN:1918,(anonymous_151)
FN:1933,(anonymous_152)
FN:1938,(anonymous_153)
FN:1942,(anonymous_154)
FN:1946,(anonymous_155)
FN:1950,(anonymous_156)
FN:1954,(anonymous_157)
FN:1958,(anonymous_158)
FN:1962,(anonymous_159)
FN:1966,(anonymous_160)
FN:1977,(anonymous_161)
FN:1996,(anonymous_162)
FNF:163
FNH:0
FNDA:0,registerContentScripts
FNDA:0,reinjectContentScripts
FNDA:0,(anonymous_2)
FNDA:0,(anonymous_3)
FNDA:0,(anonymous_4)
FNDA:0,(anonymous_5)
FNDA:0,(anonymous_6)
FNDA:0,(anonymous_7)
FNDA:0,(anonymous_8)
FNDA:0,(anonymous_9)
FNDA:0,(anonymous_10)
FNDA:0,(anonymous_11)
FNDA:0,(anonymous_12)
FNDA:0,(anonymous_13)
FNDA:0,(anonymous_14)
FNDA:0,(anonymous_15)
FNDA:0,(anonymous_16)
FNDA:0,(anonymous_17)
FNDA:0,(anonymous_18)
FNDA:0,(anonymous_19)
FNDA:0,(anonymous_20)
FNDA:0,(anonymous_21)
FNDA:0,(anonymous_22)
FNDA:0,(anonymous_23)
FNDA:0,(anonymous_24)
FNDA:0,(anonymous_25)
FNDA:0,(anonymous_26)
FNDA:0,(anonymous_27)
FNDA:0,(anonymous_28)
FNDA:0,(anonymous_29)
FNDA:0,(anonymous_30)
FNDA:0,(anonymous_31)
FNDA:0,(anonymous_32)
FNDA:0,(anonymous_33)
FNDA:0,(anonymous_34)
FNDA:0,(anonymous_35)
FNDA:0,(anonymous_36)
FNDA:0,(anonymous_37)
FNDA:0,(anonymous_38)
FNDA:0,(anonymous_39)
FNDA:0,(anonymous_40)
FNDA:0,(anonymous_41)
FNDA:0,(anonymous_42)
FNDA:0,(anonymous_43)
FNDA:0,(anonymous_44)
FNDA:0,(anonymous_45)
FNDA:0,(anonymous_46)
FNDA:0,(anonymous_47)
FNDA:0,(anonymous_48)
FNDA:0,(anonymous_49)
FNDA:0,(anonymous_50)
FNDA:0,(anonymous_51)
FNDA:0,getAdapter
FNDA:0,storageGet
FNDA:0,(anonymous_54)
FNDA:0,(anonymous_55)
FNDA:0,storageSet
FNDA:0,(anonymous_57)
FNDA:0,(anonymous_58)
FNDA:0,(anonymous_59)
FNDA:0,dbg
FNDA:0,(anonymous_61)
FNDA:0,_flushLogs
FNDA:0,baseUrl
FNDA:0,getNasList
FNDA:0,(anonymous_65)
FNDA:0,(anonymous_66)
FNDA:0,(anonymous_67)
FNDA:0,getNasById
FNDA:0,(anonymous_69)
FNDA:0,saveNasList
FNDA:0,(anonymous_71)
FNDA:0,addNas
FNDA:0,updateNas
FNDA:0,(anonymous_74)
FNDA:0,deleteNas
FNDA:0,(anonymous_76)
FNDA:0,getSettings
FNDA:0,getWhitelist
FNDA:0,(anonymous_79)
FNDA:0,(anonymous_80)
FNDA:0,setWhitelist
FNDA:0,(anonymous_82)
FNDA:0,addToWhitelist
FNDA:0,removeFromWhitelist
FNDA:0,(anonymous_85)
FNDA:0,getWhitelistMode
FNDA:0,(anonymous_87)
FNDA:0,(anonymous_88)
FNDA:0,setWhitelistMode
FNDA:0,(anonymous_90)
FNDA:0,getStoredSid
FNDA:0,(anonymous_92)
FNDA:0,(anonymous_93)
FNDA:0,storeSid
FNDA:0,(anonymous_95)
FNDA:0,(anonymous_96)
FNDA:0,removeSid
FNDA:0,(anonymous_98)
FNDA:0,(anonymous_99)
FNDA:0,clearAllSids
FNDA:0,(anonymous_101)
FNDA:0,nasFetch
FNDA:0,(anonymous_103)
FNDA:0,nasLogin
FNDA:0,getSid
FNDA:0,nasCall
FNDA:0,qbLogin
FNDA:0,qbFetch
FNDA:0,qbCall
FNDA:0,qbListTasks
FNDA:0,(anonymous_111)
FNDA:0,qbAddDownload
FNDA:0,(anonymous_113)
FNDA:0,(anonymous_114)
FNDA:0,(anonymous_115)
FNDA:0,(anonymous_116)
FNDA:0,(anonymous_117)
FNDA:0,(anonymous_118)
FNDA:0,(anonymous_119)
FNDA:0,(anonymous_120)
FNDA:0,torrentToMagnet
FNDA:0,calculateTorrentInfoHash
FNDA:0,(anonymous_123)
FNDA:0,isValidMagnetURI
FNDA:0,isValidTorrentURL
FNDA:0,synoAddDownload
FNDA:0,(anonymous_127)
FNDA:0,(anonymous_128)
FNDA:0,downloadTorrentFile
FNDA:0,arrayBufferToBase64
FNDA:0,testConnection
FNDA:0,decodeName
FNDA:0,extractFileName
FNDA:0,notify
FNDA:0,sendDownload
FNDA:0,listTasks
FNDA:0,taskAction
FNDA:0,initContextMenu
FNDA:0,(anonymous_139)
FNDA:0,(anonymous_140)
FNDA:0,updateContextMenu
FNDA:0,(anonymous_142)
FNDA:0,(anonymous_143)
FNDA:0,(anonymous_144)
FNDA:0,(anonymous_145)
FNDA:0,(anonymous_146)
FNDA:0,(anonymous_147)
FNDA:0,(anonymous_148)
FNDA:0,(anonymous_149)
FNDA:0,(anonymous_150)
FNDA:0,(anonymous_151)
FNDA:0,(anonymous_152)
FNDA:0,(anonymous_153)
FNDA:0,(anonymous_154)
FNDA:0,(anonymous_155)
FNDA:0,(anonymous_156)
FNDA:0,(anonymous_157)
FNDA:0,(anonymous_158)
FNDA:0,(anonymous_159)
FNDA:0,(anonymous_160)
FNDA:0,(anonymous_161)
FNDA:0,(anonymous_162)
DA:7,0
DA:10,0
DA:11,0
DA:12,0
DA:15,0
DA:17,0
DA:18,0
DA:19,0
DA:20,0
DA:23,0
DA:24,0
DA:27,0
DA:29,0
DA:32,0
DA:41,0
DA:43,0
DA:45,0
DA:50,0
DA:51,0
DA:52,0
DA:53,0
DA:54,0
DA:57,0
DA:61,0
DA:63,0
DA:64,0
DA:66,0
DA:67,0
DA:69,0
DA:70,0
DA:71,0
DA:73,0
DA:77,0
DA:78,0
DA:81,0
DA:83,0
DA:88,0
DA:89,0
DA:90,0
DA:93,0
DA:94,0
DA:95,0
DA:97,0
DA:99,0
DA:100,0
DA:101,0
DA:104,0
DA:105,0
DA:109,0
DA:111,0
DA:120,0
DA:121,0
DA:125,0
DA:131,0
DA:132,0
DA:134,0
DA:135,0
DA:136,0
DA:137,0
DA:138,0
DA:139,0
DA:140,0
DA:141,0
DA:142,0
DA:147,0
DA:160,0
DA:164,0
DA:165,0
DA:166,0
DA:167,0
DA:168,0
DA:169,0
DA:170,0
DA:172,0
DA:179,0
DA:180,0
DA:182,0
DA:183,0
DA:186,0
DA:190,0
DA:191,0
DA:197,0
DA:198,0
DA:202,0
DA:203,0
DA:207,0
DA:208,0
DA:211,0
DA:212,0
DA:214,0
DA:217,0
DA:219,0
DA:221,0
DA:222,0
DA:224,0
DA:229,0
DA:230,0
DA:231,0
DA:232,0
DA:234,0
DA:247,0
DA:248,0
DA:253,0
DA:276,0
DA:280,0
DA:281,0
DA:283,0
DA:284,0
DA:287,0
DA:288,0
DA:289,0
DA:290,0
DA:294,0
DA:295,0
DA:298,0
DA:299,0
DA:300,0
DA:306,0
DA:307,0
DA:310,0
DA:312,0
DA:313,0
DA:319,0
DA:325,0
DA:326,0
DA:328,0
DA:329,0
DA:330,0
DA:331,0
DA:332,0
DA:334,0
DA:339,0
DA:341,0
DA:342,0
DA:350,0
DA:351,0
DA:354,0
DA:355,0
DA:356,0
DA:357,0
DA:358,0
DA:359,0
DA:361,0
DA:362,0
DA:377,0
DA:378,0
DA:380,0
DA:381,0
DA:383,0
DA:388,0
DA:389,0
DA:392,0
DA:393,0
DA:394,0
DA:398,0
DA:399,0
DA:401,0
DA:402,0
DA:403,0
DA:404,0
DA:405,0
DA:406,0
DA:409,0
DA:410,0
DA:411,0
DA:412,0
DA:416,0
DA:417,0
DA:420,0
DA:421,0
DA:422,0
DA:424,0
DA:429,0
DA:430,0
DA:436,0
DA:437,0
DA:439,0
DA:440,0
DA:444,0
DA:445,0
DA:449,0
DA:450,0
DA:454,0
DA:456,0
DA:463,0
DA:469,0
DA:471,0
DA:474,0
DA:475,0
DA:476,0
DA:479,0
DA:480,0
DA:496,0
DA:497,0
DA:499,0
DA:500,0
DA:503,0
DA:504,0
DA:508,0
DA:510,0
DA:511,0
DA:512,0
DA:513,0
DA:516,0
DA:524,0
DA:530,0
DA:531,0
DA:532,0
DA:537,0
DA:543,0
DA:544,0
DA:546,0
DA:547,0
DA:551,0
DA:553,0
DA:556,0
DA:560,0
DA:566,0
DA:567,0
DA:568,0
DA:574,0
DA:583,0
DA:587,0
DA:588,0
DA:592,0
DA:593,0
DA:596,0
DA:598,0
DA:604,0
DA:605,0
DA:607,0
DA:613,0
DA:614,0
DA:615,0
DA:619,0
DA:620,0
DA:624,0
DA:626,0
DA:627,0
DA:630,0
DA:631,0
DA:633,0
DA:634,0
DA:635,0
DA:638,0
DA:639,0
DA:642,0
DA:643,0
DA:644,0
DA:646,0
DA:647,0
DA:650,0
DA:651,0
DA:656,0
DA:657,0
DA:659,0
DA:660,0
DA:661,0
DA:662,0
DA:663,0
DA:665,0
DA:666,0
DA:671,0
DA:672,0
DA:673,0
DA:674,0
DA:678,0
DA:680,0
DA:682,0
DA:683,0
DA:701,0
DA:710,0
DA:714,0
DA:715,0
DA:716,0
DA:718,0
DA:719,0
DA:722,0
DA:723,0
DA:725,0
DA:726,0
DA:727,0
DA:729,0
DA:730,0
DA:731,0
DA:732,0
DA:737,0
DA:738,0
DA:739,0
DA:740,0
DA:741,0
DA:742,0
DA:743,0
DA:744,0
DA:745,0
DA:746,0
DA:751,0
DA:757,0
DA:758,0
DA:760,0
DA:762,0
DA:763,0
DA:769,0
DA:770,0
DA:773,0
DA:780,0
DA:783,0
DA:784,0
DA:785,0
DA:788,0
DA:789,0
DA:792,0
DA:793,0
DA:795,0
DA:797,0
DA:804,0
DA:805,0
DA:807,0
DA:808,0
DA:809,0
DA:813,0
DA:814,0
DA:815,0
DA:816,0
DA:818,0
DA:819,0
DA:822,0
DA:825,0
DA:826,0
DA:827,0
DA:828,0
DA:829,0
DA:830,0
DA:834,0
DA:835,0
DA:836,0
DA:840,0
DA:841,0
DA:842,0
DA:843,0
DA:844,0
DA:846,0
DA:847,0
DA:848,0
DA:849,0
DA:850,0
DA:851,0
DA:852,0
DA:855,0
DA:856,0
DA:857,0
DA:858,0
DA:860,0
DA:862,0
DA:875,0
DA:876,0
DA:881,0
DA:882,0
DA:883,0
DA:885,0
DA:886,0
DA:887,0
DA:889,0
DA:890,0
DA:891,0
DA:893,0
DA:896,0
DA:897,0
DA:899,0
DA:907,0
DA:915,0
DA:919,0
DA:920,0
DA:921,0
DA:922,0
DA:924,0
DA:926,0
DA:927,0
DA:933,0
DA:935,0
DA:936,0
DA:937,0
DA:938,0
DA:941,0
DA:942,0
DA:943,0
DA:945,0
DA:946,0
DA:951,0
DA:952,0
DA:957,0
DA:958,0
DA:960,0
DA:962,0
DA:964,0
DA:966,0
DA:968,0
DA:970,0
DA:976,0
DA:987,0
DA:988,0
DA:989,0
DA:993,0
DA:994,0
DA:995,0
DA:996,0
DA:998,0
DA:1005,0
DA:1006,0
DA:1007,0
DA:1008,0
DA:1010,0
DA:1017,0
DA:1018,0
DA:1019,0
DA:1020,0
DA:1021,0
DA:1022,0
DA:1023,0
DA:1024,0
DA:1025,0
DA:1027,0
DA:1032,0
DA:1038,0
DA:1039,0
DA:1041,0
DA:1042,0
DA:1047,0
DA:1048,0
DA:1049,0
DA:1054,0
DA:1055,0
DA:1056,0
DA:1058,0
DA:1060,0
DA:1061,0
DA:1062,0
DA:1063,0
DA:1064,0
DA:1065,0
DA:1066,0
DA:1068,0
DA:1075,0
DA:1076,0
DA:1081,0
DA:1082,0
DA:1083,0
DA:1085,0
DA:1086,0
DA:1087,0
DA:1089,0
DA:1095,0
DA:1097,0
DA:1100,0
DA:1107,0
DA:1108,0
DA:1112,0
DA:1116,0
DA:1117,0
DA:1118,0
DA:1122,0
DA:1123,0
DA:1124,0
DA:1125,0
DA:1126,0
DA:1131,0
DA:1132,0
DA:1133,0
DA:1135,0
DA:1140,0
DA:1141,0
DA:1147,0
DA:1148,0
DA:1153,0
DA:1157,0
DA:1158,0
DA:1159,0
DA:1160,0
DA:1165,0
DA:1166,0
DA:1173,0
DA:1174,0
DA:1179,0
DA:1187,0
DA:1188,0
DA:1189,0
DA:1195,0
DA:1196,0
DA:1197,0
DA:1198,0
DA:1199,0
DA:1205,0
DA:1206,0
DA:1207,0
DA:1208,0
DA:1209,0
DA:1215,0
DA:1221,0
DA:1224,0
DA:1226,0
DA:1227,0
DA:1230,0
DA:1231,0
DA:1233,0
DA:1234,0
DA:1235,0
DA:1236,0
DA:1237,0
DA:1239,0
DA:1240,0
DA:1242,0
DA:1243,0
DA:1244,0
DA:1248,0
DA:1249,0
DA:1258,0
DA:1264,0
DA:1265,0
DA:1267,0
DA:1268,0
DA:1269,0
DA:1270,0
DA:1271,0
DA:1277,0
DA:1278,0
DA:1279,0
DA:1280,0
DA:1281,0
DA:1284,0
DA:1285,0
DA:1286,0
DA:1287,0
DA:1293,0
DA:1294,0
DA:1295,0
DA:1298,0
DA:1299,0
DA:1300,0
DA:1301,0
DA:1302,0
DA:1304,0
DA:1311,0
DA:1312,0
DA:1313,0
DA:1314,0
DA:1315,0
DA:1316,0
DA:1318,0
DA:1319,0
DA:1334,0
DA:1335,0
DA:1337,0
DA:1338,0
DA:1340,0
DA:1345,0
DA:1346,0
DA:1347,0
DA:1348,0
DA:1349,0
DA:1350,0
DA:1354,0
DA:1355,0
DA:1357,0
DA:1358,0
DA:1359,0
DA:1360,0
DA:1362,0
DA:1367,0
DA:1368,0
DA:1370,0
DA:1371,0
DA:1373,0
DA:1377,0
DA:1378,0
DA:1379,0
DA:1382,0
DA:1398,0
DA:1399,0
DA:1400,0
DA:1404,0
DA:1405,0
DA:1406,0
DA:1407,0
DA:1408,0
DA:1409,0
DA:1410,0
DA:1412,0
DA:1417,0
DA:1418,0
DA:1419,0
DA:1421,0
DA:1426,0
DA:1427,0
DA:1429,0
DA:1430,0
DA:1431,0
DA:1432,0
DA:1434,0
DA:1444,0
DA:1445,0
DA:1449,0
DA:1453,0
DA:1454,0
DA:1455,0
DA:1456,0
DA:1457,0
DA:1458,0
DA:1459,0
DA:1463,0
DA:1464,0
DA:1465,0
DA:1466,0
DA:1467,0
DA:1468,0
DA:1470,0
DA:1471,0
DA:1475,0
DA:1476,0
DA:1477,0
DA:1478,0
DA:1480,0
DA:1481,0
DA:1485,0
DA:1486,0
DA:1487,0
DA:1488,0
DA:1489,0
DA:1491,0
DA:1492,0
DA:1496,0
DA:1497,0
DA:1498,0
DA:1499,0
DA:1501,0
DA:1502,0
DA:1503,0
DA:1504,0
DA:1509,0
DA:1510,0
DA:1511,0
DA:1513,0
DA:1516,0
DA:1519,0
DA:1522,0
DA:1525,0
DA:1526,0
DA:1529,0
DA:1531,0
DA:1532,0
DA:1538,0
DA:1539,0
DA:1540,0
DA:1541,0
DA:1544,0
DA:1545,0
DA:1546,0
DA:1547,0
DA:1548,0
DA:1549,0
DA:1550,0
DA:1553,0
DA:1556,0
DA:1557,0
DA:1558,0
DA:1560,0
DA:1566,0
DA:1567,0
DA:1571,0
DA:1572,0
DA:1573,0
DA:1575,0
DA:1581,0
DA:1582,0
DA:1583,0
DA:1587,0
DA:1588,0
DA:1589,0
DA:1590,0
DA:1591,0
DA:1592,0
DA:1593,0
DA:1595,0
DA:1600,0
DA:1602,0
DA:1603,0
DA:1610,0
DA:1611,0
DA:1612,0
DA:1618,0
DA:1619,0
DA:1621,0
DA:1622,0
DA:1623,0
DA:1624,0
DA:1625,0
DA:1632,0
DA:1633,0
DA:1634,0
DA:1638,0
DA:1639,0
DA:1640,0
DA:1641,0
DA:1643,0
DA:1649,0
DA:1650,0
DA:1651,0
DA:1652,0
DA:1653,0
DA:1656,0
DA:1658,0
DA:1659,0
DA:1660,0
DA:1664,0
DA:1665,0
DA:1666,0
DA:1667,0
DA:1668,0
DA:1669,0
DA:1671,0
DA:1672,0
DA:1673,0
DA:1674,0
DA:1676,0
DA:1677,0
DA:1679,0
DA:1683,0
DA:1684,0
DA:1685,0
DA:1692,0
DA:1693,0
DA:1694,0
DA:1695,0
DA:1699,0
DA:1700,0
DA:1701,0
DA:1702,0
DA:1703,0
DA:1704,0
DA:1712,0
DA:1713,0
DA:1715,0
DA:1716,0
DA:1717,0
DA:1718,0
DA:1721,0
DA:1722,0
DA:1724,0
DA:1725,0
DA:1726,0
DA:1727,0
DA:1728,0
DA:1730,0
DA:1731,0
DA:1736,0
DA:1742,0
DA:1744,0
DA:1745,0
DA:1747,0
DA:1748,0
DA:1749,0
DA:1750,0
DA:1754,0
DA:1762,0
DA:1763,0
DA:1765,0
DA:1766,0
DA:1772,0
DA:1774,0
DA:1775,0
DA:1776,0
DA:1781,0
DA:1784,0
DA:1786,0
DA:1787,0
DA:1792,0
DA:1793,0
DA:1794,0
DA:1796,0
DA:1797,0
DA:1803,0
DA:1805,0
DA:1811,0
DA:1812,0
DA:1814,0
DA:1817,0
DA:1818,0
DA:1820,0
DA:1821,0
DA:1822,0
DA:1828,0
DA:1829,0
DA:1831,0
DA:1834,0
DA:1838,0
DA:1839,0
DA:1841,0
DA:1842,0
DA:1844,0
DA:1846,0
DA:1847,0
DA:1849,0
DA:1855,0
DA:1856,0
DA:1858,0
DA:1859,0
DA:1860,0
DA:1863,0
DA:1864,0
DA:1866,0
DA:1867,0
DA:1868,0
DA:1869,0
DA:1870,0
DA:1872,0
DA:1873,0
DA:1875,0
DA:1877,0
DA:1878,0
DA:1879,0
DA:1880,0
DA:1882,0
DA:1883,0
DA:1884,0
DA:1885,0
DA:1886,0
DA:1889,0
DA:1890,0
DA:1891,0
DA:1892,0
DA:1893,0
DA:1894,0
DA:1896,0
DA:1897,0
DA:1900,0
DA:1902,0
DA:1903,0
DA:1904,0
DA:1905,0
DA:1907,0
DA:1908,0
DA:1909,0
DA:1910,0
DA:1912,0
DA:1915,0
DA:1917,0
DA:1918,0
DA:1919,0
DA:1920,0
DA:1922,0
DA:1923,0
DA:1924,0
DA:1925,0
DA:1927,0
DA:1930,0
DA:1932,0
DA:1933,0
DA:1934,0
DA:1936,0
DA:1937,0
DA:1938,0
DA:1939,0
DA:1941,0
DA:1942,0
DA:1943,0
DA:1945,0
DA:1946,0
DA:1947,0
DA:1949,0
DA:1950,0
DA:1951,0
DA:1953,0
DA:1954,0
DA:1955,0
DA:1957,0
DA:1958,0
DA:1959,0
DA:1961,0
DA:1962,0
DA:1963,0
DA:1965,0
DA:1966,0
DA:1967,0
DA:1970,0
DA:1971,0
DA:1977,0
DA:1978,0
DA:1980,0
DA:1981,0
DA:1982,0
DA:1983,0
DA:1984,0
DA:1985,0
DA:1986,0
DA:1987,0
DA:1988,0
DA:1989,0
DA:1992,0
DA:1996,0
DA:1997,0
DA:1998,0
DA:1999,0
DA:2000,0
DA:2002,0
LF:903
LH:0
BRDA:10,0,0,0
BRDA:10,0,1,0
BRDA:18,1,0,0
BRDA:18,1,1,0
BRDA:43,2,0,0
BRDA:43,2,1,0
BRDA:52,3,0,0
BRDA:52,3,1,0
BRDA:67,4,0,0
BRDA:67,4,1,0
BRDA:70,5,0,0
BRDA:70,5,1,0
BRDA:71,6,0,0
BRDA:71,6,1,0
BRDA:73,7,0,0
BRDA:73,7,1,0
BRDA:73,8,0,0
BRDA:73,8,1,0
BRDA:73,8,2,0
BRDA:73,8,3,0
BRDA:88,9,0,0
BRDA:88,9,1,0
BRDA:97,10,0,0
BRDA:97,10,1,0
BRDA:99,11,0,0
BRDA:99,11,1,0
BRDA:111,12,0,0
BRDA:111,12,1,0
BRDA:131,13,0,0
BRDA:131,13,1,0
BRDA:131,14,0,0
BRDA:131,14,1,0
BRDA:131,14,2,0
BRDA:140,15,0,0
BRDA:140,15,1,0
BRDA:140,16,0,0
BRDA:140,16,1,0
BRDA:142,17,0,0
BRDA:142,17,1,0
BRDA:160,18,0,0
BRDA:160,18,1,0
BRDA:169,19,0,0
BRDA:169,19,1,0
BRDA:169,20,0,0
BRDA:169,20,1,0
BRDA:170,21,0,0
BRDA:170,21,1,0
BRDA:182,22,0,0
BRDA:182,22,1,0
BRDA:182,23,0,0
BRDA:182,23,1,0
BRDA:198,24,0,0
BRDA:198,24,1,0
BRDA:202,25,0,0
BRDA:202,25,1,0
BRDA:202,26,0,0
BRDA:202,26,1,0
BRDA:207,27,0,0
BRDA:207,27,1,0
BRDA:207,28,0,0
BRDA:207,28,1,0
BRDA:212,29,0,0
BRDA:212,29,1,0
BRDA:221,30,0,0
BRDA:221,30,1,0
BRDA:232,31,0,0
BRDA:232,31,1,0
BRDA:247,32,0,0
BRDA:247,32,1,0
BRDA:276,33,0,0
BRDA:276,33,1,0
BRDA:283,34,0,0
BRDA:283,34,1,0
BRDA:283,35,0,0
BRDA:283,35,1,0
BRDA:288,36,0,0
BRDA:288,36,1,0
BRDA:294,37,0,0
BRDA:294,37,1,0
BRDA:306,38,0,0
BRDA:306,38,1,0
BRDA:312,39,0,0
BRDA:312,39,1,0
BRDA:312,40,0,0
BRDA:312,40,1,0
BRDA:326,41,0,0
BRDA:326,41,1,0
BRDA:331,42,0,0
BRDA:331,42,1,0
BRDA:341,43,0,0
BRDA:341,43,1,0
BRDA:350,44,0,0
BRDA:350,44,1,0
BRDA:354,45,0,0
BRDA:354,45,1,0
BRDA:377,46,0,0
BRDA:377,46,1,0
BRDA:377,47,0,0
BRDA:377,47,1,0
BRDA:387,48,0,0
BRDA:392,49,0,0
BRDA:392,49,1,0
BRDA:393,50,0,0
BRDA:393,50,1,0
BRDA:401,51,0,0
BRDA:401,51,1,0
BRDA:410,52,0,0
BRDA:410,52,1,0
BRDA:410,53,0,0
BRDA:410,53,1,0
BRDA:411,54,0,0
BRDA:411,54,1,0
BRDA:420,55,0,0
BRDA:420,55,1,0
BRDA:420,56,0,0
BRDA:420,56,1,0
BRDA:429,57,0,0
BRDA:429,57,1,0
BRDA:436,58,0,0
BRDA:436,58,1,0
BRDA:436,59,0,0
BRDA:436,59,1,0
BRDA:444,60,0,0
BRDA:444,60,1,0
BRDA:449,61,0,0
BRDA:449,61,1,0
BRDA:454,62,0,0
BRDA:454,62,1,0
BRDA:469,63,0,0
BRDA:469,63,1,0
BRDA:475,64,0,0
BRDA:475,64,1,0
BRDA:475,65,0,0
BRDA:475,65,1,0
BRDA:479,66,0,0
BRDA:479,66,1,0
BRDA:491,67,0,0
BRDA:491,67,1,0
BRDA:499,68,0,0
BRDA:499,68,1,0
BRDA:499,69,0,0
BRDA:499,69,1,0
BRDA:503,70,0,0
BRDA:503,70,1,0
BRDA:508,71,0,0
BRDA:508,71,1,0
BRDA:511,72,0,0
BRDA:511,72,1,0
BRDA:519,73,0,0
BRDA:519,73,1,0
BRDA:520,74,0,0
BRDA:520,74,1,0
BRDA:531,75,0,0
BRDA:531,75,1,0
BRDA:544,76,0,0
BRDA:544,76,1,0
BRDA:546,77,0,0
BRDA:546,77,1,0
BRDA:551,78,0,0
BRDA:551,78,1,0
BRDA:567,79,0,0
BRDA:567,79,1,0
BRDA:583,80,0,0
BRDA:583,80,1,0
BRDA:587,81,0,0
BRDA:587,81,1,0
BRDA:592,82,0,0
BRDA:592,82,1,0
BRDA:596,83,0,0
BRDA:596,83,1,0
BRDA:605,84,0,0
BRDA:605,84,1,0
BRDA:619,85,0,0
BRDA:619,85,1,0
BRDA:624,86,0,0
BRDA:624,86,1,0
BRDA:626,87,0,0
BRDA:626,87,1,0
BRDA:633,88,0,0
BRDA:633,88,1,0
BRDA:638,89,0,0
BRDA:638,89,1,0
BRDA:656,90,0,0
BRDA:656,90,1,0
BRDA:656,91,0,0
BRDA:656,91,1,0
BRDA:678,92,0,0
BRDA:678,92,1,0
BRDA:680,93,0,0
BRDA:680,93,1,0
BRDA:682,94,0,0
BRDA:682,94,1,0
BRDA:688,95,0,0
BRDA:688,95,1,0
BRDA:689,96,0,0
BRDA:689,96,1,0
BRDA:690,97,0,0
BRDA:690,97,1,0
BRDA:691,98,0,0
BRDA:691,98,1,0
BRDA:692,99,0,0
BRDA:692,99,1,0
BRDA:693,100,0,0
BRDA:693,100,1,0
BRDA:694,101,0,0
BRDA:694,101,1,0
BRDA:695,102,0,0
BRDA:695,102,1,0
BRDA:710,103,0,0
BRDA:710,103,1,0
BRDA:718,104,0,0
BRDA:718,104,1,0
BRDA:718,105,0,0
BRDA:718,105,1,0
BRDA:723,106,0,0
BRDA:723,106,1,0
BRDA:725,107,0,0
BRDA:725,107,1,0
BRDA:727,108,0,0
BRDA:727,108,1,0
BRDA:732,109,0,0
BRDA:732,109,1,0
BRDA:738,110,0,0
BRDA:738,110,1,0
BRDA:740,111,0,0
BRDA:740,111,1,0
BRDA:741,112,0,0
BRDA:741,112,1,0
BRDA:743,113,0,0
BRDA:743,113,1,0
BRDA:744,114,0,0
BRDA:744,114,1,0
BRDA:746,115,0,0
BRDA:746,115,1,0
BRDA:750,116,0,0
BRDA:754,117,0,0
BRDA:769,118,0,0
BRDA:769,118,1,0
BRDA:780,119,0,0
BRDA:780,119,1,0
BRDA:784,120,0,0
BRDA:784,120,1,0
BRDA:789,121,0,0
BRDA:789,121,1,0
BRDA:792,122,0,0
BRDA:792,122,1,0
BRDA:793,123,0,0
BRDA:793,123,1,0
BRDA:804,124,0,0
BRDA:804,124,1,0
BRDA:804,125,0,0
BRDA:804,125,1,0
BRDA:808,126,0,0
BRDA:808,126,1,0
BRDA:815,127,0,0
BRDA:815,127,1,0
BRDA:818,128,0,0
BRDA:818,128,1,0
BRDA:818,129,0,0
BRDA:818,129,1,0
BRDA:818,129,2,0
BRDA:818,129,3,0
BRDA:825,130,0,0
BRDA:825,130,1,0
BRDA:828,131,0,0
BRDA:828,131,1,0
BRDA:829,132,0,0
BRDA:829,132,1,0
BRDA:834,133,0,0
BRDA:834,133,1,0
BRDA:836,134,0,0
BRDA:836,134,1,0
BRDA:846,135,0,0
BRDA:846,135,1,0
BRDA:846,136,0,0
BRDA:846,136,1,0
BRDA:846,137,0,0
BRDA:846,137,1,0
BRDA:848,138,0,0
BRDA:848,138,1,0
BRDA:849,139,0,0
BRDA:849,139,1,0
BRDA:850,140,0,0
BRDA:850,140,1,0
BRDA:851,141,0,0
BRDA:851,141,1,0
BRDA:852,142,0,0
BRDA:852,142,1,0
BRDA:856,143,0,0
BRDA:856,143,1,0
BRDA:856,144,0,0
BRDA:856,144,1,0
BRDA:856,144,2,0
BRDA:858,145,0,0
BRDA:858,145,1,0
BRDA:860,146,0,0
BRDA:860,146,1,0
BRDA:866,147,0,0
BRDA:866,147,1,0
BRDA:871,148,0,0
BRDA:871,148,1,0
BRDA:881,149,0,0
BRDA:881,149,1,0
BRDA:885,150,0,0
BRDA:885,150,1,0
BRDA:889,151,0,0
BRDA:889,151,1,0
BRDA:896,152,0,0
BRDA:896,152,1,0
BRDA:896,153,0,0
BRDA:896,153,1,0
BRDA:915,154,0,0
BRDA:915,154,1,0
BRDA:918,155,0,0
BRDA:919,156,0,0
BRDA:919,156,1,0
BRDA:924,157,0,0
BRDA:924,157,1,0
BRDA:935,158,0,0
BRDA:935,158,1,0
BRDA:942,159,0,0
BRDA:942,159,1,0
BRDA:951,160,0,0
BRDA:951,160,1,0
BRDA:957,161,0,0
BRDA:957,161,1,0
BRDA:958,162,0,0
BRDA:958,162,1,0
BRDA:958,162,2,0
BRDA:958,162,3,0
BRDA:958,162,4,0
BRDA:958,162,5,0
BRDA:995,163,0,0
BRDA:995,163,1,0
BRDA:1007,164,0,0
BRDA:1007,164,1,0
BRDA:1020,165,0,0
BRDA:1020,165,1,0
BRDA:1023,166,0,0
BRDA:1023,166,1,0
BRDA:1036,167,0,0
BRDA:1036,167,1,0
BRDA:1039,168,0,0
BRDA:1039,168,1,0
BRDA:1041,169,0,0
BRDA:1041,169,1,0
BRDA:1042,170,0,0
BRDA:1042,170,1,0
BRDA:1042,171,0,0
BRDA:1042,171,1,0
BRDA:1043,172,0,0
BRDA:1043,172,1,0
BRDA:1048,173,0,0
BRDA:1048,173,1,0
BRDA:1054,174,0,0
BRDA:1054,174,1,0
BRDA:1058,175,0,0
BRDA:1058,175,1,0
BRDA:1063,176,0,0
BRDA:1063,176,1,0
BRDA:1064,177,0,0
BRDA:1064,177,1,0
BRDA:1075,178,0,0
BRDA:1075,178,1,0
BRDA:1083,179,0,0
BRDA:1083,179,1,0
BRDA:1085,180,0,0
BRDA:1085,180,1,0
BRDA:1087,181,0,0
BRDA:1087,181,1,0
BRDA:1087,182,0,0
BRDA:1087,182,1,0
BRDA:1124,183,0,0
BRDA:1124,183,1,0
BRDA:1141,184,0,0
BRDA:1141,184,1,0
BRDA:1148,185,0,0
BRDA:1148,185,1,0
BRDA:1158,186,0,0
BRDA:1158,186,1,0
BRDA:1189,187,0,0
BRDA:1189,187,1,0
BRDA:1197,188,0,0
BRDA:1197,188,1,0
BRDA:1207,189,0,0
BRDA:1207,189,1,0
BRDA:1220,190,0,0
BRDA:1221,191,0,0
BRDA:1221,191,1,0
BRDA:1234,192,0,0
BRDA:1234,192,1,0
BRDA:1269,193,0,0
BRDA:1269,193,1,0
BRDA:1269,194,0,0
BRDA:1269,194,1,0
BRDA:1276,195,0,0
BRDA:1277,196,0,0
BRDA:1277,196,1,0
BRDA:1279,197,0,0
BRDA:1279,197,1,0
BRDA:1298,198,0,0
BRDA:1298,198,1,0
BRDA:1311,199,0,0
BRDA:1311,199,1,0
BRDA:1334,200,0,0
BRDA:1334,200,1,0
BRDA:1334,201,0,0
BRDA:1334,201,1,0
BRDA:1344,202,0,0
BRDA:1345,203,0,0
BRDA:1345,203,1,0
BRDA:1348,204,0,0
BRDA:1348,204,1,0
BRDA:1349,205,0,0
BRDA:1349,205,1,0
BRDA:1357,206,0,0
BRDA:1357,206,1,0
BRDA:1377,207,0,0
BRDA:1377,207,1,0
BRDA:1398,208,0,0
BRDA:1398,208,1,0
BRDA:1398,209,0,0
BRDA:1398,209,1,0
BRDA:1405,210,0,0
BRDA:1405,210,1,0
BRDA:1429,211,0,0
BRDA:1429,211,1,0
BRDA:1429,212,0,0
BRDA:1429,212,1,0
BRDA:1431,213,0,0
BRDA:1431,213,1,0
BRDA:1453,214,0,0
BRDA:1453,214,1,0
BRDA:1455,215,0,0
BRDA:1455,215,1,0
BRDA:1456,216,0,0
BRDA:1456,216,1,0
BRDA:1457,217,0,0
BRDA:1457,217,1,0
BRDA:1458,218,0,0
BRDA:1458,218,1,0
BRDA:1458,219,0,0
BRDA:1458,219,1,0
BRDA:1465,220,0,0
BRDA:1465,220,1,0
BRDA:1470,221,0,0
BRDA:1470,221,1,0
BRDA:1477,222,0,0
BRDA:1477,222,1,0
BRDA:1480,223,0,0
BRDA:1480,223,1,0
BRDA:1487,224,0,0
BRDA:1487,224,1,0
BRDA:1491,225,0,0
BRDA:1491,225,1,0
BRDA:1497,226,0,0
BRDA:1497,226,1,0
BRDA:1501,227,0,0
BRDA:1501,227,1,0
BRDA:1513,228,0,0
BRDA:1513,228,1,0
BRDA:1516,229,0,0
BRDA:1516,229,1,0
BRDA:1525,230,0,0
BRDA:1525,230,1,0
BRDA:1546,231,0,0
BRDA:1546,231,1,0
BRDA:1547,232,0,0
BRDA:1547,232,1,0
BRDA:1548,233,0,0
BRDA:1548,233,1,0
BRDA:1549,234,0,0
BRDA:1549,234,1,0
BRDA:1566,235,0,0
BRDA:1566,235,1,0
BRDA:1581,236,0,0
BRDA:1581,236,1,0
BRDA:1581,237,0,0
BRDA:1581,237,1,0
BRDA:1588,238,0,0
BRDA:1588,238,1,0
BRDA:1600,239,0,0
BRDA:1600,239,1,0
BRDA:1610,240,0,0
BRDA:1610,240,1,0
BRDA:1623,241,0,0
BRDA:1623,241,1,0
BRDA:1624,242,0,0
BRDA:1624,242,1,0
BRDA:1633,243,0,0
BRDA:1633,243,1,0
BRDA:1649,244,0,0
BRDA:1649,244,1,0
BRDA:1650,245,0,0
BRDA:1650,245,1,0
BRDA:1652,246,0,0
BRDA:1652,246,1,0
BRDA:1652,247,0,0
BRDA:1652,247,1,0
BRDA:1652,247,2,0
BRDA:1652,247,3,0
BRDA:1656,248,0,0
BRDA:1656,248,1,0
BRDA:1673,249,0,0
BRDA:1673,249,1,0
BRDA:1677,250,0,0
BRDA:1677,250,1,0
BRDA:1679,251,0,0
BRDA:1679,251,1,0
BRDA:1683,252,0,0
BRDA:1683,252,1,0
BRDA:1683,252,2,0
BRDA:1694,253,0,0
BRDA:1694,253,1,0
BRDA:1703,254,0,0
BRDA:1703,254,1,0
BRDA:1711,255,0,0
BRDA:1713,256,0,0
BRDA:1713,256,1,0
BRDA:1713,257,0,0
BRDA:1713,257,1,0
BRDA:1716,258,0,0
BRDA:1716,258,1,0
BRDA:1722,259,0,0
BRDA:1722,259,1,0
BRDA:1727,260,0,0
BRDA:1727,260,1,0
BRDA:1728,261,0,0
BRDA:1728,261,1,0
BRDA:1749,262,0,0
BRDA:1749,262,1,0
BRDA:1749,263,0,0
BRDA:1749,263,1,0
BRDA:1750,264,0,0
BRDA:1750,264,1,0
BRDA:1762,265,0,0
BRDA:1762,265,1,0
BRDA:1776,266,0,0
BRDA:1776,266,1,0
BRDA:1776,267,0,0
BRDA:1776,267,1,0
BRDA:1792,268,0,0
BRDA:1792,268,1,0
BRDA:1828,269,0,0
BRDA:1828,269,1,0
BRDA:1839,270,0,0
BRDA:1839,270,1,0
BRDA:1844,271,0,0
BRDA:1844,271,1,0
BRDA:1858,272,0,0
BRDA:1858,272,1,0
BRDA:1864,273,0,0
BRDA:1864,273,1,0
BRDA:1866,274,0,0
BRDA:1866,274,1,0
BRDA:1877,275,0,0
BRDA:1877,275,1,0
BRDA:1882,276,0,0
BRDA:1882,276,1,0
BRDA:1884,277,0,0
BRDA:1884,277,1,0
BRDA:1902,278,0,0
BRDA:1902,278,1,0
BRDA:1905,279,0,0
BRDA:1905,279,1,0
BRDA:1917,280,0,0
BRDA:1917,280,1,0
BRDA:1920,281,0,0
BRDA:1920,281,1,0
BRDA:1932,282,0,0
BRDA:1932,282,1,0
BRDA:1936,283,0,0
BRDA:1936,283,1,0
BRDA:1941,284,0,0
BRDA:1941,284,1,0
BRDA:1945,285,0,0
BRDA:1945,285,1,0
BRDA:1949,286,0,0
BRDA:1949,286,1,0
BRDA:1953,287,0,0
BRDA:1953,287,1,0
BRDA:1957,288,0,0
BRDA:1957,288,1,0
BRDA:1961,289,0,0
BRDA:1961,289,1,0
BRDA:1965,290,0,0
BRDA:1965,290,1,0
BRDA:1981,291,0,0
BRDA:1981,291,1,0
BRDA:1985,292,0,0
BRDA:1985,292,1,0
BRF:591
BRH:0
end_of_record
TN:
SF:content.js
FN:18,(anonymous_0)
FN:34,isDomainWhitelisted
FN:51,injectButtons
FN:62,(anonymous_3)
FN:67,(anonymous_4)
FN:74,(anonymous_5)
FN:82,(anonymous_6)
FN:92,sendUrl
FN:107,(anonymous_8)
FN:111,(anonymous_9)
FN:121,showNasSelector
FN:161,(anonymous_11)
FN:174,(anonymous_12)
FN:177,(anonymous_13)
FN:180,(anonymous_14)
FN:192,(anonymous_15)
FN:202,(anonymous_16)
FN:205,makeInlineButton
FN:232,(anonymous_18)
FN:246,processLink
FN:266,makePill
FN:289,scanTextNodes
FN:299,(anonymous_22)
FN:346,(anonymous_23)
FN:352,(anonymous_24)
FN:372,(anonymous_25)
FN:384,(anonymous_26)
FN:411,performCleanup
FN:424,(anonymous_28)
FNF:29
FNH:0
FNDA:0,(anonymous_0)
FNDA:0,isDomainWhitelisted
FNDA:0,injectButtons
FNDA:0,(anonymous_3)
FNDA:0,(anonymous_4)
FNDA:0,(anonymous_5)
FNDA:0,(anonymous_6)
FNDA:0,sendUrl
FNDA:0,(anonymous_8)
FNDA:0,(anonymous_9)
FNDA:0,showNasSelector
FNDA:0,(anonymous_11)
FNDA:0,(anonymous_12)
FNDA:0,(anonymous_13)
FNDA:0,(anonymous_14)
FNDA:0,(anonymous_15)
FNDA:0,(anonymous_16)
FNDA:0,makeInlineButton
FNDA:0,(anonymous_18)
FNDA:0,processLink
FNDA:0,makePill
FNDA:0,scanTextNodes
FNDA:0,(anonymous_22)
FNDA:0,(anonymous_23)
FNDA:0,(anonymous_24)
FNDA:0,(anonymous_25)
FNDA:0,(anonymous_26)
FNDA:0,performCleanup
FNDA:0,(anonymous_28)
DA:6,0
DA:7,0
DA:9,0
DA:12,0
DA:15,0
DA:16,0
DA:18,0
DA:21,0
DA:22,0
DA:25,0
DA:26,0
DA:27,0
DA:28,0
DA:29,0
DA:30,0
DA:31,0
DA:32,0
DA:36,0
DA:38,0
DA:40,0
DA:41,0
DA:42,0
DA:44,0
DA:45,0
DA:48,0
DA:52,0
DA:55,0
DA:57,0
DA:58,0
DA:62,0
DA:63,0
DA:64,0
DA:65,0
DA:66,0
DA:67,0
DA:69,0
DA:70,0
DA:74,0
DA:75,0
DA:76,0
DA:77,0
DA:78,0
DA:82,0
DA:83,0
DA:84,0
DA:94,0
DA:95,0
DA:96,0
DA:97,0
DA:98,0
DA:99,0
DA:100,0
DA:101,0
DA:104,0
DA:105,0
DA:106,0
DA:108,0
DA:109,0
DA:112,0
DA:113,0
DA:114,0
DA:115,0
DA:124,0
DA:125,0
DA:126,0
DA:130,0
DA:131,0
DA:132,0
DA:136,0
DA:137,0
DA:138,0
DA:139,0
DA:161,0
DA:162,0
DA:163,0
DA:164,0
DA:174,0
DA:175,0
DA:177,0
DA:178,0
DA:180,0
DA:181,0
DA:182,0
DA:183,0
DA:185,0
DA:189,0
DA:192,0
DA:193,0
DA:194,0
DA:195,0
DA:197,0
DA:201,0
DA:202,0
DA:206,0
DA:207,0
DA:208,0
DA:209,0
DA:210,0
DA:211,0
DA:212,0
DA:232,0
DA:233,0
DA:234,0
DA:235,0
DA:236,0
DA:240,0
DA:241,0
DA:248,0
DA:249,0
DA:252,0
DA:254,0
DA:255,0
DA:256,0
DA:259,0
DA:261,0
DA:267,0
DA:268,0
DA:269,0
DA:270,0
DA:271,0
DA:272,0
DA:281,0
DA:282,0
DA:287,0
DA:290,0
DA:293,0
DA:295,0
DA:300,0
DA:301,0
DA:302,0
DA:303,0
DA:304,0
DA:306,0
DA:307,0
DA:308,0
DA:313,0
DA:314,0
DA:316,0
DA:317,0
DA:318,0
DA:319,0
DA:320,0
DA:321,0
DA:323,0
DA:325,0
DA:328,0
DA:331,0
DA:333,0
DA:334,0
DA:335,0
DA:336,0
DA:337,0
DA:342,0
DA:343,0
DA:344,0
DA:345,0
DA:346,0
DA:347,0
DA:351,0
DA:352,0
DA:354,0
DA:355,0
DA:356,0
DA:357,0
DA:358,0
DA:359,0
DA:361,0
DA:362,0
DA:364,0
DA:365,0
DA:368,0
DA:372,0
DA:373,0
DA:374,0
DA:375,0
DA:376,0
DA:377,0
DA:383,0
DA:384,0
DA:385,0
DA:386,0
DA:387,0
DA:388,0
DA:389,0
DA:394,0
DA:402,0
DA:403,0
DA:405,0
DA:411,0
DA:412,0
DA:414,0
DA:416,0
DA:417,0
DA:419,0
DA:424,0
DA:425,0
DA:426,0
LF:197
LH:0
BRDA:36,0,0,0
BRDA:36,0,1,0
BRDA:36,1,0,0
BRDA:36,1,1,0
BRDA:38,2,0,0
BRDA:38,2,1,0
BRDA:41,3,0,0
BRDA:41,3,1,0
BRDA:42,4,0,0
BRDA:42,4,1,0
BRDA:45,5,0,0
BRDA:45,5,1,0
BRDA:52,6,0,0
BRDA:52,6,1,0
BRDA:52,7,0,0
BRDA:52,7,1,0
BRDA:55,8,0,0
BRDA:55,8,1,0
BRDA:55,9,0,0
BRDA:55,9,1,0
BRDA:63,10,0,0
BRDA:63,10,1,0
BRDA:64,11,0,0
BRDA:64,11,1,0
BRDA:66,12,0,0
BRDA:66,12,1,0
BRDA:75,13,0,0
BRDA:75,13,1,0
BRDA:83,14,0,0
BRDA:83,14,1,0
BRDA:95,15,0,0
BRDA:95,15,1,0
BRDA:115,16,0,0
BRDA:115,16,1,0
BRDA:124,17,0,0
BRDA:124,17,1,0
BRDA:130,18,0,0
BRDA:130,18,1,0
BRDA:169,19,0,0
BRDA:169,19,1,0
BRDA:175,20,0,0
BRDA:175,20,1,0
BRDA:193,21,0,0
BRDA:193,21,1,0
BRDA:193,22,0,0
BRDA:193,22,1,0
BRDA:194,23,0,0
BRDA:194,23,1,0
BRDA:236,24,0,0
BRDA:236,24,1,0
BRDA:248,25,0,0
BRDA:248,25,1,0
BRDA:248,26,0,0
BRDA:248,26,1,0
BRDA:248,26,2,0
BRDA:249,27,0,0
BRDA:249,27,1,0
BRDA:252,28,0,0
BRDA:252,28,1,0
BRDA:252,29,0,0
BRDA:252,29,1,0
BRDA:254,30,0,0
BRDA:254,30,1,0
BRDA:256,31,0,0
BRDA:256,31,1,0
BRDA:259,32,0,0
BRDA:259,32,1,0
BRDA:281,33,0,0
BRDA:281,33,1,0
BRDA:290,34,0,0
BRDA:290,34,1,0
BRDA:293,35,0,0
BRDA:293,35,1,0
BRDA:293,36,0,0
BRDA:293,36,1,0
BRDA:302,37,0,0
BRDA:302,37,1,0
BRDA:303,38,0,0
BRDA:303,38,1,0
BRDA:303,39,0,0
BRDA:303,39,1,0
BRDA:307,40,0,0
BRDA:307,40,1,0
BRDA:308,41,0,0
BRDA:308,41,1,0
BRDA:320,42,0,0
BRDA:320,42,1,0
BRDA:320,43,0,0
BRDA:320,43,1,0
BRDA:323,44,0,0
BRDA:323,44,1,0
BRDA:336,45,0,0
BRDA:336,45,1,0
BRDA:346,46,0,0
BRDA:346,46,1,0
BRDA:346,47,0,0
BRDA:346,47,1,0
BRDA:351,48,0,0
BRDA:351,48,1,0
BRDA:357,49,0,0
BRDA:357,49,1,0
BRDA:358,50,0,0
BRDA:358,50,1,0
BRDA:364,51,0,0
BRDA:364,51,1,0
BRDA:373,52,0,0
BRDA:373,52,1,0
BRDA:377,53,0,0
BRDA:377,53,1,0
BRDA:377,54,0,0
BRDA:377,54,1,0
BRDA:387,55,0,0
BRDA:387,55,1,0
BRDA:389,56,0,0
BRDA:389,56,1,0
BRDA:394,57,0,0
BRDA:394,57,1,0
BRDA:402,58,0,0
BRDA:402,58,1,0
BRF:119
BRH:0
end_of_record
TN:
SF:popup.js
FN:113,fmt
FN:121,fmtSpeed
FN:126,fmtEta
FN:134,getStatusDisplayText
FN:136,(anonymous_4)
FN:148,getAdapterPauseText
FN:149,(anonymous_6)
FN:154,statusClass
FN:167,progressColor
FN:175,escHtml
FN:186,send
FN:187,(anonymous_11)
FN:188,(anonymous_12)
FN:197,setStatus
FN:203,updateCounts
FN:225,getAdapterActions
FN:226,(anonymous_16)
FN:233,canPauseTask
FN:238,canResumeTask
FN:243,getVisibleTasks
FN:244,(anonymous_20)
FN:249,(anonymous_21)
FN:258,(anonymous_22)
FN:266,updateFooterButtons
FN:268,(anonymous_24)
FN:269,(anonymous_25)
FN:281,renderTasks
FN:293,(anonymous_27)
FN:302,(anonymous_28)
FN:413,(anonymous_29)
FN:414,(anonymous_30)
FN:415,(anonymous_31)
FN:423,(anonymous_32)
FN:433,loadCachedTasks
FN:434,(anonymous_34)
FN:435,(anonymous_35)
FN:439,saveCachedTasks
FN:440,(anonymous_37)
FN:447,paintCachedTasks
FN:462,setConnStatus
FN:471,showError
FN:487,hideError
FN:494,refresh
FN:533,taskAction
FN:551,loadNasList
FN:552,(anonymous_45)
FN:553,(anonymous_46)
FN:573,(anonymous_47)
FN:585,renderNasTabs
FN:600,(anonymous_49)
FN:623,(anonymous_50)
FN:624,(anonymous_51)
FN:633,(anonymous_52)
FN:655,getEnabledTabs
FN:656,(anonymous_54)
FN:663,getPausedLabel
FN:664,(anonymous_56)
FN:671,selectFilter
FN:672,(anonymous_58)
FN:680,renderFilterTabs
FN:700,(anonymous_60)
FN:713,(anonymous_61)
FN:731,(anonymous_62)
FN:741,loadWhitelist
FN:753,updateWhitelistUI
FN:777,toggleWhitelist
FN:803,showSettings
FN:818,showMainView
FN:834,renderSettingsNasList
FN:845,(anonymous_69)
FN:872,(anonymous_70)
FN:873,(anonymous_71)
FN:878,(anonymous_72)
FN:879,(anonymous_73)
FN:881,(anonymous_74)
FN:887,showNasListView
FN:893,showNasFormView
FN:898,updateDestinationFieldVisibility
FN:904,updateFormFieldsForType
FN:982,editNas
FN:984,(anonymous_80)
FN:1008,addNewNas
FN:1029,deleteNasDevice
FN:1038,loadProtocolSettings
FN:1040,(anonymous_84)
FN:1050,saveProtocolSettings
FN:1061,(anonymous_86)
FN:1104,(anonymous_87)
FN:1107,(anonymous_88)
FN:1112,(anonymous_89)
FN:1117,updateTestButtonState
FN:1145,(anonymous_91)
FN:1194,renderWhitelistSettings
FN:1209,(anonymous_93)
FN:1216,(anonymous_94)
FN:1220,isValidDomainPattern
FN:1232,(anonymous_96)
FN:1235,(anonymous_97)
FN:1236,(anonymous_98)
FN:1249,validateNasConfig
FN:1295,validateConfigSchema
FN:1310,(anonymous_101)
FN:1325,(anonymous_102)
FN:1345,deriveKey
FN:1352,encryptConfig
FN:1368,decryptConfig
FN:1380,exportConfig
FN:1390,(anonymous_107)
FN:1426,(anonymous_108)
FN:1428,(anonymous_109)
FN:1460,(anonymous_110)
FN:1483,(anonymous_111)
FN:1502,(anonymous_112)
FN:1504,(anonymous_113)
FN:1504,(anonymous_114)
FN:1508,(anonymous_115)
FN:1510,(anonymous_116)
FN:1510,(anonymous_117)
FN:1514,(anonymous_118)
FN:1523,(anonymous_119)
FN:1525,(anonymous_120)
FN:1532,(anonymous_121)
FN:1537,(anonymous_122)
FN:1543,(anonymous_123)
FN:1551,getCurrentDomain
FN:1569,checkAllDeviceConnections
FN:1581,(anonymous_126)
FN:1591,(anonymous_127)
FNF:128
FNH:0
FNDA:0,fmt
FNDA:0,fmtSpeed
FNDA:0,fmtEta
FNDA:0,getStatusDisplayText
FNDA:0,(anonymous_4)
FNDA:0,getAdapterPauseText
FNDA:0,(anonymous_6)
FNDA:0,statusClass
FNDA:0,progressColor
FNDA:0,escHtml
FNDA:0,send
FNDA:0,(anonymous_11)
FNDA:0,(anonymous_12)
FNDA:0,setStatus
FNDA:0,updateCounts
FNDA:0,getAdapterActions
FNDA:0,(anonymous_16)
FNDA:0,canPauseTask
FNDA:0,canResumeTask
FNDA:0,getVisibleTasks
FNDA:0,(anonymous_20)
FNDA:0,(anonymous_21)
FNDA:0,(anonymous_22)
FNDA:0,updateFooterButtons
FNDA:0,(anonymous_24)
FNDA:0,(anonymous_25)
FNDA:0,renderTasks
FNDA:0,(anonymous_27)
FNDA:0,(anonymous_28)
FNDA:0,(anonymous_29)
FNDA:0,(anonymous_30)
FNDA:0,(anonymous_31)
FNDA:0,(anonymous_32)
FNDA:0,loadCachedTasks
FNDA:0,(anonymous_34)
FNDA:0,(anonymous_35)
FNDA:0,saveCachedTasks
FNDA:0,(anonymous_37)
FNDA:0,paintCachedTasks
FNDA:0,setConnStatus
FNDA:0,showError
FNDA:0,hideError
FNDA:0,refresh
FNDA:0,taskAction
FNDA:0,loadNasList
FNDA:0,(anonymous_45)
FNDA:0,(anonymous_46)
FNDA:0,(anonymous_47)
FNDA:0,renderNasTabs
FNDA:0,(anonymous_49)
FNDA:0,(anonymous_50)
FNDA:0,(anonymous_51)
FNDA:0,(anonymous_52)
FNDA:0,getEnabledTabs
FNDA:0,(anonymous_54)
FNDA:0,getPausedLabel
FNDA:0,(anonymous_56)
FNDA:0,selectFilter
FNDA:0,(anonymous_58)
FNDA:0,renderFilterTabs
FNDA:0,(anonymous_60)
FNDA:0,(anonymous_61)
FNDA:0,(anonymous_62)
FNDA:0,loadWhitelist
FNDA:0,updateWhitelistUI
FNDA:0,toggleWhitelist
FNDA:0,showSettings
FNDA:0,showMainView
FNDA:0,renderSettingsNasList
FNDA:0,(anonymous_69)
FNDA:0,(anonymous_70)
FNDA:0,(anonymous_71)
FNDA:0,(anonymous_72)
FNDA:0,(anonymous_73)
FNDA:0,(anonymous_74)
FNDA:0,showNasListView
FNDA:0,showNasFormView
FNDA:0,updateDestinationFieldVisibility
FNDA:0,updateFormFieldsForType
FNDA:0,editNas
FNDA:0,(anonymous_80)
FNDA:0,addNewNas
FNDA:0,deleteNasDevice
FNDA:0,loadProtocolSettings
FNDA:0,(anonymous_84)
FNDA:0,saveProtocolSettings
FNDA:0,(anonymous_86)
FNDA:0,(anonymous_87)
FNDA:0,(anonymous_88)
FNDA:0,(anonymous_89)
FNDA:0,updateTestButtonState
FNDA:0,(anonymous_91)
FNDA:0,renderWhitelistSettings
FNDA:0,(anonymous_93)
FNDA:0,(anonymous_94)
FNDA:0,isValidDomainPattern
FNDA:0,(anonymous_96)
FNDA:0,(anonymous_97)
FNDA:0,(anonymous_98)
FNDA:0,validateNasConfig
FNDA:0,validateConfigSchema
FNDA:0,(anonymous_101)
FNDA:0,(anonymous_102)
FNDA:0,deriveKey
FNDA:0,encryptConfig
FNDA:0,decryptConfig
FNDA:0,exportConfig
FNDA:0,(anonymous_107)
FNDA:0,(anonymous_108)
FNDA:0,(anonymous_109)
FNDA:0,(anonymous_110)
FNDA:0,(anonymous_111)
FNDA:0,(anonymous_112)
FNDA:0,(anonymous_113)
FNDA:0,(anonymous_114)
FNDA:0,(anonymous_115)
FNDA:0,(anonymous_116)
FNDA:0,(anonymous_117)
FNDA:0,(anonymous_118)
FNDA:0,(anonymous_119)
FNDA:0,(anonymous_120)
FNDA:0,(anonymous_121)
FNDA:0,(anonymous_122)
FNDA:0,(anonymous_123)
FNDA:0,getCurrentDomain
FNDA:0,checkAllDeviceConnections
FNDA:0,(anonymous_126)
FNDA:0,(anonymous_127)
DA:4,0
DA:51,0
DA:100,0
DA:101,0
DA:102,0
DA:103,0
DA:104,0
DA:105,0
DA:106,0
DA:107,0
DA:108,0
DA:109,0
DA:114,0
DA:115,0
DA:116,0
DA:117,0
DA:118,0
DA:122,0
DA:123,0
DA:127,0
DA:128,0
DA:129,0
DA:130,0
DA:135,0
DA:136,0
DA:137,0
DA:139,0
DA:141,0
DA:142,0
DA:144,0
DA:149,0
DA:150,0
DA:151,0
DA:155,0
DA:164,0
DA:168,0
DA:169,0
DA:170,0
DA:171,0
DA:172,0
DA:176,0
DA:187,0
DA:188,0
DA:189,0
DA:190,0
DA:198,0
DA:199,0
DA:200,0
DA:204,0
DA:205,0
DA:206,0
DA:208,0
DA:209,0
DA:210,0
DA:214,0
DA:215,0
DA:216,0
DA:217,0
DA:219,0
DA:220,0
DA:221,0
DA:226,0
DA:227,0
DA:228,0
DA:229,0
DA:234,0
DA:235,0
DA:239,0
DA:240,0
DA:244,0
DA:247,0
DA:249,0
DA:250,0
DA:251,0
DA:252,0
DA:253,0
DA:254,0
DA:258,0
DA:259,0
DA:260,0
DA:261,0
DA:267,0
DA:268,0
DA:269,0
DA:270,0
DA:271,0
DA:273,0
DA:274,0
DA:275,0
DA:276,0
DA:277,0
DA:278,0
DA:282,0
DA:283,0
DA:285,0
DA:287,0
DA:289,0
DA:290,0
DA:291,0
DA:293,0
DA:294,0
DA:295,0
DA:298,0
DA:301,0
DA:302,0
DA:304,0
DA:305,0
DA:307,0
DA:308,0
DA:310,0
DA:311,0
DA:312,0
DA:313,0
DA:314,0
DA:315,0
DA:316,0
DA:317,0
DA:318,0
DA:319,0
DA:321,0
DA:323,0
DA:324,0
DA:325,0
DA:326,0
DA:327,0
DA:328,0
DA:329,0
DA:330,0
DA:331,0
DA:332,0
DA:333,0
DA:334,0
DA:335,0
DA:336,0
DA:337,0
DA:340,0
DA:341,0
DA:342,0
DA:344,0
DA:345,0
DA:346,0
DA:347,0
DA:348,0
DA:349,0
DA:350,0
DA:351,0
DA:352,0
DA:353,0
DA:354,0
DA:355,0
DA:356,0
DA:357,0
DA:358,0
DA:359,0
DA:360,0
DA:361,0
DA:362,0
DA:363,0
DA:364,0
DA:365,0
DA:366,0
DA:367,0
DA:368,0
DA:369,0
DA:370,0
DA:371,0
DA:372,0
DA:373,0
DA:375,0
DA:376,0
DA:377,0
DA:378,0
DA:379,0
DA:380,0
DA:381,0
DA:382,0
DA:383,0
DA:384,0
DA:385,0
DA:386,0
DA:387,0
DA:388,0
DA:390,0
DA:391,0
DA:392,0
DA:393,0
DA:394,0
DA:395,0
DA:396,0
DA:397,0
DA:398,0
DA:399,0
DA:400,0
DA:401,0
DA:402,0
DA:403,0
DA:404,0
DA:405,0
DA:406,0
DA:407,0
DA:409,0
DA:410,0
DA:411,0
DA:413,0
DA:414,0
DA:415,0
DA:416,0
DA:418,0
DA:423,0
DA:424,0
DA:427,0
DA:428,0
DA:434,0
DA:435,0
DA:440,0
DA:441,0
DA:442,0
DA:443,0
DA:448,0
DA:449,0
DA:450,0
DA:451,0
DA:452,0
DA:453,0
DA:454,0
DA:455,0
DA:456,0
DA:457,0
DA:463,0
DA:464,0
DA:465,0
DA:466,0
DA:468,0
DA:472,0
DA:473,0
DA:474,0
DA:475,0
DA:476,0
DA:477,0
DA:479,0
DA:480,0
DA:481,0
DA:482,0
DA:483,0
DA:484,0
DA:488,0
DA:489,0
DA:490,0
DA:491,0
DA:495,0
DA:496,0
DA:497,0
DA:498,0
DA:499,0
DA:500,0
DA:501,0
DA:502,0
DA:503,0
DA:504,0
DA:506,0
DA:507,0
DA:508,0
DA:509,0
DA:510,0
DA:511,0
DA:512,0
DA:513,0
DA:515,0
DA:516,0
DA:517,0
DA:518,0
DA:519,0
DA:520,0
DA:521,0
DA:522,0
DA:524,0
DA:525,0
DA:526,0
DA:527,0
DA:534,0
DA:535,0
DA:536,0
DA:537,0
DA:538,0
DA:539,0
DA:540,0
DA:541,0
DA:542,0
DA:544,0
DA:545,0
DA:552,0
DA:553,0
DA:554,0
DA:556,0
DA:558,0
DA:559,0
DA:560,0
DA:561,0
DA:562,0
DA:563,0
DA:564,0
DA:565,0
DA:568,0
DA:569,0
DA:570,0
DA:571,0
DA:573,0
DA:574,0
DA:578,0
DA:579,0
DA:580,0
DA:586,0
DA:587,0
DA:589,0
DA:591,0
DA:592,0
DA:593,0
DA:597,0
DA:598,0
DA:599,0
DA:600,0
DA:601,0
DA:602,0
DA:603,0
DA:604,0
DA:606,0
DA:607,0
DA:608,0
DA:609,0
DA:611,0
DA:612,0
DA:613,0
DA:614,0
DA:615,0
DA:617,0
DA:618,0
DA:619,0
DA:621,0
DA:623,0
DA:624,0
DA:625,0
DA:627,0
DA:628,0
DA:631,0
DA:632,0
DA:633,0
DA:634,0
DA:635,0
DA:636,0
DA:637,0
DA:642,0
DA:643,0
DA:644,0
DA:646,0
DA:647,0
DA:651,0
DA:656,0
DA:657,0
DA:658,0
DA:659,0
DA:664,0
DA:665,0
DA:666,0
DA:667,0
DA:672,0
DA:673,0
DA:674,0
DA:675,0
DA:676,0
DA:681,0
DA:682,0
DA:692,0
DA:693,0
DA:696,0
DA:697,0
DA:700,0
DA:701,0
DA:702,0
DA:703,0
DA:705,0
DA:706,0
DA:707,0
DA:708,0
DA:710,0
DA:711,0
DA:713,0
DA:714,0
DA:718,0
DA:719,0
DA:720,0
DA:721,0
DA:723,0
DA:724,0
DA:725,0
DA:726,0
DA:728,0
DA:729,0
DA:731,0
DA:732,0
DA:736,0
DA:742,0
DA:743,0
DA:744,0
DA:745,0
DA:746,0
DA:747,0
DA:749,0
DA:755,0
DA:756,0
DA:757,0
DA:760,0
DA:761,0
DA:762,0
DA:763,0
DA:764,0
DA:765,0
DA:766,0
DA:768,0
DA:769,0
DA:770,0
DA:772,0
DA:773,0
DA:778,0
DA:779,0
DA:780,0
DA:781,0
DA:784,0
DA:785,0
DA:786,0
DA:787,0
DA:789,0
DA:790,0
DA:792,0
DA:794,0
DA:795,0
DA:797,0
DA:804,0
DA:805,0
DA:806,0
DA:807,0
DA:808,0
DA:809,0
DA:810,0
DA:811,0
DA:812,0
DA:813,0
DA:814,0
DA:815,0
DA:819,0
DA:820,0
DA:821,0
DA:822,0
DA:823,0
DA:824,0
DA:825,0
DA:826,0
DA:827,0
DA:828,0
DA:829,0
DA:835,0
DA:836,0
DA:837,0
DA:838,0
DA:839,0
DA:840,0
DA:841,0
DA:842,0
DA:843,0
DA:845,0
DA:846,0
DA:847,0
DA:848,0
DA:850,0
DA:851,0
DA:852,0
DA:853,0
DA:854,0
DA:855,0
DA:856,0
DA:857,0
DA:858,0
DA:859,0
DA:861,0
DA:862,0
DA:863,0
DA:864,0
DA:865,0
DA:867,0
DA:868,0
DA:869,0
DA:872,0
DA:873,0
DA:874,0
DA:875,0
DA:878,0
DA:879,0
DA:880,0
DA:881,0
DA:882,0
DA:888,0
DA:889,0
DA:890,0
DA:894,0
DA:895,0
DA:899,0
DA:900,0
DA:901,0
DA:905,0
DA:906,0
DA:909,0
DA:910,0
DA:911,0
DA:914,0
DA:915,0
DA:916,0
DA:920,0
DA:921,0
DA:922,0
DA:923,0
DA:924,0
DA:928,0
DA:929,0
DA:930,0
DA:934,0
DA:935,0
DA:936,0
DA:939,0
DA:940,0
DA:941,0
DA:942,0
DA:946,0
DA:948,0
DA:949,0
DA:952,0
DA:953,0
DA:954,0
DA:955,0
DA:956,0
DA:957,0
DA:958,0
DA:959,0
DA:960,0
DA:961,0
DA:962,0
DA:963,0
DA:964,0
DA:965,0
DA:966,0
DA:967,0
DA:968,0
DA:969,0
DA:970,0
DA:971,0
DA:972,0
DA:973,0
DA:974,0
DA:975,0
DA:976,0
DA:979,0
DA:983,0
DA:984,0
DA:985,0
DA:987,0
DA:988,0
DA:989,0
DA:990,0
DA:991,0
DA:992,0
DA:993,0
DA:994,0
DA:995,0
DA:996,0
DA:997,0
DA:998,0
DA:999,0
DA:1000,0
DA:1002,0
DA:1003,0
DA:1004,0
DA:1005,0
DA:1009,0
DA:1010,0
DA:1011,0
DA:1012,0
DA:1013,0
DA:1014,0
DA:1015,0
DA:1016,0
DA:1017,0
DA:1018,0
DA:1019,0
DA:1020,0
DA:1021,0
DA:1023,0
DA:1024,0
DA:1025,0
DA:1026,0
DA:1030,0
DA:1031,0
DA:1032,0
DA:1033,0
DA:1039,0
DA:1040,0
DA:1041,0
DA:1042,0
DA:1043,0
DA:1044,0
DA:1045,0
DA:1046,0
DA:1051,0
DA:1058,0
DA:1061,0
DA:1062,0
DA:1063,0
DA:1068,0
DA:1069,0
DA:1081,0
DA:1082,0
DA:1083,0
DA:1084,0
DA:1089,0
DA:1090,0
DA:1091,0
DA:1094,0
DA:1095,0
DA:1097,0
DA:1098,0
DA:1101,0
DA:1102,0
DA:1103,0
DA:1104,0
DA:1107,0
DA:1108,0
DA:1109,0
DA:1112,0
DA:1113,0
DA:1114,0
DA:1118,0
DA:1119,0
DA:1120,0
DA:1121,0
DA:1122,0
DA:1125,0
DA:1128,0
DA:1130,0
DA:1131,0
DA:1133,0
DA:1137,0
DA:1138,0
DA:1141,0
DA:1142,0
DA:1143,0
DA:1145,0
DA:1146,0
DA:1147,0
DA:1148,0
DA:1150,0
DA:1151,0
DA:1152,0
DA:1164,0
DA:1165,0
DA:1166,0
DA:1167,0
DA:1172,0
DA:1173,0
DA:1174,0
DA:1177,0
DA:1178,0
DA:1179,0
DA:1180,0
DA:1181,0
DA:1183,0
DA:1184,0
DA:1187,0
DA:1188,0
DA:1195,0
DA:1196,0
DA:1197,0
DA:1198,0
DA:1200,0
DA:1201,0
DA:1202,0
DA:1204,0
DA:1205,0
DA:1209,0
DA:1210,0
DA:1211,0
DA:1212,0
DA:1216,0
DA:1217,0
DA:1222,0
DA:1224,0
DA:1225,0
DA:1226,0
DA:1229,0
DA:1232,0
DA:1233,0
DA:1235,0
DA:1236,0
DA:1238,0
DA:1239,0
DA:1240,0
DA:1241,0
DA:1247,0
DA:1250,0
DA:1253,0
DA:1254,0
DA:1256,0
DA:1257,0
DA:1259,0
DA:1260,0
DA:1262,0
DA:1263,0
DA:1265,0
DA:1266,0
DA:1270,0
DA:1271,0
DA:1272,0
DA:1276,0
DA:1277,0
DA:1279,0
DA:1280,0
DA:1282,0
DA:1283,0
DA:1285,0
DA:1286,0
DA:1288,0
DA:1289,0
DA:1292,0
DA:1296,0
DA:1299,0
DA:1300,0
DA:1301,0
DA:1302,0
DA:1306,0
DA:1307,0
DA:1308,0
DA:1309,0
DA:1310,0
DA:1311,0
DA:1312,0
DA:1314,0
DA:1321,0
DA:1322,0
DA:1323,0
DA:1325,0
DA:1326,0
DA:1327,0
DA:1328,0
DA:1329,0
DA:1336,0
DA:1337,0
DA:1338,0
DA:1342,0
DA:1346,0
DA:1347,0
DA:1348,0
DA:1349,0
DA:1353,0
DA:1354,0
DA:1355,0
DA:1356,0
DA:1357,0
DA:1358,0
DA:1359,0
DA:1365,0
DA:1369,0
DA:1370,0
DA:1371,0
DA:1372,0
DA:1373,0
DA:1374,0
DA:1375,0
DA:1376,0
DA:1377,0
DA:1381,0
DA:1382,0
DA:1384,0
DA:1385,0
DA:1386,0
DA:1387,0
DA:1390,0
DA:1391,0
DA:1392,0
DA:1395,0
DA:1402,0
DA:1404,0
DA:1405,0
DA:1407,0
DA:1410,0
DA:1411,0
DA:1412,0
DA:1413,0
DA:1414,0
DA:1415,0
DA:1416,0
DA:1417,0
DA:1418,0
DA:1419,0
DA:1421,0
DA:1425,0
DA:1426,0
DA:1428,0
DA:1429,0
DA:1430,0
DA:1431,0
DA:1433,0
DA:1434,0
DA:1437,0
DA:1438,0
DA:1439,0
DA:1440,0
DA:1441,0
DA:1442,0
DA:1444,0
DA:1447,0
DA:1448,0
DA:1452,0
DA:1453,0
DA:1454,0
DA:1455,0
DA:1458,0
DA:1459,0
DA:1460,0
DA:1461,0
DA:1462,0
DA:1464,0
DA:1469,0
DA:1470,0
DA:1471,0
DA:1475,0
DA:1476,0
DA:1479,0
DA:1480,0
DA:1481,0
DA:1482,0
DA:1483,0
DA:1485,0
DA:1486,0
DA:1489,0
DA:1498,0
DA:1500,0
DA:1502,0
DA:1503,0
DA:1504,0
DA:1505,0
DA:1508,0
DA:1509,0
DA:1510,0
DA:1511,0
DA:1514,0
DA:1515,0
DA:1516,0
DA:1519,0
DA:1520,0
DA:1521,0
DA:1523,0
DA:1524,0
DA:1525,0
DA:1526,0
DA:1527,0
DA:1528,0
DA:1532,0
DA:1533,0
DA:1534,0
DA:1537,0
DA:1538,0
DA:1539,0
DA:1543,0
DA:1544,0
DA:1545,0
DA:1546,0
DA:1552,0
DA:1553,0
DA:1554,0
DA:1555,0
DA:1556,0
DA:1557,0
DA:1558,0
DA:1560,0
DA:1564,0
DA:1570,0
DA:1571,0
DA:1572,0
DA:1573,0
DA:1575,0
DA:1581,0
DA:1582,0
DA:1583,0
DA:1584,0
DA:1585,0
DA:1586,0
DA:1587,0
DA:1588,0
DA:1591,0
LF:895
LH:0
BRDA:114,0,0,0
BRDA:114,0,1,0
BRDA:114,1,0,0
BRDA:114,1,1,0
BRDA:115,2,0,0
BRDA:115,2,1,0
BRDA:118,3,0,0
BRDA:118,3,1,0
BRDA:122,4,0,0
BRDA:122,4,1,0
BRDA:127,5,0,0
BRDA:127,5,1,0
BRDA:127,6,0,0
BRDA:127,6,1,0
BRDA:127,6,2,0
BRDA:128,7,0,0
BRDA:128,7,1,0
BRDA:129,8,0,0
BRDA:129,8,1,0
BRDA:135,9,0,0
BRDA:135,9,1,0
BRDA:137,10,0,0
BRDA:137,10,1,0
BRDA:139,11,0,0
BRDA:139,11,1,0
BRDA:141,12,0,0
BRDA:141,12,1,0
BRDA:141,13,0,0
BRDA:141,13,1,0
BRDA:150,14,0,0
BRDA:150,14,1,0
BRDA:151,15,0,0
BRDA:151,15,1,0
BRDA:164,16,0,0
BRDA:164,16,1,0
BRDA:168,17,0,0
BRDA:168,17,1,0
BRDA:169,18,0,0
BRDA:169,18,1,0
BRDA:170,19,0,0
BRDA:170,19,1,0
BRDA:171,20,0,0
BRDA:171,20,1,0
BRDA:189,21,0,0
BRDA:189,21,1,0
BRDA:200,22,0,0
BRDA:200,22,1,0
BRDA:206,23,0,0
BRDA:206,23,1,0
BRDA:210,24,0,0
BRDA:210,24,1,0
BRDA:216,25,0,0
BRDA:216,25,1,0
BRDA:216,26,0,0
BRDA:216,26,1,0
BRDA:217,27,0,0
BRDA:217,27,1,0
BRDA:217,28,0,0
BRDA:217,28,1,0
BRDA:221,29,0,0
BRDA:221,29,1,0
BRDA:227,30,0,0
BRDA:227,30,1,0
BRDA:229,31,0,0
BRDA:229,31,1,0
BRDA:235,32,0,0
BRDA:235,32,1,0
BRDA:240,33,0,0
BRDA:240,33,1,0
BRDA:244,34,0,0
BRDA:244,34,1,0
BRDA:247,35,0,0
BRDA:247,35,1,0
BRDA:250,36,0,0
BRDA:250,36,1,0
BRDA:250,37,0,0
BRDA:250,37,1,0
BRDA:251,38,0,0
BRDA:251,38,1,0
BRDA:251,39,0,0
BRDA:251,39,1,0
BRDA:252,40,0,0
BRDA:252,40,1,0
BRDA:253,41,0,0
BRDA:253,41,1,0
BRDA:259,42,0,0
BRDA:259,42,1,0
BRDA:260,43,0,0
BRDA:260,43,1,0
BRDA:275,44,0,0
BRDA:275,44,1,0
BRDA:276,45,0,0
BRDA:276,45,1,0
BRDA:277,46,0,0
BRDA:277,46,1,0
BRDA:278,47,0,0
BRDA:278,47,1,0
BRDA:285,48,0,0
BRDA:285,48,1,0
BRDA:285,49,0,0
BRDA:285,49,1,0
BRDA:289,50,0,0
BRDA:289,50,1,0
BRDA:310,51,0,0
BRDA:310,51,1,0
BRDA:312,52,0,0
BRDA:312,52,1,0
BRDA:312,53,0,0
BRDA:312,53,1,0
BRDA:313,54,0,0
BRDA:313,54,1,0
BRDA:314,55,0,0
BRDA:314,55,1,0
BRDA:314,56,0,0
BRDA:314,56,1,0
BRDA:315,57,0,0
BRDA:315,57,1,0
BRDA:315,58,0,0
BRDA:315,58,1,0
BRDA:316,59,0,0
BRDA:316,59,1,0
BRDA:316,60,0,0
BRDA:316,60,1,0
BRDA:321,61,0,0
BRDA:321,61,1,0
BRDA:335,62,0,0
BRDA:335,62,1,0
BRDA:335,63,0,0
BRDA:335,63,1,0
BRDA:336,64,0,0
BRDA:336,64,1,0
BRDA:336,65,0,0
BRDA:336,65,1,0
BRDA:357,66,0,0
BRDA:357,66,1,0
BRDA:362,67,0,0
BRDA:362,67,1,0
BRDA:416,68,0,0
BRDA:416,68,1,0
BRDA:424,69,0,0
BRDA:424,69,1,0
BRDA:435,70,0,0
BRDA:435,70,1,0
BRDA:448,71,0,0
BRDA:448,71,1,0
BRDA:450,72,0,0
BRDA:450,72,1,0
BRDA:453,73,0,0
BRDA:453,73,1,0
BRDA:454,74,0,0
BRDA:454,74,1,0
BRDA:457,75,0,0
BRDA:457,75,1,0
BRDA:463,76,0,0
BRDA:463,76,1,0
BRDA:464,77,0,0
BRDA:464,77,1,0
BRDA:465,78,0,0
BRDA:465,78,1,0
BRDA:466,79,0,0
BRDA:466,79,1,0
BRDA:479,80,0,0
BRDA:479,80,1,0
BRDA:480,81,0,0
BRDA:480,81,1,0
BRDA:481,82,0,0
BRDA:481,82,1,0
BRDA:482,83,0,0
BRDA:482,83,1,0
BRDA:483,84,0,0
BRDA:483,84,1,0
BRDA:484,85,0,0
BRDA:484,85,1,0
BRDA:490,86,0,0
BRDA:490,86,1,0
BRDA:491,87,0,0
BRDA:491,87,1,0
BRDA:495,88,0,0
BRDA:495,88,1,0
BRDA:498,89,0,0
BRDA:498,89,1,0
BRDA:499,90,0,0
BRDA:499,90,1,0
BRDA:502,91,0,0
BRDA:502,91,1,0
BRDA:502,92,0,0
BRDA:502,92,1,0
BRDA:511,93,0,0
BRDA:511,93,1,0
BRDA:518,94,0,0
BRDA:518,94,1,0
BRDA:519,95,0,0
BRDA:519,95,1,0
BRDA:526,96,0,0
BRDA:526,96,1,0
BRDA:539,97,0,0
BRDA:539,97,1,0
BRDA:554,98,0,0
BRDA:554,98,1,0
BRDA:556,99,0,0
BRDA:556,99,1,0
BRDA:562,100,0,0
BRDA:562,100,1,0
BRDA:563,101,0,0
BRDA:563,101,1,0
BRDA:564,102,0,0
BRDA:564,102,1,0
BRDA:565,103,0,0
BRDA:565,103,1,0
BRDA:570,104,0,0
BRDA:570,104,1,0
BRDA:571,105,0,0
BRDA:571,105,1,0
BRDA:573,106,0,0
BRDA:573,106,1,0
BRDA:573,107,0,0
BRDA:573,107,1,0
BRDA:589,108,0,0
BRDA:589,108,1,0
BRDA:591,109,0,0
BRDA:591,109,1,0
BRDA:592,110,0,0
BRDA:592,110,1,0
BRDA:597,111,0,0
BRDA:597,111,1,0
BRDA:598,112,0,0
BRDA:598,112,1,0
BRDA:602,113,0,0
BRDA:602,113,1,0
BRDA:603,114,0,0
BRDA:603,114,1,0
BRDA:603,115,0,0
BRDA:603,115,1,0
BRDA:604,116,0,0
BRDA:604,116,1,0
BRDA:604,117,0,0
BRDA:604,117,1,0
BRDA:607,118,0,0
BRDA:607,118,1,0
BRDA:632,119,0,0
BRDA:632,119,1,0
BRDA:635,120,0,0
BRDA:635,120,1,0
BRDA:657,121,0,0
BRDA:657,121,1,0
BRDA:659,122,0,0
BRDA:659,122,1,0
BRDA:665,123,0,0
BRDA:665,123,1,0
BRDA:667,124,0,0
BRDA:667,124,1,0
BRDA:674,125,0,0
BRDA:674,125,1,0
BRDA:693,126,0,0
BRDA:693,126,1,0
BRDA:702,127,0,0
BRDA:702,127,1,0
BRDA:718,128,0,0
BRDA:718,128,1,0
BRDA:744,129,0,0
BRDA:744,129,1,0
BRDA:745,130,0,0
BRDA:745,130,1,0
BRDA:756,131,0,0
BRDA:756,131,1,0
BRDA:757,132,0,0
BRDA:757,132,1,0
BRDA:760,133,0,0
BRDA:760,133,1,0
BRDA:766,134,0,0
BRDA:766,134,1,0
BRDA:768,135,0,0
BRDA:768,135,1,0
BRDA:778,136,0,0
BRDA:778,136,1,0
BRDA:781,137,0,0
BRDA:781,137,1,0
BRDA:785,138,0,0
BRDA:785,138,1,0
BRDA:789,139,0,0
BRDA:789,139,1,0
BRDA:811,140,0,0
BRDA:811,140,1,0
BRDA:829,141,0,0
BRDA:829,141,1,0
BRDA:836,142,0,0
BRDA:836,142,1,0
BRDA:838,143,0,0
BRDA:838,143,1,0
BRDA:874,144,0,0
BRDA:874,144,1,0
BRDA:882,145,0,0
BRDA:882,145,1,0
BRDA:901,146,0,0
BRDA:901,146,1,0
BRDA:906,147,0,0
BRDA:906,147,1,0
BRDA:911,148,0,0
BRDA:911,148,1,0
BRDA:915,149,0,0
BRDA:915,149,1,0
BRDA:915,150,0,0
BRDA:915,150,1,0
BRDA:921,151,0,0
BRDA:921,151,1,0
BRDA:929,152,0,0
BRDA:929,152,1,0
BRDA:930,153,0,0
BRDA:930,153,1,0
BRDA:935,154,0,0
BRDA:935,154,1,0
BRDA:936,155,0,0
BRDA:936,155,1,0
BRDA:946,156,0,0
BRDA:946,156,1,0
BRDA:946,156,2,0
BRDA:948,157,0,0
BRDA:948,157,1,0
BRDA:949,158,0,0
BRDA:949,158,1,0
BRDA:952,159,0,0
BRDA:952,159,1,0
BRDA:957,160,0,0
BRDA:957,160,1,0
BRDA:962,161,0,0
BRDA:962,161,1,0
BRDA:967,162,0,0
BRDA:967,162,1,0
BRDA:969,163,0,0
BRDA:969,163,1,0
BRDA:972,164,0,0
BRDA:972,164,1,0
BRDA:985,165,0,0
BRDA:985,165,1,0
BRDA:990,166,0,0
BRDA:990,166,1,0
BRDA:996,167,0,0
BRDA:996,167,1,0
BRDA:997,168,0,0
BRDA:997,168,1,0
BRDA:998,169,0,0
BRDA:998,169,1,0
BRDA:1031,170,0,0
BRDA:1031,170,1,0
BRDA:1081,171,0,0
BRDA:1081,171,1,0
BRDA:1083,172,0,0
BRDA:1083,172,1,0
BRDA:1089,173,0,0
BRDA:1089,173,1,0
BRDA:1091,174,0,0
BRDA:1091,174,1,0
BRDA:1094,175,0,0
BRDA:1094,175,1,0
BRDA:1109,176,0,0
BRDA:1109,176,1,0
BRDA:1128,177,0,0
BRDA:1128,177,1,0
BRDA:1130,178,0,0
BRDA:1130,178,1,0
BRDA:1130,178,2,0
BRDA:1131,179,0,0
BRDA:1131,179,1,0
BRDA:1133,180,0,0
BRDA:1133,180,1,0
BRDA:1138,181,0,0
BRDA:1138,181,1,0
BRDA:1150,182,0,0
BRDA:1150,182,1,0
BRDA:1153,183,0,0
BRDA:1153,183,1,0
BRDA:1164,184,0,0
BRDA:1164,184,1,0
BRDA:1166,185,0,0
BRDA:1166,185,1,0
BRDA:1172,186,0,0
BRDA:1172,186,1,0
BRDA:1174,187,0,0
BRDA:1174,187,1,0
BRDA:1179,188,0,0
BRDA:1179,188,1,0
BRDA:1183,189,0,0
BRDA:1183,189,1,0
BRDA:1198,190,0,0
BRDA:1198,190,1,0
BRDA:1198,191,0,0
BRDA:1198,191,1,0
BRDA:1198,191,2,0
BRDA:1201,192,0,0
BRDA:1201,192,1,0
BRDA:1204,193,0,0
BRDA:1204,193,1,0
BRDA:1210,194,0,0
BRDA:1210,194,1,0
BRDA:1222,195,0,0
BRDA:1222,195,1,0
BRDA:1224,196,0,0
BRDA:1224,196,1,0
BRDA:1236,197,0,0
BRDA:1236,197,1,0
BRDA:1253,198,0,0
BRDA:1253,198,1,0
BRDA:1253,199,0,0
BRDA:1253,199,1,0
BRDA:1256,200,0,0
BRDA:1256,200,1,0
BRDA:1256,201,0,0
BRDA:1256,201,1,0
BRDA:1259,202,0,0
BRDA:1259,202,1,0
BRDA:1259,203,0,0
BRDA:1259,203,1,0
BRDA:1262,204,0,0
BRDA:1262,204,1,0
BRDA:1262,205,0,0
BRDA:1262,205,1,0
BRDA:1265,206,0,0
BRDA:1265,206,1,0
BRDA:1265,207,0,0
BRDA:1265,207,1,0
BRDA:1265,207,2,0
BRDA:1270,208,0,0
BRDA:1270,208,1,0
BRDA:1271,209,0,0
BRDA:1271,209,1,0
BRDA:1271,210,0,0
BRDA:1271,210,1,0
BRDA:1271,210,2,0
BRDA:1276,211,0,0
BRDA:1276,211,1,0
BRDA:1276,212,0,0
BRDA:1276,212,1,0
BRDA:1279,213,0,0
BRDA:1279,213,1,0
BRDA:1279,214,0,0
BRDA:1279,214,1,0
BRDA:1282,215,0,0
BRDA:1282,215,1,0
BRDA:1282,216,0,0
BRDA:1282,216,1,0
BRDA:1285,217,0,0
BRDA:1285,217,1,0
BRDA:1285,218,0,0
BRDA:1285,218,1,0
BRDA:1288,219,0,0
BRDA:1288,219,1,0
BRDA:1288,220,0,0
BRDA:1288,220,1,0
BRDA:1299,221,0,0
BRDA:1299,221,1,0
BRDA:1301,222,0,0
BRDA:1301,222,1,0
BRDA:1306,223,0,0
BRDA:1306,223,1,0
BRDA:1307,224,0,0
BRDA:1307,224,1,0
BRDA:1309,225,0,0
BRDA:1309,225,1,0
BRDA:1311,226,0,0
BRDA:1311,226,1,0
BRDA:1311,227,0,0
BRDA:1311,227,1,0
BRDA:1321,228,0,0
BRDA:1321,228,1,0
BRDA:1322,229,0,0
BRDA:1322,229,1,0
BRDA:1326,230,0,0
BRDA:1326,230,1,0
BRDA:1328,231,0,0
BRDA:1328,231,1,0
BRDA:1336,232,0,0
BRDA:1336,232,1,0
BRDA:1337,233,0,0
BRDA:1337,233,1,0
BRDA:1370,234,0,0
BRDA:1370,234,1,0
BRDA:1384,235,0,0
BRDA:1384,235,1,0
BRDA:1386,236,0,0
BRDA:1386,236,1,0
BRDA:1387,237,0,0
BRDA:1387,237,1,0
BRDA:1404,238,0,0
BRDA:1404,238,1,0
BRDA:1414,239,0,0
BRDA:1414,239,1,0
BRDA:1430,240,0,0
BRDA:1430,240,1,0
BRDA:1439,241,0,0
BRDA:1439,241,1,0
BRDA:1441,242,0,0
BRDA:1441,242,1,0
BRDA:1447,243,0,0
BRDA:1447,243,1,0
BRDA:1453,244,0,0
BRDA:1453,244,1,0
BRDA:1458,245,0,0
BRDA:1458,245,1,0
BRDA:1458,246,0,0
BRDA:1458,246,1,0
BRDA:1461,247,0,0
BRDA:1461,247,1,0
BRDA:1469,248,0,0
BRDA:1469,248,1,0
BRDA:1469,249,0,0
BRDA:1469,249,1,0
BRDA:1475,250,0,0
BRDA:1475,250,1,0
BRDA:1479,251,0,0
BRDA:1479,251,1,0
BRDA:1479,252,0,0
BRDA:1479,252,1,0
BRDA:1505,253,0,0
BRDA:1505,253,1,0
BRDA:1511,254,0,0
BRDA:1511,254,1,0
BRDA:1516,255,0,0
BRDA:1516,255,1,0
BRDA:1524,256,0,0
BRDA:1524,256,1,0
BRDA:1526,257,0,0
BRDA:1526,257,1,0
BRDA:1527,258,0,0
BRDA:1527,258,1,0
BRDA:1545,259,0,0
BRDA:1545,259,1,0
BRDA:1554,260,0,0
BRDA:1554,260,1,0
BRF:528
BRH:0
end_of_record
